<?xml version="1.0" encoding="UTF-8"?>
<robot generator="Robot 7.4.1 (Python 3.14.2 on win32)" generated="2026-04-28T12:24:51.976001" rpa="false" schemaversion="5">
<suite id="s1" name="DeleteShiftTest" source="D:\Apps\Automation\BEEWAY\tests\DeleteShiftTest.robot">
<test id="s1-t1" name="TC1 - Delete Custom shift in Ans roster for obs role" line="14">
<kw name="Open Browser To Application" owner="BrowserKeywords" type="SETUP">
<kw name="Open Browser" owner="SeleniumLibrary">
<msg time="2026-04-28T12:24:52.754445" level="INFO">Opening browser 'chrome' to base url 'https://test.bijib.in'.</msg>
<arg>${URL}</arg>
<arg>${BROWSER}</arg>
<doc>Opens a new browser instance to the optional ``url``.</doc>
<status status="PASS" start="2026-04-28T12:24:52.754071" elapsed="6.139458"/>
</kw>
<kw name="Maximize Browser Window" owner="SeleniumLibrary">
<doc>Maximizes current browser window.</doc>
<status status="PASS" start="2026-04-28T12:24:58.894142" elapsed="0.058038"/>
</kw>
<kw name="Set Selenium Speed" owner="SeleniumLibrary">
<arg>0s</arg>
<doc>Sets the delay that is waited after each Selenium command.</doc>
<status status="PASS" start="2026-04-28T12:24:58.952683" elapsed="0.000479"/>
</kw>
<status status="PASS" start="2026-04-28T12:24:52.752561" elapsed="6.200812"/>
</kw>
<kw name="Delete Shift Test">
<kw name="Get Day From Date" owner="DateKeywords">
<kw name="Convert Date" owner="DateTime">
<msg time="2026-04-28T12:24:58.968487" level="INFO">${day} = 05</msg>
<var>${day}</var>
<arg>${date}</arg>
<arg>result_format=%d</arg>
<doc>Converts between supported `date formats`.</doc>
<status status="PASS" start="2026-04-28T12:24:58.957558" elapsed="0.011181"/>
</kw>
<return>
<value>${day}</value>
<status status="PASS" start="2026-04-28T12:24:58.969090" elapsed="0.000318"/>
</return>
<msg time="2026-04-28T12:24:58.970705" level="INFO">${DATE} = 05</msg>
<var>${DATE}</var>
<arg>${SHIFT_DATE_CONSTANT}</arg>
<status status="PASS" start="2026-04-28T12:24:58.956855" elapsed="0.014063"/>
</kw>
<kw name="Get Month From Date" owner="DateKeywords">
<if>
<branch type="IF" condition="'${format}' == 'short'">
<kw name="Convert Date" owner="DateTime">
<msg time="2026-04-28T12:24:58.977922" level="INFO">${month} = May</msg>
<var>${month}</var>
<arg>${date}</arg>
<arg>result_format=%b</arg>
<doc>Converts between supported `date formats`.</doc>
<status status="PASS" start="2026-04-28T12:24:58.977017" elapsed="0.000989"/>
</kw>
<status status="PASS" start="2026-04-28T12:24:58.976060" elapsed="0.002078"/>
</branch>
<branch type="ELSE IF" condition="'${format}' == 'full'">
<kw name="Convert Date" owner="DateTime">
<var>${month}</var>
<arg>${date}</arg>
<arg>result_format=%B</arg>
<doc>Converts between supported `date formats`.</doc>
<status status="NOT RUN" start="2026-04-28T12:24:58.978547" elapsed="0.000096"/>
</kw>
<status status="NOT RUN" start="2026-04-28T12:24:58.978238" elapsed="0.000559"/>
</branch>
<branch type="ELSE IF" condition="'${format}' == 'number'">
<kw name="Convert Date" owner="DateTime">
<var>${month}</var>
<arg>${date}</arg>
<arg>result_format=%m</arg>
<doc>Converts between supported `date formats`.</doc>
<status status="NOT RUN" start="2026-04-28T12:24:58.979353" elapsed="0.000135"/>
</kw>
<status status="NOT RUN" start="2026-04-28T12:24:58.978923" elapsed="0.000812"/>
</branch>
<branch type="ELSE">
<kw name="Fail" owner="BuiltIn">
<arg>Invalid format: ${format}</arg>
<doc>Fails the test with the given message and optionally alters its tags.</doc>
<status status="NOT RUN" start="2026-04-28T12:24:58.980546" elapsed="0.000064"/>
</kw>
<status status="NOT RUN" start="2026-04-28T12:24:58.979946" elapsed="0.000741"/>
</branch>
<status status="PASS" start="2026-04-28T12:24:58.975959" elapsed="0.004792"/>
</if>
<if>
<branch type="IF" condition="${uppercase}">
<kw name="Convert To Upper Case" owner="String">
<msg time="2026-04-28T12:24:58.982510" level="INFO">${month} = MAY</msg>
<var>${month}</var>
<arg>${month}</arg>
<doc>Converts string to upper case.</doc>
<status status="PASS" start="2026-04-28T12:24:58.981895" elapsed="0.000717"/>
</kw>
<status status="PASS" start="2026-04-28T12:24:58.980881" elapsed="0.001911"/>
</branch>
<status status="PASS" start="2026-04-28T12:24:58.980846" elapsed="0.002075"/>
</if>
<return>
<value>${month}</value>
<status status="PASS" start="2026-04-28T12:24:58.983050" elapsed="0.000131"/>
</return>
<msg time="2026-04-28T12:24:58.984366" level="INFO">${MONTH} = MAY</msg>
<var>${MONTH}</var>
<arg>${SHIFT_DATE_CONSTANT}</arg>
<arg>short</arg>
<arg>True</arg>
<status status="PASS" start="2026-04-28T12:24:58.974269" elapsed="0.010283"/>
</kw>
<kw name="Get Year From Date" owner="DateKeywords">
<kw name="Convert Date" owner="DateTime">
<msg time="2026-04-28T12:24:58.991026" level="INFO">${year} = 2026</msg>
<var>${year}</var>
<arg>${date}</arg>
<arg>result_format=%Y</arg>
<doc>Converts between supported `date formats`.</doc>
<status status="PASS" start="2026-04-28T12:24:58.987686" elapsed="0.003471"/>
</kw>
<return>
<value>${year}</value>
<status status="PASS" start="2026-04-28T12:24:58.991321" elapsed="0.000084"/>
</return>
<msg time="2026-04-28T12:24:58.991853" level="INFO">${YEAR} = 2026</msg>
<var>${YEAR}</var>
<arg>${SHIFT_DATE_CONSTANT}</arg>
<status status="PASS" start="2026-04-28T12:24:58.985678" elapsed="0.006292"/>
</kw>
<kw name="Delete Shift in Beeway" owner="DeleteShiftPage">
<kw name="Login and Goto Dashboard" owner="Login">
<kw name="Wait Until Page Contains" owner="SeleniumLibrary">
<arg>${LOGIN_PAGE_TITLE}</arg>
<arg>${TIMEOUT}</arg>
<doc>Waits until ``text`` appears on the current page.</doc>
<status status="PASS" start="2026-04-28T12:24:58.994329" elapsed="0.031647"/>
</kw>
<kw name="Log To Console" owner="BuiltIn">
<arg>Login Page Loaded Successfully</arg>
<doc>Logs the given message to the console.</doc>
<status status="PASS" start="2026-04-28T12:24:59.026354" elapsed="0.000604"/>
</kw>
<kw name="Textfield With Placeholder" owner="TextFields">
<kw name="Set Variable" owner="BuiltIn">
<msg time="2026-04-28T12:24:59.029473" level="INFO">${INPUT_PATH} = xpath=(//input[@placeholder="Enter Username"])[1]</msg>
<var>${INPUT_PATH}</var>
<arg>xpath=(//input[@placeholder="${PLACEHOLDER}"])[${INDEX}]</arg>
<doc>Returns the given values which can then be assigned to a variables.</doc>
<status status="PASS" start="2026-04-28T12:24:59.028273" elapsed="0.001268"/>
</kw>
<kw name="Wait Until Element Is Visible" owner="SeleniumLibrary">
<arg>${INPUT_PATH}</arg>
<arg>${TIMEOUT}</arg>
<doc>Waits until the element ``locator`` is visible.</doc>
<status status="PASS" start="2026-04-28T12:24:59.029846" elapsed="0.042472"/>
</kw>
<kw name="Clear Element Text" owner="SeleniumLibrary">
<arg>${INPUT_PATH}</arg>
<doc>Clears the value of the text-input-element identified by ``locator``.</doc>
<status status="PASS" start="2026-04-28T12:24:59.072999" elapsed="0.060561"/>
</kw>
<kw name="Input Text" owner="SeleniumLibrary">
<msg time="2026-04-28T12:24:59.134529" level="INFO">Typing text 'rgarikapati' into text field 'xpath=(//input[@placeholder="Enter Username"])[1]'.</msg>
<arg>${INPUT_PATH}</arg>
<arg>${VALUE}</arg>
<doc>Types the given ``text`` into the text field identified by ``locator``.</doc>
<status status="PASS" start="2026-04-28T12:24:59.134086" elapsed="0.152688"/>
</kw>
<kw name="Log To Console" owner="BuiltIn">
<arg>Textfield with placeholder ${PLACEHOLDER} filled with value ${VALUE}</arg>
<doc>Logs the given message to the console.</doc>
<status status="PASS" start="2026-04-28T12:24:59.287340" elapsed="0.000780"/>
</kw>
<arg>Enter Username</arg>
<arg>${USERNAME}</arg>
<status status="PASS" start="2026-04-28T12:24:59.027383" elapsed="0.260989"/>
</kw>
<kw name="Textfield With Placeholder" owner="TextFields">
<kw name="Set Variable" owner="BuiltIn">
<msg time="2026-04-28T12:24:59.290035" level="INFO">${INPUT_PATH} = xpath=(//input[@placeholder="Enter Password"])[1]</msg>
<var>${INPUT_PATH}</var>
<arg>xpath=(//input[@placeholder="${PLACEHOLDER}"])[${INDEX}]</arg>
<doc>Returns the given values which can then be assigned to a variables.</doc>
<status status="PASS" start="2026-04-28T12:24:59.289488" elapsed="0.000601"/>
</kw>
<kw name="Wait Until Element Is Visible" owner="SeleniumLibrary">
<arg>${INPUT_PATH}</arg>
<arg>${TIMEOUT}</arg>
<doc>Waits until the element ``locator`` is visible.</doc>
<status status="PASS" start="2026-04-28T12:24:59.290366" elapsed="0.025480"/>
</kw>
<kw name="Clear Element Text" owner="SeleniumLibrary">
<arg>${INPUT_PATH}</arg>
<doc>Clears the value of the text-input-element identified by ``locator``.</doc>
<status status="PASS" start="2026-04-28T12:24:59.316366" elapsed="0.035277"/>
</kw>
<kw name="Input Text" owner="SeleniumLibrary">
<msg time="2026-04-28T12:24:59.352277" level="INFO">Typing text 'E7q_35&amp;ZR]5D*iRZ' into text field 'xpath=(//input[@placeholder="Enter Password"])[1]'.</msg>
<arg>${INPUT_PATH}</arg>
<arg>${VALUE}</arg>
<doc>Types the given ``text`` into the text field identified by ``locator``.</doc>
<status status="PASS" start="2026-04-28T12:24:59.351931" elapsed="0.250561"/>
</kw>
<kw name="Log To Console" owner="BuiltIn">
<arg>Textfield with placeholder ${PLACEHOLDER} filled with value ${VALUE}</arg>
<doc>Logs the given message to the console.</doc>
<status status="PASS" start="2026-04-28T12:24:59.602807" elapsed="0.000714"/>
</kw>
<arg>Enter Password</arg>
<arg>${PASSWORD}</arg>
<status status="PASS" start="2026-04-28T12:24:59.288793" elapsed="0.314985"/>
</kw>
<kw name="Button Click" owner="Buttons">
<kw name="Set Variable" owner="BuiltIn">
<msg time="2026-04-28T12:24:59.606020" level="INFO">${BASE_PATH} = //button[normalize-space()="Login"]</msg>
<var>${BASE_PATH}</var>
<arg>//button[normalize-space()="${LABEL}"]</arg>
<doc>Returns the given values which can then be assigned to a variables.</doc>
<status status="PASS" start="2026-04-28T12:24:59.605171" elapsed="0.000945"/>
</kw>
<kw name="Set Variable" owner="BuiltIn">
<msg time="2026-04-28T12:24:59.607329" level="INFO">${BUTTON_PATH} = xpath=(//button[normalize-space()="Login"])[1]</msg>
<var>${BUTTON_PATH}</var>
<arg>xpath=(${BASE_PATH})[${INDEX}]</arg>
<doc>Returns the given values which can then be assigned to a variables.</doc>
<status status="PASS" start="2026-04-28T12:24:59.606532" elapsed="0.000886"/>
</kw>
<kw name="Wait Until Element Is Visible" owner="SeleniumLibrary">
<arg>${BUTTON_PATH}</arg>
<arg>${TIMEOUT}</arg>
<doc>Waits until the element ``locator`` is visible.</doc>
<status status="PASS" start="2026-04-28T12:24:59.607818" elapsed="0.030847"/>
</kw>
<kw name="Click Button" owner="SeleniumLibrary">
<msg time="2026-04-28T12:24:59.639316" level="INFO">Clicking button 'xpath=(//button[normalize-space()="Login"])[1]'.</msg>
<arg>${BUTTON_PATH}</arg>
<doc>Clicks the button identified by ``locator``.</doc>
<status status="PASS" start="2026-04-28T12:24:59.638985" elapsed="0.095533"/>
</kw>
<kw name="Log To Console" owner="BuiltIn">
<arg>Clicked button with label ${LABEL}</arg>
<doc>Logs the given message to the console.</doc>
<status status="PASS" start="2026-04-28T12:24:59.735168" elapsed="0.001062"/>
</kw>
<arg>Login</arg>
<status status="PASS" start="2026-04-28T12:24:59.604325" elapsed="0.132163"/>
</kw>
<kw name="Wait Until Location Is" owner="SeleniumLibrary">
<arg>${DASHBOARD_URL}</arg>
<arg>${TIMEOUT}</arg>
<doc>Waits until the current URL is ``expected``.</doc>
<status status="PASS" start="2026-04-28T12:24:59.736892" elapsed="2.100435"/>
</kw>
<kw name="Log To Console" owner="BuiltIn">
<arg>Navigated to Dashboard Successfully</arg>
<doc>Logs the given message to the console.</doc>
<status status="PASS" start="2026-04-28T12:25:01.837741" elapsed="0.000721"/>
</kw>
<arg>rgarikapati</arg>
<arg>E7q_35&amp;ZR]5D*iRZ</arg>
<status status="PASS" start="2026-04-28T12:24:58.993844" elapsed="2.844877"/>
</kw>
<kw name="Wait For Page Loader To Disappear" owner="PageSelect">
<kw name="Wait Until Element Is Not Visible" owner="SeleniumLibrary">
<arg>xpath=//div[contains(@class,'loader-wrapper')]</arg>
<arg>${TIMEOUT_LONG}</arg>
<doc>Waits until the element ``locator`` is not visible.</doc>
<status status="PASS" start="2026-04-28T12:25:01.840053" elapsed="8.535923"/>
</kw>
<status status="PASS" start="2026-04-28T12:25:01.839235" elapsed="8.536979"/>
</kw>
<kw name="Goto Service" owner="Service">
<kw name="Location Should Be" owner="SeleniumLibrary">
<msg time="2026-04-28T12:25:10.390296" level="INFO">Current location is 'https://test.bijib.in/#/layout/dashboard'.</msg>
<arg>${DASHBOARD_URL}</arg>
<doc>Verifies that the current URL is exactly ``url``.</doc>
<status status="PASS" start="2026-04-28T12:25:10.377725" elapsed="0.012800"/>
</kw>
<kw name="Log To Console" owner="BuiltIn">
<arg>Navigated to Dashboard</arg>
<doc>Logs the given message to the console.</doc>
<status status="PASS" start="2026-04-28T12:25:10.391035" elapsed="0.000945"/>
</kw>
<kw name="Click Element With Path" owner="Buttons">
<kw name="Set Variable" owner="BuiltIn">
<msg time="2026-04-28T12:25:10.394355" level="INFO">${ELEMENT_PATH} = xpath=(//li[@title="BeeWay"]/div[normalize-space()="BeeWay"])[1]</msg>
<var>${ELEMENT_PATH}</var>
<arg>xpath=(${PATH})[${INDEX}]</arg>
<doc>Returns the given values which can then be assigned to a variables.</doc>
<status status="PASS" start="2026-04-28T12:25:10.393464" elapsed="0.000966"/>
</kw>
<kw name="Wait Until Element Is Visible" owner="SeleniumLibrary">
<arg>${ELEMENT_PATH}</arg>
<arg>${TIMEOUT}</arg>
<doc>Waits until the element ``locator`` is visible.</doc>
<status status="PASS" start="2026-04-28T12:25:10.394751" elapsed="0.038479"/>
</kw>
<kw name="Click Element" owner="SeleniumLibrary">
<msg time="2026-04-28T12:25:10.434297" level="INFO">Clicking element 'xpath=(//li[@title="BeeWay"]/div[normalize-space()="BeeWay"])[1]'.</msg>
<arg>${ELEMENT_PATH}</arg>
<doc>Click the element identified by ``locator``.</doc>
<status status="PASS" start="2026-04-28T12:25:10.433729" elapsed="0.114881"/>
</kw>
<kw name="Log To Console" owner="BuiltIn">
<arg>Clicked element with path ${PATH}</arg>
<doc>Logs the given message to the console.</doc>
<status status="PASS" start="2026-04-28T12:25:10.549248" elapsed="0.001308"/>
</kw>
<arg>//li[@title="${SERVICE_NAME}"]/div[normalize-space()="${SERVICE_NAME}"]</arg>
<status status="PASS" start="2026-04-28T12:25:10.392677" elapsed="0.158198"/>
</kw>
<if>
<branch type="IF" condition="${HOSPITAL_NAME} != &quot;&quot;">
<kw name="Set Variable" owner="BuiltIn">
<var>${SUBMENU_PATH}</var>
<arg>//div[contains(@class,"submenu dsktp-vw-dsply")]/span[normalize-space()="${SERVICE_NAME}"]</arg>
<doc>Returns the given values which can then be assigned to a variables.</doc>
<status status="NOT RUN" start="2026-04-28T12:25:10.552049" elapsed="0.000084"/>
</kw>
<kw name="Set Variable" owner="BuiltIn">
<var>${HOSPITAL_PATH}</var>
<arg>${SUBMENU_PATH}/following-sibling::ul//li[normalize-space()="${HOSPITAL_NAME}"]</arg>
<doc>Returns the given values which can then be assigned to a variables.</doc>
<status status="NOT RUN" start="2026-04-28T12:25:10.552398" elapsed="0.000055"/>
</kw>
<kw name="Click Element With Path" owner="Buttons">
<arg>${HOSPITAL_PATH}</arg>
<status status="NOT RUN" start="2026-04-28T12:25:10.552800" elapsed="0.000065"/>
</kw>
<status status="NOT RUN" start="2026-04-28T12:25:10.551229" elapsed="0.001712"/>
</branch>
<status status="PASS" start="2026-04-28T12:25:10.551126" elapsed="0.001892"/>
</if>
<kw name="Wait Until Location Is" owner="SeleniumLibrary">
<arg>${BEEWAY_URL}</arg>
<arg>${TIMEOUT_LONG}</arg>
<doc>Waits until the current URL is ``expected``.</doc>
<status status="PASS" start="2026-04-28T12:25:10.553267" elapsed="4.009696"/>
</kw>
<kw name="Log To Console" owner="BuiltIn">
<arg>Navigated to ${SERVICE_NAME} Service</arg>
<doc>Logs the given message to the console.</doc>
<status status="PASS" start="2026-04-28T12:25:14.563492" elapsed="0.012192"/>
</kw>
<arg>BeeWay</arg>
<status status="PASS" start="2026-04-28T12:25:10.376841" elapsed="4.199161"/>
</kw>
<kw name="Wait For Page Loader To Disappear" owner="PageSelect">
<kw name="Wait Until Element Is Not Visible" owner="SeleniumLibrary">
<arg>xpath=//div[contains(@class,'loader-wrapper')]</arg>
<arg>${TIMEOUT_LONG}</arg>
<doc>Waits until the element ``locator`` is not visible.</doc>
<status status="PASS" start="2026-04-28T12:25:14.577534" elapsed="0.982835"/>
</kw>
<status status="PASS" start="2026-04-28T12:25:14.576524" elapsed="0.984024"/>
</kw>
<kw name="Select Hospital" owner="BeewayDashboardPage">
<kw name="Click Element" owner="SeleniumLibrary">
<msg time="2026-04-28T12:25:15.561832" level="INFO">Clicking element 'xpath=//li[contains(@class,'cus-select-dropdown')]'.</msg>
<arg>xpath=//li[contains(@class,'cus-select-dropdown')]</arg>
<doc>Click the element identified by ``locator``.</doc>
<status status="PASS" start="2026-04-28T12:25:15.561580" elapsed="0.118277"/>
</kw>
<kw name="Run Keyword And Return Status" owner="BuiltIn">
<kw name="Wait Until Element Is Visible" owner="SeleniumLibrary">
<arg>xpath=//ul[contains(@class,'dropdown-list') and contains(@class,'shown')]</arg>
<arg>${TIMEOUT_LONG}</arg>
<doc>Waits until the element ``locator`` is visible.</doc>
<status status="PASS" start="2026-04-28T12:25:15.680819" elapsed="0.369664"/>
</kw>
<msg time="2026-04-28T12:25:16.050855" level="INFO">${DROPDOWN_VISIBLE} = True</msg>
<var>${DROPDOWN_VISIBLE}</var>
<arg>Wait Until Element Is Visible</arg>
<arg>xpath=//ul[contains(@class,'dropdown-list') and contains(@class,'shown')]</arg>
<arg>${TIMEOUT_LONG}</arg>
<doc>Runs the specified keyword and returns the status as a Boolean value.</doc>
<status status="PASS" start="2026-04-28T12:25:15.680189" elapsed="0.370760"/>
</kw>
<if>
<branch type="IF" condition="${DROPDOWN_VISIBLE}">
<kw name="Wait Until Element Is Visible" owner="SeleniumLibrary">
<arg>xpath=//ul[contains(@class,'dropdown-list') and contains(@class,'shown')]//li[contains(normalize-space(), '${HOSPITAL_NAME}')]</arg>
<arg>${TIMEOUT_LONG}</arg>
<doc>Waits until the element ``locator`` is visible.</doc>
<status status="PASS" start="2026-04-28T12:25:16.051768" elapsed="0.057493"/>
</kw>
<kw name="Click Element" owner="SeleniumLibrary">
<msg time="2026-04-28T12:25:16.111561" level="INFO">Clicking element 'xpath=//ul[contains(@class,'dropdown-list') and contains(@class,'shown')]//li[contains(normalize-space(), 'Prince of Wales Private Hospital')]'.</msg>
<arg>xpath=//ul[contains(@class,'dropdown-list') and contains(@class,'shown')]//li[contains(normalize-space(), '${HOSPITAL_NAME}')]</arg>
<doc>Click the element identified by ``locator``.</doc>
<status status="PASS" start="2026-04-28T12:25:16.110790" elapsed="0.143776"/>
</kw>
<kw name="Log To Console" owner="BuiltIn">
<arg>✅ Hospital selected: ${HOSPITAL_NAME}</arg>
<doc>Logs the given message to the console.</doc>
<status status="PASS" start="2026-04-28T12:25:16.254860" elapsed="0.000615"/>
</kw>
<status status="PASS" start="2026-04-28T12:25:16.051242" elapsed="0.204329"/>
</branch>
<branch type="ELSE">
<kw name="Get Text" owner="SeleniumLibrary">
<var>${DEFAULT_HOSPITAL}</var>
<arg>xpath=//li[contains(@class,'cus-select-dropdown')]//div[contains(@class,'b-p-2')]//div[1]</arg>
<doc>Returns the text value of the element identified by ``locator``.</doc>
<status status="NOT RUN" start="2026-04-28T12:25:16.255987" elapsed="0.000055"/>
</kw>
<kw name="Should Be Equal" owner="BuiltIn">
<arg>${DEFAULT_HOSPITAL}</arg>
<arg>${HOSPITAL_NAME}</arg>
<doc>Fails if the given objects are unequal.</doc>
<status status="NOT RUN" start="2026-04-28T12:25:16.256271" elapsed="0.000047"/>
</kw>
<kw name="Log To Console" owner="BuiltIn">
<arg>✅ Default hospital verified: ${DEFAULT_HOSPITAL}</arg>
<doc>Logs the given message to the console.</doc>
<status status="NOT RUN" start="2026-04-28T12:25:16.256530" elapsed="0.000044"/>
</kw>
<status status="NOT RUN" start="2026-04-28T12:25:16.255689" elapsed="0.000968"/>
</branch>
<status status="PASS" start="2026-04-28T12:25:16.051176" elapsed="0.205546"/>
</if>
<arg>${HOSPITAL_NAME}</arg>
<status status="PASS" start="2026-04-28T12:25:15.560981" elapsed="0.695833"/>
</kw>
<kw name="Sleep" owner="BuiltIn">
<msg time="2026-04-28T12:25:18.258351" level="INFO">Slept 2 seconds.</msg>
<arg>2s</arg>
<doc>Pauses the test executed for the given time.</doc>
<status status="PASS" start="2026-04-28T12:25:16.257010" elapsed="2.001552"/>
</kw>
<kw name="Sub Service selection" owner="BeewayDashboardPage">
<kw name="Wait Until Element Is Visible" owner="SeleniumLibrary">
<arg>xpath=//li[normalize-space()="${SUBSERVICE_NAME}"][1]</arg>
<arg>${TIMEOUT_LONG}</arg>
<doc>Waits until the element ``locator`` is visible.</doc>
<status status="PASS" start="2026-04-28T12:25:18.259600" elapsed="0.028392"/>
</kw>
<kw name="Click Element" owner="SeleniumLibrary">
<msg time="2026-04-28T12:25:18.288679" level="INFO">Clicking element 'xpath=//li[normalize-space()="Ans Roster"][1]'.</msg>
<arg>xpath=//li[normalize-space()="${SUBSERVICE_NAME}"][1]</arg>
<doc>Click the element identified by ``locator``.</doc>
<status status="PASS" start="2026-04-28T12:25:18.288319" elapsed="0.701508"/>
</kw>
<kw name="Log To Console" owner="BuiltIn">
<arg>✅ Sub-service selected: ${SUBSERVICE_NAME}</arg>
<doc>Logs the given message to the console.</doc>
<status status="PASS" start="2026-04-28T12:25:18.990117" elapsed="0.000605"/>
</kw>
<arg>${SUBSERVICE_NAME}</arg>
<status status="PASS" start="2026-04-28T12:25:18.259040" elapsed="0.731838"/>
</kw>
<kw name="Sleep" owner="BuiltIn">
<msg time="2026-04-28T12:25:20.992420" level="INFO">Slept 2 seconds.</msg>
<arg>2s</arg>
<doc>Pauses the test executed for the given time.</doc>
<status status="PASS" start="2026-04-28T12:25:18.991137" elapsed="2.001520"/>
</kw>
<kw name="Select Date from Hospital Schedule" owner="BeewayDashboardPage">
<kw name="Select Year and Month" owner="PageSelect">
<kw name="Sleep" owner="BuiltIn">
<msg time="2026-04-28T12:25:22.997470" level="INFO">Slept 2 seconds.</msg>
<arg>2s</arg>
<doc>Pauses the test executed for the given time.</doc>
<status status="PASS" start="2026-04-28T12:25:20.996141" elapsed="2.001588"/>
</kw>
<kw name="Click Element With Path" owner="Buttons">
<kw name="Set Variable" owner="BuiltIn">
<msg time="2026-04-28T12:25:23.001286" level="INFO">${ELEMENT_PATH} = xpath=(//i[contains(@class,"fa-solid fa-calendar-days")])[1]</msg>
<var>${ELEMENT_PATH}</var>
<arg>xpath=(${PATH})[${INDEX}]</arg>
<doc>Returns the given values which can then be assigned to a variables.</doc>
<status status="PASS" start="2026-04-28T12:25:22.999941" elapsed="0.001476"/>
</kw>
<kw name="Wait Until Element Is Visible" owner="SeleniumLibrary">
<arg>${ELEMENT_PATH}</arg>
<arg>${TIMEOUT}</arg>
<doc>Waits until the element ``locator`` is visible.</doc>
<status status="PASS" start="2026-04-28T12:25:23.001914" elapsed="0.033725"/>
</kw>
<kw name="Click Element" owner="SeleniumLibrary">
<msg time="2026-04-28T12:25:23.036269" level="INFO">Clicking element 'xpath=(//i[contains(@class,"fa-solid fa-calendar-days")])[1]'.</msg>
<arg>${ELEMENT_PATH}</arg>
<doc>Click the element identified by ``locator``.</doc>
<status status="PASS" start="2026-04-28T12:25:23.035955" elapsed="0.110092"/>
</kw>
<kw name="Log To Console" owner="BuiltIn">
<arg>Clicked element with path ${PATH}</arg>
<doc>Logs the given message to the console.</doc>
<status status="PASS" start="2026-04-28T12:25:23.146370" elapsed="0.000675"/>
</kw>
<arg>//i[contains(@class,"fa-solid fa-calendar-days")]</arg>
<status status="PASS" start="2026-04-28T12:25:22.998332" elapsed="0.148968"/>
</kw>
<kw name="Set Variable" owner="BuiltIn">
<msg time="2026-04-28T12:25:23.148434" level="INFO">${SMALL_CALENDAR_PATH} = //div[contains(@class,"small-calender")]</msg>
<var>${SMALL_CALENDAR_PATH}</var>
<arg>//div[contains(@class,"small-calender")]</arg>
<doc>Returns the given values which can then be assigned to a variables.</doc>
<status status="PASS" start="2026-04-28T12:25:23.147724" elapsed="0.000807"/>
</kw>
<kw name="Click Element With Path" owner="Buttons">
<kw name="Set Variable" owner="BuiltIn">
<msg time="2026-04-28T12:25:23.153268" level="INFO">${ELEMENT_PATH} = xpath=(//div[contains(@class,"small-calender")]/div/div/ul/li[normalize-space(text())="MAY"])[1]</msg>
<var>${ELEMENT_PATH}</var>
<arg>xpath=(${PATH})[${INDEX}]</arg>
<doc>Returns the given values which can then be assigned to a variables.</doc>
<status status="PASS" start="2026-04-28T12:25:23.152074" elapsed="0.001367"/>
</kw>
<kw name="Wait Until Element Is Visible" owner="SeleniumLibrary">
<arg>${ELEMENT_PATH}</arg>
<arg>${TIMEOUT}</arg>
<doc>Waits until the element ``locator`` is visible.</doc>
<status status="PASS" start="2026-04-28T12:25:23.153922" elapsed="0.054180"/>
</kw>
<kw name="Click Element" owner="SeleniumLibrary">
<msg time="2026-04-28T12:25:23.208888" level="INFO">Clicking element 'xpath=(//div[contains(@class,"small-calender")]/div/div/ul/li[normalize-space(text())="MAY"])[1]'.</msg>
<arg>${ELEMENT_PATH}</arg>
<doc>Click the element identified by ``locator``.</doc>
<status status="PASS" start="2026-04-28T12:25:23.208484" elapsed="0.149362"/>
</kw>
<kw name="Log To Console" owner="BuiltIn">
<arg>Clicked element with path ${PATH}</arg>
<doc>Logs the given message to the console.</doc>
<status status="PASS" start="2026-04-28T12:25:23.358339" elapsed="0.001074"/>
</kw>
<arg>${SMALL_CALENDAR_PATH}/div/div/ul/li[normalize-space(text())="${MONTH}"]</arg>
<status status="PASS" start="2026-04-28T12:25:23.150653" elapsed="0.209015"/>
</kw>
<kw name="Click Element With Path" owner="Buttons">
<kw name="Set Variable" owner="BuiltIn">
<msg time="2026-04-28T12:25:23.361390" level="INFO">${ELEMENT_PATH} = xpath=(//div[contains(@class,"small-calender")]/ul/li[normalize-space(text())="Year"])[1]</msg>
<var>${ELEMENT_PATH}</var>
<arg>xpath=(${PATH})[${INDEX}]</arg>
<doc>Returns the given values which can then be assigned to a variables.</doc>
<status status="PASS" start="2026-04-28T12:25:23.360818" elapsed="0.000628"/>
</kw>
<kw name="Wait Until Element Is Visible" owner="SeleniumLibrary">
<arg>${ELEMENT_PATH}</arg>
<arg>${TIMEOUT}</arg>
<doc>Waits until the element ``locator`` is visible.</doc>
<status status="PASS" start="2026-04-28T12:25:23.361695" elapsed="0.028268"/>
</kw>
<kw name="Click Element" owner="SeleniumLibrary">
<msg time="2026-04-28T12:25:23.390567" level="INFO">Clicking element 'xpath=(//div[contains(@class,"small-calender")]/ul/li[normalize-space(text())="Year"])[1]'.</msg>
<arg>${ELEMENT_PATH}</arg>
<doc>Click the element identified by ``locator``.</doc>
<status status="PASS" start="2026-04-28T12:25:23.390269" elapsed="0.098635"/>
</kw>
<kw name="Log To Console" owner="BuiltIn">
<arg>Clicked element with path ${PATH}</arg>
<doc>Logs the given message to the console.</doc>
<status status="PASS" start="2026-04-28T12:25:23.489485" elapsed="0.001147"/>
</kw>
<arg>${SMALL_CALENDAR_PATH}/ul/li[normalize-space(text())="Year"]</arg>
<status status="PASS" start="2026-04-28T12:25:23.360128" elapsed="0.130788"/>
</kw>
<kw name="Click Element With Path" owner="Buttons">
<kw name="Set Variable" owner="BuiltIn">
<msg time="2026-04-28T12:25:23.493006" level="INFO">${ELEMENT_PATH} = xpath=(//div[contains(@class,"small-calender")]/div/ul/li[normalize-space(text())="2026"])[1]</msg>
<var>${ELEMENT_PATH}</var>
<arg>xpath=(${PATH})[${INDEX}]</arg>
<doc>Returns the given values which can then be assigned to a variables.</doc>
<status status="PASS" start="2026-04-28T12:25:23.492420" elapsed="0.000656"/>
</kw>
<kw name="Wait Until Element Is Visible" owner="SeleniumLibrary">
<arg>${ELEMENT_PATH}</arg>
<arg>${TIMEOUT}</arg>
<doc>Waits until the element ``locator`` is visible.</doc>
<status status="PASS" start="2026-04-28T12:25:23.493360" elapsed="0.033359"/>
</kw>
<kw name="Click Element" owner="SeleniumLibrary">
<msg time="2026-04-28T12:25:23.527569" level="INFO">Clicking element 'xpath=(//div[contains(@class,"small-calender")]/div/ul/li[normalize-space(text())="2026"])[1]'.</msg>
<arg>${ELEMENT_PATH}</arg>
<doc>Click the element identified by ``locator``.</doc>
<status status="PASS" start="2026-04-28T12:25:23.527205" elapsed="0.091795"/>
</kw>
<kw name="Log To Console" owner="BuiltIn">
<arg>Clicked element with path ${PATH}</arg>
<doc>Logs the given message to the console.</doc>
<status status="PASS" start="2026-04-28T12:25:23.619290" elapsed="0.000579"/>
</kw>
<arg>${SMALL_CALENDAR_PATH}/div/ul/li[normalize-space(text())="${YEAR}"]</arg>
<status status="PASS" start="2026-04-28T12:25:23.491440" elapsed="0.128584"/>
</kw>
<kw name="Button Click" owner="Buttons">
<kw name="Set Variable" owner="BuiltIn">
<msg time="2026-04-28T12:25:23.621306" level="INFO">${BASE_PATH} = //button[normalize-space()="Done"]</msg>
<var>${BASE_PATH}</var>
<arg>//button[normalize-space()="${LABEL}"]</arg>
<doc>Returns the given values which can then be assigned to a variables.</doc>
<status status="PASS" start="2026-04-28T12:25:23.620833" elapsed="0.000527"/>
</kw>
<kw name="Set Variable" owner="BuiltIn">
<msg time="2026-04-28T12:25:23.622082" level="INFO">${BUTTON_PATH} = xpath=(//button[normalize-space()="Done"])[1]</msg>
<var>${BUTTON_PATH}</var>
<arg>xpath=(${BASE_PATH})[${INDEX}]</arg>
<doc>Returns the given values which can then be assigned to a variables.</doc>
<status status="PASS" start="2026-04-28T12:25:23.621588" elapsed="0.000551"/>
</kw>
<kw name="Wait Until Element Is Visible" owner="SeleniumLibrary">
<arg>${BUTTON_PATH}</arg>
<arg>${TIMEOUT}</arg>
<doc>Waits until the element ``locator`` is visible.</doc>
<status status="PASS" start="2026-04-28T12:25:23.622370" elapsed="0.173609"/>
</kw>
<kw name="Click Button" owner="SeleniumLibrary">
<msg time="2026-04-28T12:25:23.797240" level="INFO">Clicking button 'xpath=(//button[normalize-space()="Done"])[1]'.</msg>
<arg>${BUTTON_PATH}</arg>
<doc>Clicks the button identified by ``locator``.</doc>
<status status="PASS" start="2026-04-28T12:25:23.796551" elapsed="0.284213"/>
</kw>
<kw name="Log To Console" owner="BuiltIn">
<arg>Clicked button with label ${LABEL}</arg>
<doc>Logs the given message to the console.</doc>
<status status="PASS" start="2026-04-28T12:25:24.081266" elapsed="0.002947"/>
</kw>
<arg>Done</arg>
<status status="PASS" start="2026-04-28T12:25:23.620335" elapsed="0.464172"/>
</kw>
<kw name="Sleep" owner="BuiltIn">
<msg time="2026-04-28T12:25:26.087333" level="INFO">Slept 2 seconds.</msg>
<arg>2s</arg>
<doc>Pauses the test executed for the given time.</doc>
<status status="PASS" start="2026-04-28T12:25:24.084934" elapsed="2.002645"/>
</kw>
<arg>${YEAR}</arg>
<arg>${MONTH}</arg>
<status status="PASS" start="2026-04-28T12:25:20.995064" elapsed="5.092771"/>
</kw>
<if>
<branch type="IF" condition="'Chris' not in '${HOSPITAL_NAME}'">
<kw name="Maximize Calendar" owner="BeewayDashboardPage">
<kw name="Wait Until Element Is Visible" owner="SeleniumLibrary">
<arg>xpath=(//li[normalize-space()='Maximize'])[1]</arg>
<arg>${TIMEOUT_LONG}</arg>
<doc>Waits until the element ``locator`` is visible.</doc>
<status status="PASS" start="2026-04-28T12:25:26.089671" elapsed="0.043828"/>
</kw>
<kw name="Click Element" owner="SeleniumLibrary">
<msg time="2026-04-28T12:25:26.134107" level="INFO">Clicking element 'xpath=(//li[normalize-space()='Maximize'])[1]'.</msg>
<arg>xpath=(//li[normalize-space()='Maximize'])[1]</arg>
<doc>Click the element identified by ``locator``.</doc>
<status status="PASS" start="2026-04-28T12:25:26.133835" elapsed="0.134944"/>
</kw>
<kw name="Log To Console" owner="BuiltIn">
<arg>✅ Calendar maximized</arg>
<doc>Logs the given message to the console.</doc>
<status status="PASS" start="2026-04-28T12:25:26.269243" elapsed="0.000781"/>
</kw>
<kw name="Sleep" owner="BuiltIn">
<msg time="2026-04-28T12:25:31.272255" level="INFO">Slept 5 seconds.</msg>
<arg>5s</arg>
<doc>Pauses the test executed for the given time.</doc>
<status status="PASS" start="2026-04-28T12:25:26.270484" elapsed="5.002017"/>
</kw>
<status status="PASS" start="2026-04-28T12:25:26.088908" elapsed="5.183843"/>
</kw>
<status status="PASS" start="2026-04-28T12:25:26.088108" elapsed="5.184772"/>
</branch>
<status status="PASS" start="2026-04-28T12:25:26.088042" elapsed="5.184981"/>
</if>
<kw name="Scroll Element Into View" owner="SeleniumLibrary">
<arg>xpath=(//li[.//div[normalize-space()='${DATE}']])[1]</arg>
<doc>Scrolls the element identified by ``locator`` into view.</doc>
<status status="PASS" start="2026-04-28T12:25:31.273932" elapsed="0.312566"/>
</kw>
<arg>${YEAR}</arg>
<arg>${MONTH}</arg>
<arg>${DATE}</arg>
<arg>${HOSPITAL_NAME}</arg>
<status status="PASS" start="2026-04-28T12:25:20.993417" elapsed="10.593354"/>
</kw>
<kw name="Set Variable" owner="BuiltIn">
<msg time="2026-04-28T12:25:31.588169" level="INFO">${DATE_XPATH} = (//li[.//div[normalize-space()='05']])[1]</msg>
<var>${DATE_XPATH}</var>
<arg>(//li[.//div[normalize-space()='${DATE}']])[1]</arg>
<doc>Returns the given values which can then be assigned to a variables.</doc>
<status status="PASS" start="2026-04-28T12:25:31.587243" elapsed="0.001027"/>
</kw>
<kw name="Set Variable" owner="BuiltIn">
<msg time="2026-04-28T12:25:31.589940" level="INFO">${SHIFT_XPATH} = xpath=(//li[.//div[normalize-space()='05']])[1]//h4[normalize-space()='Adrian AALNSTU']/ancestor::div[contains(@class,'user-section')][1][.//span[contains(@class,'time') and normalize-space()='15:00-2...</msg>
<var>${SHIFT_XPATH}</var>
<arg>xpath=${DATE_XPATH}//h4[normalize-space()='${DOCTOR_NAME}']/ancestor::div[contains(@class,'user-section')][1][.//span[contains(@class,'time') and normalize-space()='${TIME}']]</arg>
<doc>Returns the given values which can then be assigned to a variables.</doc>
<status status="PASS" start="2026-04-28T12:25:31.588670" elapsed="0.001390"/>
</kw>
<kw name="Wait Until Element Is Visible" owner="SeleniumLibrary">
<arg>${SHIFT_XPATH}</arg>
<arg>${TIMEOUT_LONG}</arg>
<doc>Waits until the element ``locator`` is visible.</doc>
<status status="PASS" start="2026-04-28T12:25:31.590526" elapsed="0.034468"/>
</kw>
<kw name="Click Element" owner="SeleniumLibrary">
<msg time="2026-04-28T12:25:31.625694" level="INFO">Clicking element 'xpath=(//li[.//div[normalize-space()='05']])[1]//h4[normalize-space()='Adrian AALNSTU']/ancestor::div[contains(@class,'user-section')][1][.//span[contains(@class,'time') and normalize-space()='15:00-22:00']]'.</msg>
<arg>${SHIFT_XPATH}</arg>
<doc>Click the element identified by ``locator``.</doc>
<status status="PASS" start="2026-04-28T12:25:31.625346" elapsed="0.156465"/>
</kw>
<kw name="Button Click" owner="Buttons">
<kw name="Set Variable" owner="BuiltIn">
<msg time="2026-04-28T12:25:31.784185" level="INFO">${BASE_PATH} = //button[normalize-space()="Delete"]</msg>
<var>${BASE_PATH}</var>
<arg>//button[normalize-space()="${LABEL}"]</arg>
<doc>Returns the given values which can then be assigned to a variables.</doc>
<status status="PASS" start="2026-04-28T12:25:31.783584" elapsed="0.000662"/>
</kw>
<kw name="Set Variable" owner="BuiltIn">
<msg time="2026-04-28T12:25:31.785068" level="INFO">${BUTTON_PATH} = xpath=(//button[normalize-space()="Delete"])[1]</msg>
<var>${BUTTON_PATH}</var>
<arg>xpath=(${BASE_PATH})[${INDEX}]</arg>
<doc>Returns the given values which can then be assigned to a variables.</doc>
<status status="PASS" start="2026-04-28T12:25:31.784535" elapsed="0.000582"/>
</kw>
<kw name="Wait Until Element Is Visible" owner="SeleniumLibrary">
<arg>${BUTTON_PATH}</arg>
<arg>${TIMEOUT}</arg>
<doc>Waits until the element ``locator`` is visible.</doc>
<status status="PASS" start="2026-04-28T12:25:31.785337" elapsed="0.595190"/>
</kw>
<kw name="Click Button" owner="SeleniumLibrary">
<msg time="2026-04-28T12:25:32.381666" level="INFO">Clicking button 'xpath=(//button[normalize-space()="Delete"])[1]'.</msg>
<arg>${BUTTON_PATH}</arg>
<doc>Clicks the button identified by ``locator``.</doc>
<status status="PASS" start="2026-04-28T12:25:32.380848" elapsed="0.497986"/>
</kw>
<kw name="Log To Console" owner="BuiltIn">
<arg>Clicked button with label ${LABEL}</arg>
<doc>Logs the given message to the console.</doc>
<status status="PASS" start="2026-04-28T12:25:32.879704" elapsed="0.002018"/>
</kw>
<arg>Delete</arg>
<status status="PASS" start="2026-04-28T12:25:31.782452" elapsed="1.099591"/>
</kw>
<kw name="Button Click" owner="Buttons">
<kw name="Set Variable" owner="BuiltIn">
<msg time="2026-04-28T12:25:32.886572" level="INFO">${BASE_PATH} = //button[normalize-space()="Delete Shift"]</msg>
<var>${BASE_PATH}</var>
<arg>//button[normalize-space()="${LABEL}"]</arg>
<doc>Returns the given values which can then be assigned to a variables.</doc>
<status status="PASS" start="2026-04-28T12:25:32.884394" elapsed="0.002500"/>
</kw>
<kw name="Set Variable" owner="BuiltIn">
<msg time="2026-04-28T12:25:32.889927" level="INFO">${BUTTON_PATH} = xpath=(//button[normalize-space()="Delete Shift"])[1]</msg>
<var>${BUTTON_PATH}</var>
<arg>xpath=(${BASE_PATH})[${INDEX}]</arg>
<doc>Returns the given values which can then be assigned to a variables.</doc>
<status status="PASS" start="2026-04-28T12:25:32.887993" elapsed="0.002050"/>
</kw>
<kw name="Wait Until Element Is Visible" owner="SeleniumLibrary">
<arg>${BUTTON_PATH}</arg>
<arg>${TIMEOUT}</arg>
<doc>Waits until the element ``locator`` is visible.</doc>
<status status="PASS" start="2026-04-28T12:25:32.890591" elapsed="0.049533"/>
</kw>
<kw name="Click Button" owner="SeleniumLibrary">
<msg time="2026-04-28T12:25:32.941105" level="INFO">Clicking button 'xpath=(//button[normalize-space()="Delete Shift"])[1]'.</msg>
<arg>${BUTTON_PATH}</arg>
<doc>Clicks the button identified by ``locator``.</doc>
<status status="PASS" start="2026-04-28T12:25:32.940614" elapsed="0.224240"/>
</kw>
<kw name="Log To Console" owner="BuiltIn">
<arg>Clicked button with label ${LABEL}</arg>
<doc>Logs the given message to the console.</doc>
<status status="PASS" start="2026-04-28T12:25:33.165169" elapsed="0.001365"/>
</kw>
<arg>Delete Shift</arg>
<status status="PASS" start="2026-04-28T12:25:32.882600" elapsed="0.284209"/>
</kw>
<arg>${HOSPITAL_NAME}</arg>
<arg>${SUBSERVICE_NAME}</arg>
<arg>${YEAR}</arg>
<arg>${MONTH}</arg>
<arg>${DATE}</arg>
<arg>${DOCTOR_NAME}</arg>
<arg>${TIME}</arg>
<tag>Regression</tag>
<tag>Smoke</tag>
<doc>Login to Bijib and delete shift in Beeway</doc>
<status status="PASS" start="2026-04-28T12:24:58.992433" elapsed="34.174542"/>
</kw>
<kw name="Sleep" owner="BuiltIn">
<msg time="2026-04-28T12:25:35.169176" level="INFO">Slept 2 seconds.</msg>
<arg>2s</arg>
<doc>Pauses the test executed for the given time.</doc>
<status status="PASS" start="2026-04-28T12:25:33.167802" elapsed="2.001619"/>
</kw>
<kw name="Verify Shift is Deleted" owner="DeleteShiftPage">
<kw name="Set Variable" owner="BuiltIn">
<msg time="2026-04-28T12:25:35.172013" level="INFO">${DATE_XPATH} = (//li[.//div[normalize-space()='05']])[1]</msg>
<var>${DATE_XPATH}</var>
<arg>(//li[.//div[normalize-space()='${DATE}']])[1]</arg>
<doc>Returns the given values which can then be assigned to a variables.</doc>
<status status="PASS" start="2026-04-28T12:25:35.171144" elapsed="0.000969"/>
</kw>
<kw name="Set Variable" owner="BuiltIn">
<msg time="2026-04-28T12:25:35.173443" level="INFO">${SHIFT_XPATH} = xpath=(//li[.//div[normalize-space()='05']])[1]//h4[normalize-space()='Adrian AALNSTU']/ancestor::div[contains(@class,'user-section')][1][.//span[contains(@class,'time') and normalize-space()='15:00-2...</msg>
<var>${SHIFT_XPATH}</var>
<arg>xpath=${DATE_XPATH}//h4[normalize-space()='${DOCTOR_NAME}']/ancestor::div[contains(@class,'user-section')][1][.//span[contains(@class,'time') and normalize-space()='${TIME}']]</arg>
<doc>Returns the given values which can then be assigned to a variables.</doc>
<status status="PASS" start="2026-04-28T12:25:35.172504" elapsed="0.001036"/>
</kw>
<kw name="Run Keyword And Return Status" owner="BuiltIn">
<kw name="Wait Until Element Is Not Visible" owner="SeleniumLibrary">
<arg>${SHIFT_XPATH}</arg>
<arg>${TIMEOUT_LONG}</arg>
<doc>Waits until the element ``locator`` is not visible.</doc>
<status status="PASS" start="2026-04-28T12:25:35.175338" elapsed="0.020744"/>
</kw>
<msg time="2026-04-28T12:25:35.196453" level="INFO">${status} = True</msg>
<var>${status}</var>
<arg>Wait Until Element Is Not Visible</arg>
<arg>${SHIFT_XPATH}</arg>
<arg>${TIMEOUT_LONG}</arg>
<doc>Runs the specified keyword and returns the status as a Boolean value.</doc>
<status status="PASS" start="2026-04-28T12:25:35.173960" elapsed="0.022595"/>
</kw>
<kw name="Run Keyword If" owner="BuiltIn">
<kw name="Log To Console" owner="BuiltIn">
<arg>Shift is deleted successfully: ${SHIFT_XPATH}</arg>
<doc>Logs the given message to the console.</doc>
<status status="PASS" start="2026-04-28T12:25:35.198246" elapsed="0.000950"/>
</kw>
<arg>${status}</arg>
<arg>Log To Console</arg>
<arg>Shift is deleted successfully: ${SHIFT_XPATH}</arg>
<arg>ELSE</arg>
<arg>Fail</arg>
<arg>Shift is still visible: ${SHIFT_XPATH}</arg>
<doc>Runs the given keyword with the given arguments, if ``condition`` is true.</doc>
<status status="PASS" start="2026-04-28T12:25:35.197104" elapsed="0.002371"/>
</kw>
<arg>${DATE}</arg>
<arg>${DOCTOR_NAME}</arg>
<arg>${TIME}</arg>
<status status="PASS" start="2026-04-28T12:25:35.170011" elapsed="0.029879"/>
</kw>
<kw name="Close Application Browser" owner="BrowserKeywords">
<kw name="Close All Browsers" owner="SeleniumLibrary">
<doc>Closes all open browsers and resets the browser cache.</doc>
<status status="PASS" start="2026-04-28T12:25:35.201382" elapsed="2.398457"/>
</kw>
<status status="PASS" start="2026-04-28T12:25:35.200544" elapsed="2.399645"/>
</kw>
<kw name="Open Browser To Application" owner="BrowserKeywords">
<kw name="Open Browser" owner="SeleniumLibrary">
<msg time="2026-04-28T12:25:37.603798" level="INFO">Opening browser 'chrome' to base url 'https://test.bijib.in'.</msg>
<arg>${URL}</arg>
<arg>${BROWSER}</arg>
<doc>Opens a new browser instance to the optional ``url``.</doc>
<status status="PASS" start="2026-04-28T12:25:37.603000" elapsed="3.531404"/>
</kw>
<kw name="Maximize Browser Window" owner="SeleniumLibrary">
<doc>Maximizes current browser window.</doc>
<status status="PASS" start="2026-04-28T12:25:41.134896" elapsed="0.069533"/>
</kw>
<kw name="Set Selenium Speed" owner="SeleniumLibrary">
<arg>0s</arg>
<doc>Sets the delay that is waited after each Selenium command.</doc>
<status status="PASS" start="2026-04-28T12:25:41.205086" elapsed="0.001029"/>
</kw>
<status status="PASS" start="2026-04-28T12:25:37.601371" elapsed="3.605202"/>
</kw>
<kw name="Get Day From Date" owner="DateKeywords">
<kw name="Convert Date" owner="DateTime">
<msg time="2026-04-28T12:25:41.209393" level="INFO">${day} = 05</msg>
<var>${day}</var>
<arg>${date}</arg>
<arg>result_format=%d</arg>
<doc>Converts between supported `date formats`.</doc>
<status status="PASS" start="2026-04-28T12:25:41.208428" elapsed="0.001087"/>
</kw>
<return>
<value>${day}</value>
<status status="PASS" start="2026-04-28T12:25:41.209781" elapsed="0.000149"/>
</return>
<msg time="2026-04-28T12:25:41.210370" level="INFO">${DATE} = 05</msg>
<var>${DATE}</var>
<arg>${SHIFT_DATE_CONSTANT}</arg>
<status status="PASS" start="2026-04-28T12:25:41.207294" elapsed="0.003182"/>
</kw>
<kw name="Get Month From Date" owner="DateKeywords">
<if>
<branch type="IF" condition="'${format}' == 'short'">
<kw name="Convert Date" owner="DateTime">
<msg time="2026-04-28T12:25:41.215513" level="INFO">${month} = May</msg>
<var>${month}</var>
<arg>${date}</arg>
<arg>result_format=%b</arg>
<doc>Converts between supported `date formats`.</doc>
<status status="PASS" start="2026-04-28T12:25:41.213787" elapsed="0.001922"/>
</kw>
<status status="PASS" start="2026-04-28T12:25:41.212911" elapsed="0.003040"/>
</branch>
<branch type="ELSE IF" condition="'${format}' == 'full'">
<kw name="Convert Date" owner="DateTime">
<var>${month}</var>
<arg>${date}</arg>
<arg>result_format=%B</arg>
<doc>Converts between supported `date formats`.</doc>
<status status="NOT RUN" start="2026-04-28T12:25:41.216726" elapsed="0.000170"/>
</kw>
<status status="NOT RUN" start="2026-04-28T12:25:41.216115" elapsed="0.001009"/>
</branch>
<branch type="ELSE IF" condition="'${format}' == 'number'">
<kw name="Convert Date" owner="DateTime">
<var>${month}</var>
<arg>${date}</arg>
<arg>result_format=%m</arg>
<doc>Converts between supported `date formats`.</doc>
<status status="NOT RUN" start="2026-04-28T12:25:41.217899" elapsed="0.000106"/>
</kw>
<status status="NOT RUN" start="2026-04-28T12:25:41.217314" elapsed="0.000854"/>
</branch>
<branch type="ELSE">
<kw name="Fail" owner="BuiltIn">
<arg>Invalid format: ${format}</arg>
<doc>Fails the test with the given message and optionally alters its tags.</doc>
<status status="NOT RUN" start="2026-04-28T12:25:41.218950" elapsed="0.000151"/>
</kw>
<status status="NOT RUN" start="2026-04-28T12:25:41.218376" elapsed="0.000947"/>
</branch>
<status status="PASS" start="2026-04-28T12:25:41.212839" elapsed="0.006649"/>
</if>
<if>
<branch type="IF" condition="${uppercase}">
<kw name="Convert To Upper Case" owner="String">
<msg time="2026-04-28T12:25:41.221082" level="INFO">${month} = MAY</msg>
<var>${month}</var>
<arg>${month}</arg>
<doc>Converts string to upper case.</doc>
<status status="PASS" start="2026-04-28T12:25:41.220481" elapsed="0.000695"/>
</kw>
<status status="PASS" start="2026-04-28T12:25:41.219739" elapsed="0.001719"/>
</branch>
<status status="PASS" start="2026-04-28T12:25:41.219676" elapsed="0.001965"/>
</if>
<return>
<value>${month}</value>
<status status="PASS" start="2026-04-28T12:25:41.221802" elapsed="0.000129"/>
</return>
<msg time="2026-04-28T12:25:41.222443" level="INFO">${MONTH} = MAY</msg>
<var>${MONTH}</var>
<arg>${SHIFT_DATE_CONSTANT}</arg>
<arg>short</arg>
<arg>True</arg>
<status status="PASS" start="2026-04-28T12:25:41.211497" elapsed="0.011070"/>
</kw>
<kw name="Get Year From Date" owner="DateKeywords">
<kw name="Convert Date" owner="DateTime">
<msg time="2026-04-28T12:25:41.226489" level="INFO">${year} = 2026</msg>
<var>${year}</var>
<arg>${date}</arg>
<arg>result_format=%Y</arg>
<doc>Converts between supported `date formats`.</doc>
<status status="PASS" start="2026-04-28T12:25:41.225340" elapsed="0.001315"/>
</kw>
<return>
<value>${year}</value>
<status status="PASS" start="2026-04-28T12:25:41.226938" elapsed="0.000273"/>
</return>
<msg time="2026-04-28T12:25:41.227681" level="INFO">${YEAR} = 2026</msg>
<var>${YEAR}</var>
<arg>${SHIFT_DATE_CONSTANT}</arg>
<status status="PASS" start="2026-04-28T12:25:41.223360" elapsed="0.004425"/>
</kw>
<kw name="Validate Shift Deletion in User Login" owner="DeleteShiftPage">
<kw name="Login and Goto Dashboard" owner="Login">
<kw name="Wait Until Page Contains" owner="SeleniumLibrary">
<arg>${LOGIN_PAGE_TITLE}</arg>
<arg>${TIMEOUT}</arg>
<doc>Waits until ``text`` appears on the current page.</doc>
<status status="PASS" start="2026-04-28T12:25:41.233542" elapsed="0.042262"/>
</kw>
<kw name="Log To Console" owner="BuiltIn">
<arg>Login Page Loaded Successfully</arg>
<doc>Logs the given message to the console.</doc>
<status status="PASS" start="2026-04-28T12:25:41.276654" elapsed="0.002244"/>
</kw>
<kw name="Textfield With Placeholder" owner="TextFields">
<kw name="Set Variable" owner="BuiltIn">
<msg time="2026-04-28T12:25:41.283025" level="INFO">${INPUT_PATH} = xpath=(//input[@placeholder="Enter Username"])[1]</msg>
<var>${INPUT_PATH}</var>
<arg>xpath=(//input[@placeholder="${PLACEHOLDER}"])[${INDEX}]</arg>
<doc>Returns the given values which can then be assigned to a variables.</doc>
<status status="PASS" start="2026-04-28T12:25:41.281472" elapsed="0.001734"/>
</kw>
<kw name="Wait Until Element Is Visible" owner="SeleniumLibrary">
<arg>${INPUT_PATH}</arg>
<arg>${TIMEOUT}</arg>
<doc>Waits until the element ``locator`` is visible.</doc>
<status status="PASS" start="2026-04-28T12:25:41.284038" elapsed="0.091248"/>
</kw>
<kw name="Clear Element Text" owner="SeleniumLibrary">
<arg>${INPUT_PATH}</arg>
<doc>Clears the value of the text-input-element identified by ``locator``.</doc>
<status status="PASS" start="2026-04-28T12:25:41.375759" elapsed="0.116079"/>
</kw>
<kw name="Input Text" owner="SeleniumLibrary">
<msg time="2026-04-28T12:25:41.492997" level="INFO">Typing text 'asultana' into text field 'xpath=(//input[@placeholder="Enter Username"])[1]'.</msg>
<arg>${INPUT_PATH}</arg>
<arg>${VALUE}</arg>
<doc>Types the given ``text`` into the text field identified by ``locator``.</doc>
<status status="PASS" start="2026-04-28T12:25:41.492356" elapsed="0.181451"/>
</kw>
<kw name="Log To Console" owner="BuiltIn">
<arg>Textfield with placeholder ${PLACEHOLDER} filled with value ${VALUE}</arg>
<doc>Logs the given message to the console.</doc>
<status status="PASS" start="2026-04-28T12:25:41.674591" elapsed="0.001218"/>
</kw>
<arg>Enter Username</arg>
<arg>${USERNAME}</arg>
<status status="PASS" start="2026-04-28T12:25:41.280325" elapsed="0.395822"/>
</kw>
<kw name="Textfield With Placeholder" owner="TextFields">
<kw name="Set Variable" owner="BuiltIn">
<msg time="2026-04-28T12:25:41.679954" level="INFO">${INPUT_PATH} = xpath=(//input[@placeholder="Enter Password"])[1]</msg>
<var>${INPUT_PATH}</var>
<arg>xpath=(//input[@placeholder="${PLACEHOLDER}"])[${INDEX}]</arg>
<doc>Returns the given values which can then be assigned to a variables.</doc>
<status status="PASS" start="2026-04-28T12:25:41.678880" elapsed="0.001186"/>
</kw>
<kw name="Wait Until Element Is Visible" owner="SeleniumLibrary">
<arg>${INPUT_PATH}</arg>
<arg>${TIMEOUT}</arg>
<doc>Waits until the element ``locator`` is visible.</doc>
<status status="PASS" start="2026-04-28T12:25:41.681062" elapsed="0.040406"/>
</kw>
<kw name="Clear Element Text" owner="SeleniumLibrary">
<arg>${INPUT_PATH}</arg>
<doc>Clears the value of the text-input-element identified by ``locator``.</doc>
<status status="PASS" start="2026-04-28T12:25:41.721924" elapsed="0.049901"/>
</kw>
<kw name="Input Text" owner="SeleniumLibrary">
<msg time="2026-04-28T12:25:41.772921" level="INFO">Typing text 'E7q_35&amp;ZR]5D*iRZ' into text field 'xpath=(//input[@placeholder="Enter Password"])[1]'.</msg>
<arg>${INPUT_PATH}</arg>
<arg>${VALUE}</arg>
<doc>Types the given ``text`` into the text field identified by ``locator``.</doc>
<status status="PASS" start="2026-04-28T12:25:41.772321" elapsed="0.199588"/>
</kw>
<kw name="Log To Console" owner="BuiltIn">
<arg>Textfield with placeholder ${PLACEHOLDER} filled with value ${VALUE}</arg>
<doc>Logs the given message to the console.</doc>
<status status="PASS" start="2026-04-28T12:25:41.972405" elapsed="0.001265"/>
</kw>
<arg>Enter Password</arg>
<arg>${PASSWORD}</arg>
<status status="PASS" start="2026-04-28T12:25:41.676950" elapsed="0.296982"/>
</kw>
<kw name="Button Click" owner="Buttons">
<kw name="Set Variable" owner="BuiltIn">
<msg time="2026-04-28T12:25:41.976309" level="INFO">${BASE_PATH} = //button[normalize-space()="Login"]</msg>
<var>${BASE_PATH}</var>
<arg>//button[normalize-space()="${LABEL}"]</arg>
<doc>Returns the given values which can then be assigned to a variables.</doc>
<status status="PASS" start="2026-04-28T12:25:41.975401" elapsed="0.001098"/>
</kw>
<kw name="Set Variable" owner="BuiltIn">
<msg time="2026-04-28T12:25:41.979296" level="INFO">${BUTTON_PATH} = xpath=(//button[normalize-space()="Login"])[1]</msg>
<var>${BUTTON_PATH}</var>
<arg>xpath=(${BASE_PATH})[${INDEX}]</arg>
<doc>Returns the given values which can then be assigned to a variables.</doc>
<status status="PASS" start="2026-04-28T12:25:41.977433" elapsed="0.002082"/>
</kw>
<kw name="Wait Until Element Is Visible" owner="SeleniumLibrary">
<arg>${BUTTON_PATH}</arg>
<arg>${TIMEOUT}</arg>
<doc>Waits until the element ``locator`` is visible.</doc>
<status status="PASS" start="2026-04-28T12:25:41.980474" elapsed="0.038244"/>
</kw>
<kw name="Click Button" owner="SeleniumLibrary">
<msg time="2026-04-28T12:25:42.020131" level="INFO">Clicking button 'xpath=(//button[normalize-space()="Login"])[1]'.</msg>
<arg>${BUTTON_PATH}</arg>
<doc>Clicks the button identified by ``locator``.</doc>
<status status="PASS" start="2026-04-28T12:25:42.019397" elapsed="0.149420"/>
</kw>
<kw name="Log To Console" owner="BuiltIn">
<arg>Clicked button with label ${LABEL}</arg>
<doc>Logs the given message to the console.</doc>
<status status="PASS" start="2026-04-28T12:25:42.169476" elapsed="0.001144"/>
</kw>
<arg>Login</arg>
<status status="PASS" start="2026-04-28T12:25:41.974521" elapsed="0.196404"/>
</kw>
<kw name="Wait Until Location Is" owner="SeleniumLibrary">
<arg>${DASHBOARD_URL}</arg>
<arg>${TIMEOUT}</arg>
<doc>Waits until the current URL is ``expected``.</doc>
<status status="PASS" start="2026-04-28T12:25:42.171293" elapsed="1.106755"/>
</kw>
<kw name="Log To Console" owner="BuiltIn">
<arg>Navigated to Dashboard Successfully</arg>
<doc>Logs the given message to the console.</doc>
<status status="PASS" start="2026-04-28T12:25:43.278520" elapsed="0.000816"/>
</kw>
<arg>${DOCTORLOGIN}</arg>
<arg>E7q_35&amp;ZR]5D*iRZ</arg>
<status status="PASS" start="2026-04-28T12:25:41.231621" elapsed="2.048003"/>
</kw>
<kw name="Wait For Page Loader To Disappear" owner="PageSelect">
<kw name="Wait Until Element Is Not Visible" owner="SeleniumLibrary">
<arg>xpath=//div[contains(@class,'loader-wrapper')]</arg>
<arg>${TIMEOUT_LONG}</arg>
<doc>Waits until the element ``locator`` is not visible.</doc>
<status status="PASS" start="2026-04-28T12:25:43.281043" elapsed="1.440314"/>
</kw>
<status status="PASS" start="2026-04-28T12:25:43.280188" elapsed="1.441430"/>
</kw>
<kw name="Run Keyword And Return Status" owner="BuiltIn">
<kw name="Verify UMS Calender Shift">
<msg time="2026-04-28T12:25:44.730557" level="FAIL">No keyword with name 'Verify UMS Calender Shift' found.</msg>
<arg>${MONTH}</arg>
<arg>${YEAR}</arg>
<arg>${DATE}</arg>
<arg>${SHIFT_TIME}</arg>
<arg>${DUTY_TYPE_SYMBOL}</arg>
<arg>${PAYMENT_TYPE}</arg>
<arg>${DOCTOR_NAME}</arg>
<status status="FAIL" start="2026-04-28T12:25:44.730384" elapsed="0.000340">No keyword with name 'Verify UMS Calender Shift' found.</status>
</kw>
<msg time="2026-04-28T12:25:44.731290" level="INFO">${status} = False</msg>
<var>${status}</var>
<arg>Verify UMS Calender Shift</arg>
<arg>${MONTH}</arg>
<arg>${YEAR}</arg>
<arg>${DATE}</arg>
<arg>${SHIFT_TIME}</arg>
<arg>${DUTY_TYPE_SYMBOL}</arg>
<arg>${PAYMENT_TYPE}</arg>
<arg>${DOCTOR_NAME}</arg>
<doc>Runs the specified keyword and returns the status as a Boolean value.</doc>
<status status="PASS" start="2026-04-28T12:25:44.722065" elapsed="0.009354"/>
</kw>
<kw name="Run Keyword If" owner="BuiltIn">
<kw name="Log To Console" owner="BuiltIn">
<arg>Shift is deleted successfully in UMS Calendar</arg>
<doc>Logs the given message to the console.</doc>
<status status="PASS" start="2026-04-28T12:25:44.733214" elapsed="0.007851"/>
</kw>
<arg>${status}</arg>
<arg>Fail</arg>
<arg>Shift is still visible in UMS Calendar</arg>
<arg>ELSE</arg>
<arg>Log To Console</arg>
<arg>Shift is deleted successfully in UMS Calendar</arg>
<doc>Runs the given keyword with the given arguments, if ``condition`` is true.</doc>
<status status="PASS" start="2026-04-28T12:25:44.731999" elapsed="0.009481"/>
</kw>
<kw name="Goto Service" owner="Service">
<kw name="Location Should Be" owner="SeleniumLibrary">
<msg time="2026-04-28T12:25:44.752760" level="INFO">Current location is 'https://test.bijib.in/#/layout/dashboard'.</msg>
<arg>${DASHBOARD_URL}</arg>
<doc>Verifies that the current URL is exactly ``url``.</doc>
<status status="PASS" start="2026-04-28T12:25:44.743251" elapsed="0.009738"/>
</kw>
<kw name="Log To Console" owner="BuiltIn">
<arg>Navigated to Dashboard</arg>
<doc>Logs the given message to the console.</doc>
<status status="PASS" start="2026-04-28T12:25:44.753505" elapsed="0.000876"/>
</kw>
<kw name="Click Element With Path" owner="Buttons">
<kw name="Set Variable" owner="BuiltIn">
<msg time="2026-04-28T12:25:44.757561" level="INFO">${ELEMENT_PATH} = xpath=(//li[@title="BeeWay"]/div[normalize-space()="BeeWay"])[1]</msg>
<var>${ELEMENT_PATH}</var>
<arg>xpath=(${PATH})[${INDEX}]</arg>
<doc>Returns the given values which can then be assigned to a variables.</doc>
<status status="PASS" start="2026-04-28T12:25:44.756290" elapsed="0.001380"/>
</kw>
<kw name="Wait Until Element Is Visible" owner="SeleniumLibrary">
<arg>${ELEMENT_PATH}</arg>
<arg>${TIMEOUT}</arg>
<doc>Waits until the element ``locator`` is visible.</doc>
<status status="PASS" start="2026-04-28T12:25:44.758482" elapsed="0.043783"/>
</kw>
<kw name="Click Element" owner="SeleniumLibrary">
<msg time="2026-04-28T12:25:44.803310" level="INFO">Clicking element 'xpath=(//li[@title="BeeWay"]/div[normalize-space()="BeeWay"])[1]'.</msg>
<arg>${ELEMENT_PATH}</arg>
<doc>Click the element identified by ``locator``.</doc>
<status status="PASS" start="2026-04-28T12:25:44.802825" elapsed="0.103604"/>
</kw>
<kw name="Log To Console" owner="BuiltIn">
<arg>Clicked element with path ${PATH}</arg>
<doc>Logs the given message to the console.</doc>
<status status="PASS" start="2026-04-28T12:25:44.907409" elapsed="0.002031"/>
</kw>
<arg>//li[@title="${SERVICE_NAME}"]/div[normalize-space()="${SERVICE_NAME}"]</arg>
<status status="PASS" start="2026-04-28T12:25:44.755018" elapsed="0.154705"/>
</kw>
<if>
<branch type="IF" condition="${HOSPITAL_NAME} != &quot;&quot;">
<kw name="Set Variable" owner="BuiltIn">
<var>${SUBMENU_PATH}</var>
<arg>//div[contains(@class,"submenu dsktp-vw-dsply")]/span[normalize-space()="${SERVICE_NAME}"]</arg>
<doc>Returns the given values which can then be assigned to a variables.</doc>
<status status="NOT RUN" start="2026-04-28T12:25:44.910663" elapsed="0.000097"/>
</kw>
<kw name="Set Variable" owner="BuiltIn">
<var>${HOSPITAL_PATH}</var>
<arg>${SUBMENU_PATH}/following-sibling::ul//li[normalize-space()="${HOSPITAL_NAME}"]</arg>
<doc>Returns the given values which can then be assigned to a variables.</doc>
<status status="NOT RUN" start="2026-04-28T12:25:44.911141" elapsed="0.000077"/>
</kw>
<kw name="Click Element With Path" owner="Buttons">
<arg>${HOSPITAL_PATH}</arg>
<status status="NOT RUN" start="2026-04-28T12:25:44.911708" elapsed="0.000103"/>
</kw>
<status status="NOT RUN" start="2026-04-28T12:25:44.909976" elapsed="0.001959"/>
</branch>
<status status="PASS" start="2026-04-28T12:25:44.909913" elapsed="0.002170"/>
</if>
<kw name="Wait Until Location Is" owner="SeleniumLibrary">
<arg>${BEEWAY_URL}</arg>
<arg>${TIMEOUT_LONG}</arg>
<doc>Waits until the current URL is ``expected``.</doc>
<status status="PASS" start="2026-04-28T12:25:44.912486" elapsed="2.724287"/>
</kw>
<kw name="Log To Console" owner="BuiltIn">
<arg>Navigated to ${SERVICE_NAME} Service</arg>
<doc>Logs the given message to the console.</doc>
<status status="PASS" start="2026-04-28T12:25:47.637246" elapsed="0.002689"/>
</kw>
<arg>BeeWay</arg>
<status status="PASS" start="2026-04-28T12:25:44.742249" elapsed="2.897943"/>
</kw>
<kw name="Wait For Page Loader To Disappear" owner="PageSelect">
<kw name="Wait Until Element Is Not Visible" owner="SeleniumLibrary">
<arg>xpath=//div[contains(@class,'loader-wrapper')]</arg>
<arg>${TIMEOUT_LONG}</arg>
<doc>Waits until the element ``locator`` is not visible.</doc>
<status status="PASS" start="2026-04-28T12:25:47.641386" elapsed="1.262424"/>
</kw>
<status status="PASS" start="2026-04-28T12:25:47.640648" elapsed="1.263462"/>
</kw>
<kw name="Select Hospital" owner="BeewayDashboardPage">
<kw name="Click Element" owner="SeleniumLibrary">
<msg time="2026-04-28T12:25:48.906234" level="INFO">Clicking element 'xpath=//li[contains(@class,'cus-select-dropdown')]'.</msg>
<arg>xpath=//li[contains(@class,'cus-select-dropdown')]</arg>
<doc>Click the element identified by ``locator``.</doc>
<status status="PASS" start="2026-04-28T12:25:48.905516" elapsed="0.098229"/>
</kw>
<kw name="Run Keyword And Return Status" owner="BuiltIn">
<kw name="Wait Until Element Is Visible" owner="SeleniumLibrary">
<msg time="2026-04-28T12:26:19.285422" level="INFO" html="true">&lt;/td&gt;&lt;/tr&gt;&lt;tr&gt;&lt;td colspan="3"&gt;&lt;a href="Screenshots/selenium-screenshot-2.png"&gt;&lt;img src="Screenshots/selenium-screenshot-2.png" width="800px"&gt;&lt;/a&gt;</msg>
<msg time="2026-04-28T12:26:19.285686" level="FAIL">Element 'xpath=//ul[contains(@class,'dropdown-list') and contains(@class,'shown')]' not visible after 30 seconds.</msg>
<arg>xpath=//ul[contains(@class,'dropdown-list') and contains(@class,'shown')]</arg>
<arg>${TIMEOUT_LONG}</arg>
<doc>Waits until the element ``locator`` is visible.</doc>
<status status="FAIL" start="2026-04-28T12:25:49.004584" elapsed="30.286821">Element 'xpath=//ul[contains(@class,'dropdown-list') and contains(@class,'shown')]' not visible after 30 seconds.</status>
</kw>
<msg time="2026-04-28T12:26:19.291678" level="INFO">${DROPDOWN_VISIBLE} = False</msg>
<var>${DROPDOWN_VISIBLE}</var>
<arg>Wait Until Element Is Visible</arg>
<arg>xpath=//ul[contains(@class,'dropdown-list') and contains(@class,'shown')]</arg>
<arg>${TIMEOUT_LONG}</arg>
<doc>Runs the specified keyword and returns the status as a Boolean value.</doc>
<status status="PASS" start="2026-04-28T12:25:49.004049" elapsed="30.287687"/>
</kw>
<if>
<branch type="IF" condition="${DROPDOWN_VISIBLE}">
<kw name="Wait Until Element Is Visible" owner="SeleniumLibrary">
<arg>xpath=//ul[contains(@class,'dropdown-list') and contains(@class,'shown')]//li[contains(normalize-space(), '${HOSPITAL_NAME}')]</arg>
<arg>${TIMEOUT_LONG}</arg>
<doc>Waits until the element ``locator`` is visible.</doc>
<status status="NOT RUN" start="2026-04-28T12:26:19.292230" elapsed="0.000052"/>
</kw>
<kw name="Click Element" owner="SeleniumLibrary">
<arg>xpath=//ul[contains(@class,'dropdown-list') and contains(@class,'shown')]//li[contains(normalize-space(), '${HOSPITAL_NAME}')]</arg>
<doc>Click the element identified by ``locator``.</doc>
<status status="NOT RUN" start="2026-04-28T12:26:19.292499" elapsed="0.000048"/>
</kw>
<kw name="Log To Console" owner="BuiltIn">
<arg>✅ Hospital selected: ${HOSPITAL_NAME}</arg>
<doc>Logs the given message to the console.</doc>
<status status="NOT RUN" start="2026-04-28T12:26:19.292744" elapsed="0.000044"/>
</kw>
<status status="NOT RUN" start="2026-04-28T12:26:19.291916" elapsed="0.000947"/>
</branch>
<branch type="ELSE">
<kw name="Get Text" owner="SeleniumLibrary">
<msg time="2026-04-28T12:26:19.322611" level="INFO">${DEFAULT_HOSPITAL} = Prince of Wales Private Hospital</msg>
<var>${DEFAULT_HOSPITAL}</var>
<arg>xpath=//li[contains(@class,'cus-select-dropdown')]//div[contains(@class,'b-p-2')]//div[1]</arg>
<doc>Returns the text value of the element identified by ``locator``.</doc>
<status status="PASS" start="2026-04-28T12:26:19.293119" elapsed="0.029571"/>
</kw>
<kw name="Should Be Equal" owner="BuiltIn">
<arg>${DEFAULT_HOSPITAL}</arg>
<arg>${HOSPITAL_NAME}</arg>
<doc>Fails if the given objects are unequal.</doc>
<status status="PASS" start="2026-04-28T12:26:19.322992" elapsed="0.000609"/>
</kw>
<kw name="Log To Console" owner="BuiltIn">
<arg>✅ Default hospital verified: ${DEFAULT_HOSPITAL}</arg>
<doc>Logs the given message to the console.</doc>
<status status="PASS" start="2026-04-28T12:26:19.323844" elapsed="0.000571"/>
</kw>
<status status="PASS" start="2026-04-28T12:26:19.292928" elapsed="0.031589"/>
</branch>
<status status="PASS" start="2026-04-28T12:26:19.291878" elapsed="0.032744"/>
</if>
<arg>${HOSPITAL_NAME}</arg>
<status status="PASS" start="2026-04-28T12:25:48.904811" elapsed="30.419965"/>
</kw>
<kw name="Sleep" owner="BuiltIn">
<msg time="2026-04-28T12:26:21.325574" level="INFO">Slept 2 seconds.</msg>
<arg>2s</arg>
<doc>Pauses the test executed for the given time.</doc>
<status status="PASS" start="2026-04-28T12:26:19.325052" elapsed="2.000684"/>
</kw>
<kw name="Sub Service selection" owner="BeewayDashboardPage">
<kw name="Wait Until Element Is Visible" owner="SeleniumLibrary">
<arg>xpath=//li[normalize-space()="${SUBSERVICE_NAME}"][1]</arg>
<arg>${TIMEOUT_LONG}</arg>
<doc>Waits until the element ``locator`` is visible.</doc>
<status status="PASS" start="2026-04-28T12:26:21.326653" elapsed="0.022843"/>
</kw>
<kw name="Click Element" owner="SeleniumLibrary">
<msg time="2026-04-28T12:26:21.350146" level="INFO">Clicking element 'xpath=//li[normalize-space()="Ans Roster"][1]'.</msg>
<arg>xpath=//li[normalize-space()="${SUBSERVICE_NAME}"][1]</arg>
<doc>Click the element identified by ``locator``.</doc>
<status status="PASS" start="2026-04-28T12:26:21.349799" elapsed="0.173101"/>
</kw>
<kw name="Log To Console" owner="BuiltIn">
<arg>✅ Sub-service selected: ${SUBSERVICE_NAME}</arg>
<doc>Logs the given message to the console.</doc>
<status status="PASS" start="2026-04-28T12:26:21.523518" elapsed="0.001097"/>
</kw>
<arg>${SUBSERVICE_NAME}</arg>
<status status="PASS" start="2026-04-28T12:26:21.326109" elapsed="0.198776"/>
</kw>
<kw name="Select Date from My Schedule" owner="BeewayDashboardPage">
<kw name="Select Year and Month" owner="PageSelect">
<kw name="Sleep" owner="BuiltIn">
<msg time="2026-04-28T12:26:23.529287" level="INFO">Slept 2 seconds.</msg>
<arg>2s</arg>
<doc>Pauses the test executed for the given time.</doc>
<status status="PASS" start="2026-04-28T12:26:21.527882" elapsed="2.001571"/>
</kw>
<kw name="Click Element With Path" owner="Buttons">
<kw name="Set Variable" owner="BuiltIn">
<msg time="2026-04-28T12:26:23.530854" level="INFO">${ELEMENT_PATH} = xpath=(//i[contains(@class,"fa-solid fa-calendar-days")])[1]</msg>
<var>${ELEMENT_PATH}</var>
<arg>xpath=(${PATH})[${INDEX}]</arg>
<doc>Returns the given values which can then be assigned to a variables.</doc>
<status status="PASS" start="2026-04-28T12:26:23.530329" elapsed="0.000578"/>
</kw>
<kw name="Wait Until Element Is Visible" owner="SeleniumLibrary">
<arg>${ELEMENT_PATH}</arg>
<arg>${TIMEOUT}</arg>
<doc>Waits until the element ``locator`` is visible.</doc>
<status status="PASS" start="2026-04-28T12:26:23.531141" elapsed="0.024227"/>
</kw>
<kw name="Click Element" owner="SeleniumLibrary">
<msg time="2026-04-28T12:26:23.556004" level="INFO">Clicking element 'xpath=(//i[contains(@class,"fa-solid fa-calendar-days")])[1]'.</msg>
<arg>${ELEMENT_PATH}</arg>
<doc>Click the element identified by ``locator``.</doc>
<status status="PASS" start="2026-04-28T12:26:23.555681" elapsed="0.084320"/>
</kw>
<kw name="Log To Console" owner="BuiltIn">
<arg>Clicked element with path ${PATH}</arg>
<doc>Logs the given message to the console.</doc>
<status status="PASS" start="2026-04-28T12:26:23.640755" elapsed="0.001492"/>
</kw>
<arg>//i[contains(@class,"fa-solid fa-calendar-days")]</arg>
<status status="PASS" start="2026-04-28T12:26:23.529811" elapsed="0.112694"/>
</kw>
<kw name="Set Variable" owner="BuiltIn">
<msg time="2026-04-28T12:26:23.643313" level="INFO">${SMALL_CALENDAR_PATH} = //div[contains(@class,"small-calender")]</msg>
<var>${SMALL_CALENDAR_PATH}</var>
<arg>//div[contains(@class,"small-calender")]</arg>
<doc>Returns the given values which can then be assigned to a variables.</doc>
<status status="PASS" start="2026-04-28T12:26:23.642820" elapsed="0.000550"/>
</kw>
<kw name="Click Element With Path" owner="Buttons">
<kw name="Set Variable" owner="BuiltIn">
<msg time="2026-04-28T12:26:23.646567" level="INFO">${ELEMENT_PATH} = xpath=(//div[contains(@class,"small-calender")]/div/div/ul/li[normalize-space(text())="MAY"])[1]</msg>
<var>${ELEMENT_PATH}</var>
<arg>xpath=(${PATH})[${INDEX}]</arg>
<doc>Returns the given values which can then be assigned to a variables.</doc>
<status status="PASS" start="2026-04-28T12:26:23.645639" elapsed="0.001036"/>
</kw>
<kw name="Wait Until Element Is Visible" owner="SeleniumLibrary">
<arg>${ELEMENT_PATH}</arg>
<arg>${TIMEOUT}</arg>
<doc>Waits until the element ``locator`` is visible.</doc>
<status status="PASS" start="2026-04-28T12:26:23.647190" elapsed="0.044967"/>
</kw>
<kw name="Click Element" owner="SeleniumLibrary">
<msg time="2026-04-28T12:26:23.692851" level="INFO">Clicking element 'xpath=(//div[contains(@class,"small-calender")]/div/div/ul/li[normalize-space(text())="MAY"])[1]'.</msg>
<arg>${ELEMENT_PATH}</arg>
<doc>Click the element identified by ``locator``.</doc>
<status status="PASS" start="2026-04-28T12:26:23.692482" elapsed="0.109808"/>
</kw>
<kw name="Log To Console" owner="BuiltIn">
<arg>Clicked element with path ${PATH}</arg>
<doc>Logs the given message to the console.</doc>
<status status="PASS" start="2026-04-28T12:26:23.802761" elapsed="0.000878"/>
</kw>
<arg>${SMALL_CALENDAR_PATH}/div/div/ul/li[normalize-space(text())="${MONTH}"]</arg>
<status status="PASS" start="2026-04-28T12:26:23.644320" elapsed="0.159547"/>
</kw>
<kw name="Click Element With Path" owner="Buttons">
<kw name="Set Variable" owner="BuiltIn">
<msg time="2026-04-28T12:26:23.806113" level="INFO">${ELEMENT_PATH} = xpath=(//div[contains(@class,"small-calender")]/ul/li[normalize-space(text())="Year"])[1]</msg>
<var>${ELEMENT_PATH}</var>
<arg>xpath=(${PATH})[${INDEX}]</arg>
<doc>Returns the given values which can then be assigned to a variables.</doc>
<status status="PASS" start="2026-04-28T12:26:23.805480" elapsed="0.000688"/>
</kw>
<kw name="Wait Until Element Is Visible" owner="SeleniumLibrary">
<arg>${ELEMENT_PATH}</arg>
<arg>${TIMEOUT}</arg>
<doc>Waits until the element ``locator`` is visible.</doc>
<status status="PASS" start="2026-04-28T12:26:23.806411" elapsed="0.033694"/>
</kw>
<kw name="Click Element" owner="SeleniumLibrary">
<msg time="2026-04-28T12:26:23.840973" level="INFO">Clicking element 'xpath=(//div[contains(@class,"small-calender")]/ul/li[normalize-space(text())="Year"])[1]'.</msg>
<arg>${ELEMENT_PATH}</arg>
<doc>Click the element identified by ``locator``.</doc>
<status status="PASS" start="2026-04-28T12:26:23.840443" elapsed="0.410612"/>
</kw>
<kw name="Log To Console" owner="BuiltIn">
<arg>Clicked element with path ${PATH}</arg>
<doc>Logs the given message to the console.</doc>
<status status="PASS" start="2026-04-28T12:26:24.251627" elapsed="0.004176"/>
</kw>
<arg>${SMALL_CALENDAR_PATH}/ul/li[normalize-space(text())="Year"]</arg>
<status status="PASS" start="2026-04-28T12:26:23.804395" elapsed="0.451686"/>
</kw>
<kw name="Click Element With Path" owner="Buttons">
<kw name="Set Variable" owner="BuiltIn">
<msg time="2026-04-28T12:26:24.258773" level="INFO">${ELEMENT_PATH} = xpath=(//div[contains(@class,"small-calender")]/div/ul/li[normalize-space(text())="2026"])[1]</msg>
<var>${ELEMENT_PATH}</var>
<arg>xpath=(${PATH})[${INDEX}]</arg>
<doc>Returns the given values which can then be assigned to a variables.</doc>
<status status="PASS" start="2026-04-28T12:26:24.257803" elapsed="0.001082"/>
</kw>
<kw name="Wait Until Element Is Visible" owner="SeleniumLibrary">
<arg>${ELEMENT_PATH}</arg>
<arg>${TIMEOUT}</arg>
<doc>Waits until the element ``locator`` is visible.</doc>
<status status="PASS" start="2026-04-28T12:26:24.259395" elapsed="0.052742"/>
</kw>
<kw name="Click Element" owner="SeleniumLibrary">
<msg time="2026-04-28T12:26:24.313850" level="INFO">Clicking element 'xpath=(//div[contains(@class,"small-calender")]/div/ul/li[normalize-space(text())="2026"])[1]'.</msg>
<arg>${ELEMENT_PATH}</arg>
<doc>Click the element identified by ``locator``.</doc>
<status status="PASS" start="2026-04-28T12:26:24.312648" elapsed="0.142428"/>
</kw>
<kw name="Log To Console" owner="BuiltIn">
<arg>Clicked element with path ${PATH}</arg>
<doc>Logs the given message to the console.</doc>
<status status="PASS" start="2026-04-28T12:26:24.455652" elapsed="0.001032"/>
</kw>
<arg>${SMALL_CALENDAR_PATH}/div/ul/li[normalize-space(text())="${YEAR}"]</arg>
<status status="PASS" start="2026-04-28T12:26:24.256606" elapsed="0.200356"/>
</kw>
<kw name="Button Click" owner="Buttons">
<kw name="Set Variable" owner="BuiltIn">
<msg time="2026-04-28T12:26:24.459681" level="INFO">${BASE_PATH} = //button[normalize-space()="Done"]</msg>
<var>${BASE_PATH}</var>
<arg>//button[normalize-space()="${LABEL}"]</arg>
<doc>Returns the given values which can then be assigned to a variables.</doc>
<status status="PASS" start="2026-04-28T12:26:24.458673" elapsed="0.001117"/>
</kw>
<kw name="Set Variable" owner="BuiltIn">
<msg time="2026-04-28T12:26:24.461166" level="INFO">${BUTTON_PATH} = xpath=(//button[normalize-space()="Done"])[1]</msg>
<var>${BUTTON_PATH}</var>
<arg>xpath=(${BASE_PATH})[${INDEX}]</arg>
<doc>Returns the given values which can then be assigned to a variables.</doc>
<status status="PASS" start="2026-04-28T12:26:24.460221" elapsed="0.001074"/>
</kw>
<kw name="Wait Until Element Is Visible" owner="SeleniumLibrary">
<arg>${BUTTON_PATH}</arg>
<arg>${TIMEOUT}</arg>
<doc>Waits until the element ``locator`` is visible.</doc>
<status status="PASS" start="2026-04-28T12:26:24.461811" elapsed="0.039075"/>
</kw>
<kw name="Click Button" owner="SeleniumLibrary">
<msg time="2026-04-28T12:26:24.501790" level="INFO">Clicking button 'xpath=(//button[normalize-space()="Done"])[1]'.</msg>
<arg>${BUTTON_PATH}</arg>
<doc>Clicks the button identified by ``locator``.</doc>
<status status="PASS" start="2026-04-28T12:26:24.501301" elapsed="0.248374"/>
</kw>
<kw name="Log To Console" owner="BuiltIn">
<arg>Clicked button with label ${LABEL}</arg>
<doc>Logs the given message to the console.</doc>
<status status="PASS" start="2026-04-28T12:26:24.751687" elapsed="0.004830"/>
</kw>
<arg>Done</arg>
<status status="PASS" start="2026-04-28T12:26:24.457553" elapsed="0.299424"/>
</kw>
<kw name="Sleep" owner="BuiltIn">
<msg time="2026-04-28T12:26:26.759733" level="INFO">Slept 2 seconds.</msg>
<arg>2s</arg>
<doc>Pauses the test executed for the given time.</doc>
<status status="PASS" start="2026-04-28T12:26:24.757789" elapsed="2.002187"/>
</kw>
<arg>${YEAR}</arg>
<arg>${MONTH}</arg>
<status status="PASS" start="2026-04-28T12:26:21.526813" elapsed="5.233419"/>
</kw>
<if>
<branch type="IF" condition="'Chris' not in '${HOSPITAL_NAME}'">
<kw name="Maximize Calendar" owner="BeewayDashboardPage">
<kw name="Wait Until Element Is Visible" owner="SeleniumLibrary">
<arg>xpath=(//li[normalize-space()='Maximize'])[1]</arg>
<arg>${TIMEOUT_LONG}</arg>
<doc>Waits until the element ``locator`` is visible.</doc>
<status status="PASS" start="2026-04-28T12:26:26.762067" elapsed="0.032491"/>
</kw>
<kw name="Click Element" owner="SeleniumLibrary">
<msg time="2026-04-28T12:26:26.795224" level="INFO">Clicking element 'xpath=(//li[normalize-space()='Maximize'])[1]'.</msg>
<arg>xpath=(//li[normalize-space()='Maximize'])[1]</arg>
<doc>Click the element identified by ``locator``.</doc>
<status status="PASS" start="2026-04-28T12:26:26.794914" elapsed="0.146334"/>
</kw>
<kw name="Log To Console" owner="BuiltIn">
<arg>✅ Calendar maximized</arg>
<doc>Logs the given message to the console.</doc>
<status status="PASS" start="2026-04-28T12:26:26.942120" elapsed="0.000978"/>
</kw>
<kw name="Sleep" owner="BuiltIn">
<msg time="2026-04-28T12:26:31.944482" level="INFO">Slept 5 seconds.</msg>
<arg>5s</arg>
<doc>Pauses the test executed for the given time.</doc>
<status status="PASS" start="2026-04-28T12:26:26.943589" elapsed="5.001057"/>
</kw>
<status status="PASS" start="2026-04-28T12:26:26.761291" elapsed="5.183511"/>
</kw>
<status status="PASS" start="2026-04-28T12:26:26.760504" elapsed="5.184371"/>
</branch>
<status status="PASS" start="2026-04-28T12:26:26.760440" elapsed="5.184513"/>
</if>
<kw name="Scroll Element Into View" owner="SeleniumLibrary">
<arg>xpath=(//li[.//div[contains(@class,'date') and normalize-space()='${DATE}']])[1]</arg>
<doc>Scrolls the element identified by ``locator`` into view.</doc>
<status status="PASS" start="2026-04-28T12:26:31.945201" elapsed="0.299513"/>
</kw>
<arg>${YEAR}</arg>
<arg>${MONTH}</arg>
<arg>${DATE}</arg>
<arg>${HOSPITAL_NAME}</arg>
<status status="PASS" start="2026-04-28T12:26:21.525492" elapsed="10.719506"/>
</kw>
<kw name="Run Keyword And Return Status" owner="BuiltIn">
<kw name="User Shift exist Status" owner="BeewayDashboardPage">
<kw name="Set Variable" owner="BuiltIn">
<msg time="2026-04-28T12:26:32.249145" level="INFO">${USER_SHIFT_LIST} = //li[.//div[contains(@class,'date') and normalize-space()='05']]//h4[normalize-space()='Adrian AALNSTU']/ancestor::div[contains(@class,'user-section')][1][.//span[contains(@class,'shift-tme') and norm...</msg>
<var>${USER_SHIFT_LIST}</var>
<arg>//li[.//div[contains(@class,'date') and normalize-space()='${DATE}']]//h4[normalize-space()='${DOCTOR_NAME}']/ancestor::div[contains(@class,'user-section')][1][.//span[contains(@class,'shift-tme') and normalize-space()='${TIME}']]</arg>
<doc>Returns the given values which can then be assigned to a variables.</doc>
<status status="PASS" start="2026-04-28T12:26:32.248118" elapsed="0.001134"/>
</kw>
<kw name="Log To Console" owner="BuiltIn">
<arg>Shift XPath: ${USER_SHIFT_LIST}</arg>
<doc>Logs the given message to the console.</doc>
<status status="PASS" start="2026-04-28T12:26:32.249693" elapsed="0.000960"/>
</kw>
<kw name="Wait Until Element Is Visible" owner="SeleniumLibrary">
<msg time="2026-04-28T12:27:02.574746" level="INFO" html="true">&lt;/td&gt;&lt;/tr&gt;&lt;tr&gt;&lt;td colspan="3"&gt;&lt;a href="Screenshots/selenium-screenshot-3.png"&gt;&lt;img src="Screenshots/selenium-screenshot-3.png" width="800px"&gt;&lt;/a&gt;</msg>
<msg time="2026-04-28T12:27:02.574976" level="FAIL">Element 'xpath=//li[.//div[contains(@class,'date') and normalize-space()='05']]//h4[normalize-space()='Adrian AALNSTU']/ancestor::div[contains(@class,'user-section')][1][.//span[contains(@class,'shift-tme') and normalize-space()='15:00-22:00']]' not visible after 30 seconds.</msg>
<arg>xpath=${USER_SHIFT_LIST}</arg>
<arg>${TIMEOUT_LONG}</arg>
<doc>Waits until the element ``locator`` is visible.</doc>
<status status="FAIL" start="2026-04-28T12:26:32.251276" elapsed="30.325567">Element 'xpath=//li[.//div[contains(@class,'date') and normalize-space()='05']]//h4[normalize-space()='Adrian AALNSTU']/ancestor::div[contains(@class,'user-section')][1][.//span[contains(@class,'shift-tme') and normalize-space()='15:00-22:00']]' not visible after 30 seconds.</status>
</kw>
<kw name="Scroll Element Into View" owner="SeleniumLibrary">
<arg>xpath=${USER_SHIFT_LIST}</arg>
<doc>Scrolls the element identified by ``locator`` into view.</doc>
<status status="NOT RUN" start="2026-04-28T12:27:02.577186" elapsed="0.000057"/>
</kw>
<kw name="Run Keyword And Return Status" owner="BuiltIn">
<var>${exists}</var>
<arg>Page Should Contain Element</arg>
<arg>xpath=${USER_SHIFT_LIST}</arg>
<doc>Runs the specified keyword and returns the status as a Boolean value.</doc>
<status status="NOT RUN" start="2026-04-28T12:27:02.577477" elapsed="0.000047"/>
</kw>
<return>
<value>${exists}</value>
<status status="NOT RUN" start="2026-04-28T12:27:02.577629" elapsed="0.000045"/>
</return>
<arg>${DATE}</arg>
<arg>${DOCTOR_NAME}</arg>
<arg>${TIME}</arg>
<status status="FAIL" start="2026-04-28T12:26:32.246943" elapsed="30.330927">Element 'xpath=//li[.//div[contains(@class,'date') and normalize-space()='05']]//h4[normalize-space()='Adrian AALNSTU']/ancestor::div[contains(@class,'user-section')][1][.//span[contains(@class,'shift-tme') and normalize-space()='15:00-22:00']]' not visible after 30 seconds.</status>
</kw>
<msg time="2026-04-28T12:27:02.578066" level="INFO">${USER_SHIFT_EXISTS} = False</msg>
<var>${USER_SHIFT_EXISTS}</var>
<arg>User Shift exist Status</arg>
<arg>${DATE}</arg>
<arg>${DOCTOR_NAME}</arg>
<arg>${TIME}</arg>
<doc>Runs the specified keyword and returns the status as a Boolean value.</doc>
<status status="PASS" start="2026-04-28T12:26:32.245594" elapsed="30.332523"/>
</kw>
<kw name="Run Keyword If" owner="BuiltIn">
<kw name="Log To Console" owner="BuiltIn">
<arg>Shift successfully deleted for ${DOCTOR_NAME} on ${DATE} with timing ${TIME}</arg>
<doc>Logs the given message to the console.</doc>
<status status="PASS" start="2026-04-28T12:27:02.578999" elapsed="0.000579"/>
</kw>
<arg>${USER_SHIFT_EXISTS}</arg>
<arg>Fail</arg>
<arg>Shift still exists for ${DOCTOR_NAME} on ${DATE} with timing ${TIME}</arg>
<arg>ELSE</arg>
<arg>Log To Console</arg>
[...]
<arg>${HOSPITAL_NAME}</arg>
<doc>Fails if the given objects are unequal.</doc>
<status status="NOT RUN" start="2026-04-28T12:34:30.509131" elapsed="0.000047"/>
</kw>
<kw name="Log To Console" owner="BuiltIn">
<arg>✅ Default hospital verified: ${DEFAULT_HOSPITAL}</arg>
<doc>Logs the given message to the console.</doc>
<status status="NOT RUN" start="2026-04-28T12:34:30.509384" elapsed="0.000046"/>
</kw>
<status status="NOT RUN" start="2026-04-28T12:34:30.508593" elapsed="0.000909"/>
</branch>
<status status="PASS" start="2026-04-28T12:34:30.338867" elapsed="0.170696"/>
</if>
<arg>${HOSPITAL_NAME}</arg>
<status status="PASS" start="2026-04-28T12:34:29.953526" elapsed="0.556129"/>
</kw>
<kw name="Sleep" owner="BuiltIn">
<msg time="2026-04-28T12:34:32.510488" level="INFO">Slept 2 seconds.</msg>
<arg>2s</arg>
<doc>Pauses the test executed for the given time.</doc>
<status status="PASS" start="2026-04-28T12:34:30.509858" elapsed="2.000796"/>
</kw>
<kw name="Sub Service selection" owner="BeewayDashboardPage">
<kw name="Wait Until Element Is Visible" owner="SeleniumLibrary">
<arg>xpath=//li[normalize-space()="${SUBSERVICE_NAME}"][1]</arg>
<arg>${TIMEOUT_LONG}</arg>
<doc>Waits until the element ``locator`` is visible.</doc>
<status status="PASS" start="2026-04-28T12:34:32.511522" elapsed="0.022798"/>
</kw>
<kw name="Click Element" owner="SeleniumLibrary">
<msg time="2026-04-28T12:34:32.535013" level="INFO">Clicking element 'xpath=//li[normalize-space()="Med Roster"][1]'.</msg>
<arg>xpath=//li[normalize-space()="${SUBSERVICE_NAME}"][1]</arg>
<doc>Click the element identified by ``locator``.</doc>
<status status="PASS" start="2026-04-28T12:34:32.534647" elapsed="0.544946"/>
</kw>
<kw name="Log To Console" owner="BuiltIn">
<arg>✅ Sub-service selected: ${SUBSERVICE_NAME}</arg>
<doc>Logs the given message to the console.</doc>
<status status="PASS" start="2026-04-28T12:34:33.079911" elapsed="0.000633"/>
</kw>
<arg>${SUBSERVICE_NAME}</arg>
<status status="PASS" start="2026-04-28T12:34:32.510996" elapsed="0.569703"/>
</kw>
<kw name="Sleep" owner="BuiltIn">
<msg time="2026-04-28T12:34:35.081929" level="INFO">Slept 2 seconds.</msg>
<arg>2s</arg>
<doc>Pauses the test executed for the given time.</doc>
<status status="PASS" start="2026-04-28T12:34:33.080977" elapsed="2.001256"/>
</kw>
<kw name="Select Date from Hospital Schedule" owner="BeewayDashboardPage">
<kw name="Select Year and Month" owner="PageSelect">
<kw name="Sleep" owner="BuiltIn">
<msg time="2026-04-28T12:34:37.086689" level="INFO">Slept 2 seconds.</msg>
<arg>2s</arg>
<doc>Pauses the test executed for the given time.</doc>
<status status="PASS" start="2026-04-28T12:34:35.085172" elapsed="2.001775"/>
</kw>
<kw name="Click Element With Path" owner="Buttons">
<kw name="Set Variable" owner="BuiltIn">
<msg time="2026-04-28T12:34:37.089546" level="INFO">${ELEMENT_PATH} = xpath=(//i[contains(@class,"fa-solid fa-calendar-days")])[1]</msg>
<var>${ELEMENT_PATH}</var>
<arg>xpath=(${PATH})[${INDEX}]</arg>
<doc>Returns the given values which can then be assigned to a variables.</doc>
<status status="PASS" start="2026-04-28T12:34:37.088559" elapsed="0.001097"/>
</kw>
<kw name="Wait Until Element Is Visible" owner="SeleniumLibrary">
<arg>${ELEMENT_PATH}</arg>
<arg>${TIMEOUT}</arg>
<doc>Waits until the element ``locator`` is visible.</doc>
<status status="PASS" start="2026-04-28T12:34:37.090110" elapsed="0.038781"/>
</kw>
<kw name="Click Element" owner="SeleniumLibrary">
<msg time="2026-04-28T12:34:37.129953" level="INFO">Clicking element 'xpath=(//i[contains(@class,"fa-solid fa-calendar-days")])[1]'.</msg>
<arg>${ELEMENT_PATH}</arg>
<doc>Click the element identified by ``locator``.</doc>
<status status="PASS" start="2026-04-28T12:34:37.129422" elapsed="0.133398"/>
</kw>
<kw name="Log To Console" owner="BuiltIn">
<arg>Clicked element with path ${PATH}</arg>
<doc>Logs the given message to the console.</doc>
<status status="PASS" start="2026-04-28T12:34:37.263302" elapsed="0.000876"/>
</kw>
<arg>//i[contains(@class,"fa-solid fa-calendar-days")]</arg>
<status status="PASS" start="2026-04-28T12:34:37.087578" elapsed="0.176849"/>
</kw>
<kw name="Set Variable" owner="BuiltIn">
<msg time="2026-04-28T12:34:37.265614" level="INFO">${SMALL_CALENDAR_PATH} = //div[contains(@class,"small-calender")]</msg>
<var>${SMALL_CALENDAR_PATH}</var>
<arg>//div[contains(@class,"small-calender")]</arg>
<doc>Returns the given values which can then be assigned to a variables.</doc>
<status status="PASS" start="2026-04-28T12:34:37.264869" elapsed="0.000837"/>
</kw>
<kw name="Click Element With Path" owner="Buttons">
<kw name="Set Variable" owner="BuiltIn">
<msg time="2026-04-28T12:34:37.267712" level="INFO">${ELEMENT_PATH} = xpath=(//div[contains(@class,"small-calender")]/div/div/ul/li[normalize-space(text())="JUL"])[1]</msg>
<var>${ELEMENT_PATH}</var>
<arg>xpath=(${PATH})[${INDEX}]</arg>
<doc>Returns the given values which can then be assigned to a variables.</doc>
<status status="PASS" start="2026-04-28T12:34:37.266853" elapsed="0.000970"/>
</kw>
<kw name="Wait Until Element Is Visible" owner="SeleniumLibrary">
<arg>${ELEMENT_PATH}</arg>
<arg>${TIMEOUT}</arg>
<doc>Waits until the element ``locator`` is visible.</doc>
<status status="PASS" start="2026-04-28T12:34:37.268279" elapsed="0.039127"/>
</kw>
<kw name="Click Element" owner="SeleniumLibrary">
<msg time="2026-04-28T12:34:37.308285" level="INFO">Clicking element 'xpath=(//div[contains(@class,"small-calender")]/div/div/ul/li[normalize-space(text())="JUL"])[1]'.</msg>
<arg>${ELEMENT_PATH}</arg>
<doc>Click the element identified by ``locator``.</doc>
<status status="PASS" start="2026-04-28T12:34:37.307824" elapsed="0.092778"/>
</kw>
<kw name="Log To Console" owner="BuiltIn">
<arg>Clicked element with path ${PATH}</arg>
<doc>Logs the given message to the console.</doc>
<status status="PASS" start="2026-04-28T12:34:37.400930" elapsed="0.000688"/>
</kw>
<arg>${SMALL_CALENDAR_PATH}/div/div/ul/li[normalize-space(text())="${MONTH}"]</arg>
<status status="PASS" start="2026-04-28T12:34:37.266106" elapsed="0.135769"/>
</kw>
<kw name="Click Element With Path" owner="Buttons">
<kw name="Set Variable" owner="BuiltIn">
<msg time="2026-04-28T12:34:37.404742" level="INFO">${ELEMENT_PATH} = xpath=(//div[contains(@class,"small-calender")]/ul/li[normalize-space(text())="Year"])[1]</msg>
<var>${ELEMENT_PATH}</var>
<arg>xpath=(${PATH})[${INDEX}]</arg>
<doc>Returns the given values which can then be assigned to a variables.</doc>
<status status="PASS" start="2026-04-28T12:34:37.403571" elapsed="0.001283"/>
</kw>
<kw name="Wait Until Element Is Visible" owner="SeleniumLibrary">
<arg>${ELEMENT_PATH}</arg>
<arg>${TIMEOUT}</arg>
<doc>Waits until the element ``locator`` is visible.</doc>
<status status="PASS" start="2026-04-28T12:34:37.405203" elapsed="0.024781"/>
</kw>
<kw name="Click Element" owner="SeleniumLibrary">
<msg time="2026-04-28T12:34:37.430590" level="INFO">Clicking element 'xpath=(//div[contains(@class,"small-calender")]/ul/li[normalize-space(text())="Year"])[1]'.</msg>
<arg>${ELEMENT_PATH}</arg>
<doc>Click the element identified by ``locator``.</doc>
<status status="PASS" start="2026-04-28T12:34:37.430284" elapsed="0.087874"/>
</kw>
<kw name="Log To Console" owner="BuiltIn">
<arg>Clicked element with path ${PATH}</arg>
<doc>Logs the given message to the console.</doc>
<status status="PASS" start="2026-04-28T12:34:37.518603" elapsed="0.000940"/>
</kw>
<arg>${SMALL_CALENDAR_PATH}/ul/li[normalize-space(text())="Year"]</arg>
<status status="PASS" start="2026-04-28T12:34:37.402369" elapsed="0.117378"/>
</kw>
<kw name="Click Element With Path" owner="Buttons">
<kw name="Set Variable" owner="BuiltIn">
<msg time="2026-04-28T12:34:37.522469" level="INFO">${ELEMENT_PATH} = xpath=(//div[contains(@class,"small-calender")]/div/ul/li[normalize-space(text())="2026"])[1]</msg>
<var>${ELEMENT_PATH}</var>
<arg>xpath=(${PATH})[${INDEX}]</arg>
<doc>Returns the given values which can then be assigned to a variables.</doc>
<status status="PASS" start="2026-04-28T12:34:37.521897" elapsed="0.000629"/>
</kw>
<kw name="Wait Until Element Is Visible" owner="SeleniumLibrary">
<arg>${ELEMENT_PATH}</arg>
<arg>${TIMEOUT}</arg>
<doc>Waits until the element ``locator`` is visible.</doc>
<status status="PASS" start="2026-04-28T12:34:37.522778" elapsed="0.024874"/>
</kw>
<kw name="Click Element" owner="SeleniumLibrary">
<msg time="2026-04-28T12:34:37.548286" level="INFO">Clicking element 'xpath=(//div[contains(@class,"small-calender")]/div/ul/li[normalize-space(text())="2026"])[1]'.</msg>
<arg>${ELEMENT_PATH}</arg>
<doc>Click the element identified by ``locator``.</doc>
<status status="PASS" start="2026-04-28T12:34:37.547967" elapsed="0.069090"/>
</kw>
<kw name="Log To Console" owner="BuiltIn">
<arg>Clicked element with path ${PATH}</arg>
<doc>Logs the given message to the console.</doc>
<status status="PASS" start="2026-04-28T12:34:37.617349" elapsed="0.000597"/>
</kw>
<arg>${SMALL_CALENDAR_PATH}/div/ul/li[normalize-space(text())="${YEAR}"]</arg>
<status status="PASS" start="2026-04-28T12:34:37.520582" elapsed="0.097519"/>
</kw>
<kw name="Button Click" owner="Buttons">
<kw name="Set Variable" owner="BuiltIn">
<msg time="2026-04-28T12:34:37.619387" level="INFO">${BASE_PATH} = //button[normalize-space()="Done"]</msg>
<var>${BASE_PATH}</var>
<arg>//button[normalize-space()="${LABEL}"]</arg>
<doc>Returns the given values which can then be assigned to a variables.</doc>
<status status="PASS" start="2026-04-28T12:34:37.618946" elapsed="0.000490"/>
</kw>
<kw name="Set Variable" owner="BuiltIn">
<msg time="2026-04-28T12:34:37.620086" level="INFO">${BUTTON_PATH} = xpath=(//button[normalize-space()="Done"])[1]</msg>
<var>${BUTTON_PATH}</var>
<arg>xpath=(${BASE_PATH})[${INDEX}]</arg>
<doc>Returns the given values which can then be assigned to a variables.</doc>
<status status="PASS" start="2026-04-28T12:34:37.619639" elapsed="0.000494"/>
</kw>
<kw name="Wait Until Element Is Visible" owner="SeleniumLibrary">
<arg>${BUTTON_PATH}</arg>
<arg>${TIMEOUT}</arg>
<doc>Waits until the element ``locator`` is visible.</doc>
<status status="PASS" start="2026-04-28T12:34:37.620339" elapsed="0.025846"/>
</kw>
<kw name="Click Button" owner="SeleniumLibrary">
<msg time="2026-04-28T12:34:37.647432" level="INFO">Clicking button 'xpath=(//button[normalize-space()="Done"])[1]'.</msg>
<arg>${BUTTON_PATH}</arg>
<doc>Clicks the button identified by ``locator``.</doc>
<status status="PASS" start="2026-04-28T12:34:37.646797" elapsed="0.131376"/>
</kw>
<kw name="Log To Console" owner="BuiltIn">
<arg>Clicked button with label ${LABEL}</arg>
<doc>Logs the given message to the console.</doc>
<status status="PASS" start="2026-04-28T12:34:37.778485" elapsed="0.000710"/>
</kw>
<arg>Done</arg>
<status status="PASS" start="2026-04-28T12:34:37.618472" elapsed="0.160970"/>
</kw>
<kw name="Sleep" owner="BuiltIn">
<msg time="2026-04-28T12:34:39.780510" level="INFO">Slept 2 seconds.</msg>
<arg>2s</arg>
<doc>Pauses the test executed for the given time.</doc>
<status status="PASS" start="2026-04-28T12:34:37.779872" elapsed="2.000898"/>
</kw>
<arg>${YEAR}</arg>
<arg>${MONTH}</arg>
<status status="PASS" start="2026-04-28T12:34:35.084272" elapsed="4.696760"/>
</kw>
<if>
<branch type="IF" condition="'Chris' not in '${HOSPITAL_NAME}'">
<kw name="Maximize Calendar" owner="BeewayDashboardPage">
<kw name="Wait Until Element Is Visible" owner="SeleniumLibrary">
<arg>xpath=(//li[normalize-space()='Maximize'])[1]</arg>
<arg>${TIMEOUT_LONG}</arg>
<doc>Waits until the element ``locator`` is visible.</doc>
<status status="PASS" start="2026-04-28T12:34:39.782837" elapsed="0.038592"/>
</kw>
<kw name="Click Element" owner="SeleniumLibrary">
<msg time="2026-04-28T12:34:39.822473" level="INFO">Clicking element 'xpath=(//li[normalize-space()='Maximize'])[1]'.</msg>
<arg>xpath=(//li[normalize-space()='Maximize'])[1]</arg>
<doc>Click the element identified by ``locator``.</doc>
<status status="PASS" start="2026-04-28T12:34:39.821981" elapsed="0.195441"/>
</kw>
<kw name="Log To Console" owner="BuiltIn">
<arg>✅ Calendar maximized</arg>
<doc>Logs the given message to the console.</doc>
<status status="PASS" start="2026-04-28T12:34:40.017835" elapsed="0.000801"/>
</kw>
<kw name="Sleep" owner="BuiltIn">
<msg time="2026-04-28T12:34:45.020082" level="INFO">Slept 5 seconds.</msg>
<arg>5s</arg>
<doc>Pauses the test executed for the given time.</doc>
<status status="PASS" start="2026-04-28T12:34:40.019137" elapsed="5.001190"/>
</kw>
<status status="PASS" start="2026-04-28T12:34:39.782082" elapsed="5.238496"/>
</kw>
<status status="PASS" start="2026-04-28T12:34:39.781305" elapsed="5.239403"/>
</branch>
<status status="PASS" start="2026-04-28T12:34:39.781237" elapsed="5.239609"/>
</if>
<kw name="Scroll Element Into View" owner="SeleniumLibrary">
<arg>xpath=(//li[.//div[normalize-space()='${DATE}']])[1]</arg>
<doc>Scrolls the element identified by ``locator`` into view.</doc>
<status status="PASS" start="2026-04-28T12:34:45.021243" elapsed="0.336434"/>
</kw>
<arg>${YEAR}</arg>
<arg>${MONTH}</arg>
<arg>${DATE}</arg>
<arg>${HOSPITAL_NAME}</arg>
<status status="PASS" start="2026-04-28T12:34:35.082935" elapsed="10.274993"/>
</kw>
<kw name="Set Variable" owner="BuiltIn">
<msg time="2026-04-28T12:34:45.358900" level="INFO">${DATE_XPATH} = (//li[.//div[normalize-space()='22']])[1]</msg>
<var>${DATE_XPATH}</var>
<arg>(//li[.//div[normalize-space()='${DATE}']])[1]</arg>
<doc>Returns the given values which can then be assigned to a variables.</doc>
<status status="PASS" start="2026-04-28T12:34:45.358293" elapsed="0.000666"/>
</kw>
<kw name="Set Variable" owner="BuiltIn">
<msg time="2026-04-28T12:34:45.360109" level="INFO">${SHIFT_XPATH} = xpath=(//li[.//div[normalize-space()='22']])[1]//h4[normalize-space()='Aditi AHKNO']/ancestor::div[contains(@class,'user-section')][1][.//span[contains(@class,'time') and normalize-space()='07:00-19:0...</msg>
<var>${SHIFT_XPATH}</var>
<arg>xpath=${DATE_XPATH}//h4[normalize-space()='${DOCTOR_NAME}']/ancestor::div[contains(@class,'user-section')][1][.//span[contains(@class,'time') and normalize-space()='${TIME}']]</arg>
<doc>Returns the given values which can then be assigned to a variables.</doc>
<status status="PASS" start="2026-04-28T12:34:45.359229" elapsed="0.000990"/>
</kw>
<kw name="Wait Until Element Is Visible" owner="SeleniumLibrary">
<msg time="2026-04-28T12:35:15.636202" level="INFO" html="true">&lt;/td&gt;&lt;/tr&gt;&lt;tr&gt;&lt;td colspan="3"&gt;&lt;a href="Screenshots/selenium-screenshot-9.png"&gt;&lt;img src="Screenshots/selenium-screenshot-9.png" width="800px"&gt;&lt;/a&gt;</msg>
<msg time="2026-04-28T12:35:15.636399" level="FAIL">Element 'xpath=(//li[.//div[normalize-space()='22']])[1]//h4[normalize-space()='Aditi AHKNO']/ancestor::div[contains(@class,'user-section')][1][.//span[contains(@class,'time') and normalize-space()='07:00-19:00 ']]' not visible after 30 seconds.</msg>
<arg>${SHIFT_XPATH}</arg>
<arg>${TIMEOUT_LONG}</arg>
<doc>Waits until the element ``locator`` is visible.</doc>
<status status="FAIL" start="2026-04-28T12:34:45.360684" elapsed="30.278204">Element 'xpath=(//li[.//div[normalize-space()='22']])[1]//h4[normalize-space()='Aditi AHKNO']/ancestor::div[contains(@class,'user-section')][1][.//span[contains(@class,'time') and normalize-space()='07:00-19:00 ']]' not visible after 30 seconds.</status>
</kw>
<kw name="Click Element" owner="SeleniumLibrary">
<arg>${SHIFT_XPATH}</arg>
<doc>Click the element identified by ``locator``.</doc>
<status status="NOT RUN" start="2026-04-28T12:35:15.639528" elapsed="0.000089"/>
</kw>
<kw name="Button Click" owner="Buttons">
<arg>Delete</arg>
<status status="NOT RUN" start="2026-04-28T12:35:15.639957" elapsed="0.000062"/>
</kw>
<kw name="Button Click" owner="Buttons">
<arg>Delete Shift</arg>
<status status="NOT RUN" start="2026-04-28T12:35:15.640329" elapsed="0.000057"/>
</kw>
<arg>${HOSPITAL_NAME}</arg>
<arg>${SUBSERVICE_NAME}</arg>
<arg>${YEAR}</arg>
<arg>${MONTH}</arg>
<arg>${DATE}</arg>
<arg>${DOCTOR_NAME}</arg>
<arg>${TIME}</arg>
<tag>Regression</tag>
<tag>Smoke</tag>
<doc>Login to Bijib and delete shift in Beeway</doc>
<status status="FAIL" start="2026-04-28T12:34:14.197332" elapsed="61.443241">Element 'xpath=(//li[.//div[normalize-space()='22']])[1]//h4[normalize-space()='Aditi AHKNO']/ancestor::div[contains(@class,'user-section')][1][.//span[contains(@class,'time') and normalize-space()='07:00-19:00 ']]' not visible after 30 seconds.</status>
</kw>
<kw name="Sleep" owner="BuiltIn">
<arg>2s</arg>
<doc>Pauses the test executed for the given time.</doc>
<status status="NOT RUN" start="2026-04-28T12:35:15.640890" elapsed="0.000053"/>
</kw>
<kw name="Verify Shift is Deleted" owner="DeleteShiftPage">
<arg>${DATE}</arg>
<arg>${DOCTOR_NAME}</arg>
<arg>${TIME}</arg>
<status status="NOT RUN" start="2026-04-28T12:35:15.641270" elapsed="0.000063"/>
</kw>
<kw name="Close Application Browser" owner="BrowserKeywords">
<status status="NOT RUN" start="2026-04-28T12:35:15.641613" elapsed="0.000055"/>
</kw>
<kw name="Open Browser To Application" owner="BrowserKeywords">
<status status="NOT RUN" start="2026-04-28T12:35:15.641902" elapsed="0.000049"/>
</kw>
<kw name="Get Day From Date" owner="DateKeywords">
<var>${DATE}</var>
<arg>${SHIFT_DATE_CONSTANT}</arg>
<status status="NOT RUN" start="2026-04-28T12:35:15.642209" elapsed="0.000048"/>
</kw>
<kw name="Get Month From Date" owner="DateKeywords">
<var>${MONTH}</var>
<arg>${SHIFT_DATE_CONSTANT}</arg>
<arg>short</arg>
<arg>True</arg>
<status status="NOT RUN" start="2026-04-28T12:35:15.642841" elapsed="0.000077"/>
</kw>
<kw name="Get Year From Date" owner="DateKeywords">
<var>${YEAR}</var>
<arg>${SHIFT_DATE_CONSTANT}</arg>
<status status="NOT RUN" start="2026-04-28T12:35:15.643195" elapsed="0.000047"/>
</kw>
<kw name="Validate Shift Deletion in User Login" owner="DeleteShiftPage">
<arg>${DOCTORLOGIN}</arg>
<arg>${HOSPITAL_NAME}</arg>
<arg>${SUBSERVICE_NAME}</arg>
<arg>${YEAR}</arg>
<arg>${MONTH}</arg>
<arg>${DATE}</arg>
<arg>${DOCTOR_NAME}</arg>
<arg>${TIME}</arg>
<arg>${SHIFT_TIME}</arg>
<arg>${DUTY_TYPE_SYMBOL}</arg>
<arg>${PAYMENT_TYPE}</arg>
<status status="NOT RUN" start="2026-04-28T12:35:15.643552" elapsed="0.000050"/>
</kw>
<arg>HOSPITAL_NAME=Prince of Wales Private Hospital</arg>
<arg>SUBSERVICE_NAME=Med Roster</arg>
<arg>SHIFT_DATE_CONSTANT=2026-07-22</arg>
<arg>DOCTOR_NAME=Aditi AHKNO</arg>
<arg>TIME=07:00-19:00 </arg>
<arg>SHIFT_TIME=07:00 - 19:00</arg>
<arg>DOCTORLOGIN=akhona</arg>
<arg>DUTY_TYPE_SYMBOL=plus</arg>
<arg>PAYMENT_TYPE=P</arg>
<tag>Regression</tag>
<tag>Smoke</tag>
<status status="FAIL" start="2026-04-28T12:34:14.174324" elapsed="61.469531">Element 'xpath=(//li[.//div[normalize-space()='22']])[1]//h4[normalize-space()='Aditi AHKNO']/ancestor::div[contains(@class,'user-section')][1][.//span[contains(@class,'time') and normalize-space()='07:00-19:00 ']]' not visible after 30 seconds.</status>
</kw>
<kw name="Close Application Browser" owner="BrowserKeywords" type="TEARDOWN">
<kw name="Close All Browsers" owner="SeleniumLibrary">
<doc>Closes all open browsers and resets the browser cache.</doc>
<status status="PASS" start="2026-04-28T12:35:15.645363" elapsed="2.548142"/>
</kw>
<status status="PASS" start="2026-04-28T12:35:15.644688" elapsed="2.549122"/>
</kw>
<status status="FAIL" start="2026-04-28T12:34:10.551626" elapsed="67.642680">Element 'xpath=(//li[.//div[normalize-space()='22']])[1]//h4[normalize-space()='Aditi AHKNO']/ancestor::div[contains(@class,'user-section')][1][.//span[contains(@class,'time') and normalize-space()='07:00-19:00 ']]' not visible after 30 seconds.</status>
</test>
<status status="FAIL" start="2026-04-28T12:24:51.979220" elapsed="626.217829"/>
</suite>
<statistics>
<total>
<stat pass="5" fail="1" skip="0">All Tests</stat>
</total>
<tag>
</tag>
<suite>
<stat name="DeleteShiftTest" id="s1" pass="5" fail="1" skip="0">DeleteShiftTest</stat>
</suite>
</statistics>
<errors>
</errors>
</robot>
