<?xml version="1.0" encoding="UTF-8"?>
<robot generator="Robot 7.4.1 (Python 3.14.2 on win32)" generated="2026-04-17T10:44:19.182343" rpa="false" schemaversion="5">
<suite id="s1" name="AddShiftTest" source="D:\Apps\Automation\BEEWAY\tests\AddShiftTest.robot">
<test id="s1-t1" name="TC1 - Adding shift in Ans roster for obs role" line="19">
<kw name="Open Browser To Application" owner="BrowserKeywords" type="SETUP">
<kw name="Open Browser" owner="SeleniumLibrary">
<msg time="2026-04-17T10:44:20.014580" level="INFO">Opening browser 'chrome' to base url 'https://test.bijib.in'.</msg>
<arg>${URL}</arg>
<arg>${BROWSER}</arg>
<doc>Opens a new browser instance to the optional ``url``.</doc>
<status status="PASS" start="2026-04-17T10:44:20.013931" elapsed="4.304238"/>
</kw>
<kw name="Maximize Browser Window" owner="SeleniumLibrary">
<doc>Maximizes current browser window.</doc>
<status status="PASS" start="2026-04-17T10:44:24.318703" elapsed="0.067120"/>
</kw>
<kw name="Set Selenium Speed" owner="SeleniumLibrary">
<arg>0s</arg>
<doc>Sets the delay that is waited after each Selenium command.</doc>
<status status="PASS" start="2026-04-17T10:44:24.386346" elapsed="0.001466"/>
</kw>
<status status="PASS" start="2026-04-17T10:44:20.011045" elapsed="4.377063"/>
</kw>
<kw name="Add Shift Test">
<kw name="Get Day From Date" owner="DateKeywords">
<kw name="Convert Date" owner="DateTime">
<msg time="2026-04-17T10:44:24.406296" level="INFO">${day} = 09</msg>
<var>${day}</var>
<arg>${date}</arg>
<arg>result_format=%d</arg>
<doc>Converts between supported `date formats`.</doc>
<status status="PASS" start="2026-04-17T10:44:24.395099" elapsed="0.011347"/>
</kw>
<return>
<value>${day}</value>
<status status="PASS" start="2026-04-17T10:44:24.406687" elapsed="0.000157"/>
</return>
<msg time="2026-04-17T10:44:24.407299" level="INFO">${DATE} = 09</msg>
<var>${DATE}</var>
<arg>${SHIFT_DATE_CONSTANT}</arg>
<status status="PASS" start="2026-04-17T10:44:24.394219" elapsed="0.013164"/>
</kw>
<kw name="Get Month From Date" owner="DateKeywords">
<if>
<branch type="IF" condition="'${format}' == 'short'">
<kw name="Convert Date" owner="DateTime">
<msg time="2026-04-17T10:44:24.411000" level="INFO">${month} = May</msg>
<var>${month}</var>
<arg>${date}</arg>
<arg>result_format=%b</arg>
<doc>Converts between supported `date formats`.</doc>
<status status="PASS" start="2026-04-17T10:44:24.410189" elapsed="0.000918"/>
</kw>
<status status="PASS" start="2026-04-17T10:44:24.409589" elapsed="0.001695"/>
</branch>
<branch type="ELSE IF" condition="'${format}' == 'full'">
<kw name="Convert Date" owner="DateTime">
<var>${month}</var>
<arg>${date}</arg>
<arg>result_format=%B</arg>
<doc>Converts between supported `date formats`.</doc>
<status status="NOT RUN" start="2026-04-17T10:44:24.411914" elapsed="0.000117"/>
</kw>
<status status="NOT RUN" start="2026-04-17T10:44:24.411458" elapsed="0.000745"/>
</branch>
<branch type="ELSE IF" condition="'${format}' == 'number'">
<kw name="Convert Date" owner="DateTime">
<var>${month}</var>
<arg>${date}</arg>
<arg>result_format=%m</arg>
<doc>Converts between supported `date formats`.</doc>
<status status="NOT RUN" start="2026-04-17T10:44:24.412826" elapsed="0.000103"/>
</kw>
<status status="NOT RUN" start="2026-04-17T10:44:24.412337" elapsed="0.000764"/>
</branch>
<branch type="ELSE">
<kw name="Fail" owner="BuiltIn">
<arg>Invalid format: ${format}</arg>
<doc>Fails the test with the given message and optionally alters its tags.</doc>
<status status="NOT RUN" start="2026-04-17T10:44:24.413574" elapsed="0.000076"/>
</kw>
<status status="NOT RUN" start="2026-04-17T10:44:24.413215" elapsed="0.000569"/>
</branch>
<status status="PASS" start="2026-04-17T10:44:24.409513" elapsed="0.004375"/>
</if>
<if>
<branch type="IF" condition="${uppercase}">
<kw name="Convert To Upper Case" owner="String">
<msg time="2026-04-17T10:44:24.415279" level="INFO">${month} = MAY</msg>
<var>${month}</var>
<arg>${month}</arg>
<doc>Converts string to upper case.</doc>
<status status="PASS" start="2026-04-17T10:44:24.414724" elapsed="0.000648"/>
</kw>
<status status="PASS" start="2026-04-17T10:44:24.414100" elapsed="0.001425"/>
</branch>
<status status="PASS" start="2026-04-17T10:44:24.414048" elapsed="0.001599"/>
</if>
<return>
<value>${month}</value>
<status status="PASS" start="2026-04-17T10:44:24.415764" elapsed="0.000115"/>
</return>
<msg time="2026-04-17T10:44:24.416270" level="INFO">${MONTH} = MAY</msg>
<var>${MONTH}</var>
<arg>${SHIFT_DATE_CONSTANT}</arg>
<arg>short</arg>
<arg>True</arg>
<status status="PASS" start="2026-04-17T10:44:24.408427" elapsed="0.007923"/>
</kw>
<kw name="Get Year From Date" owner="DateKeywords">
<kw name="Convert Date" owner="DateTime">
<msg time="2026-04-17T10:44:24.418481" level="INFO">${year} = 2026</msg>
<var>${year}</var>
<arg>${date}</arg>
<arg>result_format=%Y</arg>
<doc>Converts between supported `date formats`.</doc>
<status status="PASS" start="2026-04-17T10:44:24.417763" elapsed="0.000807"/>
</kw>
<return>
<value>${year}</value>
<status status="PASS" start="2026-04-17T10:44:24.418762" elapsed="0.000104"/>
</return>
<msg time="2026-04-17T10:44:24.419250" level="INFO">${YEAR} = 2026</msg>
<var>${YEAR}</var>
<arg>${SHIFT_DATE_CONSTANT}</arg>
<status status="PASS" start="2026-04-17T10:44:24.416873" elapsed="0.002467"/>
</kw>
<kw name="Add Shift in Beeway" owner="AddShiftPage">
<kw name="Login and Goto Dashboard" owner="Login">
<kw name="Wait Until Page Contains" owner="SeleniumLibrary">
<arg>${LOGIN_PAGE_TITLE}</arg>
<arg>${TIMEOUT}</arg>
<doc>Waits until ``text`` appears on the current page.</doc>
<status status="PASS" start="2026-04-17T10:44:24.435484" elapsed="0.027408"/>
</kw>
<kw name="Log To Console" owner="BuiltIn">
<arg>Login Page Loaded Successfully</arg>
<doc>Logs the given message to the console.</doc>
<status status="PASS" start="2026-04-17T10:44:24.463237" elapsed="0.000801"/>
</kw>
<kw name="Textfield With Placeholder" owner="TextFields">
<kw name="Set Variable" owner="BuiltIn">
<msg time="2026-04-17T10:44:24.466236" level="INFO">${INPUT_PATH} = xpath=(//input[@placeholder="Enter Username"])[1]</msg>
<var>${INPUT_PATH}</var>
<arg>xpath=(//input[@placeholder="${PLACEHOLDER}"])[${INDEX}]</arg>
<doc>Returns the given values which can then be assigned to a variables.</doc>
<status status="PASS" start="2026-04-17T10:44:24.465344" elapsed="0.000956"/>
</kw>
<kw name="Wait Until Element Is Visible" owner="SeleniumLibrary">
<arg>${INPUT_PATH}</arg>
<arg>${TIMEOUT}</arg>
<doc>Waits until the element ``locator`` is visible.</doc>
<status status="PASS" start="2026-04-17T10:44:24.466584" elapsed="0.058526"/>
</kw>
<kw name="Clear Element Text" owner="SeleniumLibrary">
<arg>${INPUT_PATH}</arg>
<doc>Clears the value of the text-input-element identified by ``locator``.</doc>
<status status="PASS" start="2026-04-17T10:44:24.525856" elapsed="0.085630"/>
</kw>
<kw name="Input Text" owner="SeleniumLibrary">
<msg time="2026-04-17T10:44:24.612182" level="INFO">Typing text 'rgarikapati' into text field 'xpath=(//input[@placeholder="Enter Username"])[1]'.</msg>
<arg>${INPUT_PATH}</arg>
<arg>${VALUE}</arg>
<doc>Types the given ``text`` into the text field identified by ``locator``.</doc>
<status status="PASS" start="2026-04-17T10:44:24.611805" elapsed="0.144375"/>
</kw>
<kw name="Log To Console" owner="BuiltIn">
<arg>Textfield with placeholder ${PLACEHOLDER} filled with value ${VALUE}</arg>
<doc>Logs the given message to the console.</doc>
<status status="PASS" start="2026-04-17T10:44:24.757348" elapsed="0.001048"/>
</kw>
<arg>Enter Username</arg>
<arg>${USERNAME}</arg>
<status status="PASS" start="2026-04-17T10:44:24.464581" elapsed="0.294115"/>
</kw>
<kw name="Textfield With Placeholder" owner="TextFields">
<kw name="Set Variable" owner="BuiltIn">
<msg time="2026-04-17T10:44:24.760511" level="INFO">${INPUT_PATH} = xpath=(//input[@placeholder="Enter Password"])[1]</msg>
<var>${INPUT_PATH}</var>
<arg>xpath=(//input[@placeholder="${PLACEHOLDER}"])[${INDEX}]</arg>
<doc>Returns the given values which can then be assigned to a variables.</doc>
<status status="PASS" start="2026-04-17T10:44:24.759870" elapsed="0.000702"/>
</kw>
<kw name="Wait Until Element Is Visible" owner="SeleniumLibrary">
<arg>${INPUT_PATH}</arg>
<arg>${TIMEOUT}</arg>
<doc>Waits until the element ``locator`` is visible.</doc>
<status status="PASS" start="2026-04-17T10:44:24.760912" elapsed="0.033428"/>
</kw>
<kw name="Clear Element Text" owner="SeleniumLibrary">
<arg>${INPUT_PATH}</arg>
<doc>Clears the value of the text-input-element identified by ``locator``.</doc>
<status status="PASS" start="2026-04-17T10:44:24.794686" elapsed="0.034565"/>
</kw>
<kw name="Input Text" owner="SeleniumLibrary">
<msg time="2026-04-17T10:44:24.829956" level="INFO">Typing text 'E7q_35&amp;ZR]5D*iRZ' into text field 'xpath=(//input[@placeholder="Enter Password"])[1]'.</msg>
<arg>${INPUT_PATH}</arg>
<arg>${VALUE}</arg>
<doc>Types the given ``text`` into the text field identified by ``locator``.</doc>
<status status="PASS" start="2026-04-17T10:44:24.829568" elapsed="0.120832"/>
</kw>
<kw name="Log To Console" owner="BuiltIn">
<arg>Textfield with placeholder ${PLACEHOLDER} filled with value ${VALUE}</arg>
<doc>Logs the given message to the console.</doc>
<status status="PASS" start="2026-04-17T10:44:24.950721" elapsed="0.000791"/>
</kw>
<arg>Enter Password</arg>
<arg>${PASSWORD}</arg>
<status status="PASS" start="2026-04-17T10:44:24.759189" elapsed="0.192549"/>
</kw>
<kw name="Button Click" owner="Buttons">
<kw name="Set Variable" owner="BuiltIn">
<msg time="2026-04-17T10:44:24.953187" level="INFO">${BASE_PATH} = //button[normalize-space()="Login"]</msg>
<var>${BASE_PATH}</var>
<arg>//button[normalize-space()="${LABEL}"]</arg>
<doc>Returns the given values which can then be assigned to a variables.</doc>
<status status="PASS" start="2026-04-17T10:44:24.952684" elapsed="0.000559"/>
</kw>
<kw name="Set Variable" owner="BuiltIn">
<msg time="2026-04-17T10:44:24.954001" level="INFO">${BUTTON_PATH} = xpath=(//button[normalize-space()="Login"])[1]</msg>
<var>${BUTTON_PATH}</var>
<arg>xpath=(${BASE_PATH})[${INDEX}]</arg>
<doc>Returns the given values which can then be assigned to a variables.</doc>
<status status="PASS" start="2026-04-17T10:44:24.953490" elapsed="0.000561"/>
</kw>
<kw name="Wait Until Element Is Visible" owner="SeleniumLibrary">
<arg>${BUTTON_PATH}</arg>
<arg>${TIMEOUT}</arg>
<doc>Waits until the element ``locator`` is visible.</doc>
<status status="PASS" start="2026-04-17T10:44:24.954299" elapsed="0.026940"/>
</kw>
<kw name="Click Button" owner="SeleniumLibrary">
<msg time="2026-04-17T10:44:24.981927" level="INFO">Clicking button 'xpath=(//button[normalize-space()="Login"])[1]'.</msg>
<arg>${BUTTON_PATH}</arg>
<doc>Clicks the button identified by ``locator``.</doc>
<status status="PASS" start="2026-04-17T10:44:24.981575" elapsed="0.095791"/>
</kw>
<kw name="Log To Console" owner="BuiltIn">
<arg>Clicked button with label ${LABEL}</arg>
<doc>Logs the given message to the console.</doc>
<status status="PASS" start="2026-04-17T10:44:25.077968" elapsed="0.001184"/>
</kw>
<arg>Login</arg>
<status status="PASS" start="2026-04-17T10:44:24.952152" elapsed="0.127239"/>
</kw>
<kw name="Wait Until Location Is" owner="SeleniumLibrary">
<arg>${DASHBOARD_URL}</arg>
<arg>${TIMEOUT}</arg>
<doc>Waits until the current URL is ``expected``.</doc>
<status status="PASS" start="2026-04-17T10:44:25.079734" elapsed="1.725274"/>
</kw>
<kw name="Log To Console" owner="BuiltIn">
<arg>Navigated to Dashboard Successfully</arg>
<doc>Logs the given message to the console.</doc>
<status status="PASS" start="2026-04-17T10:44:26.805546" elapsed="0.001043"/>
</kw>
<arg>${USERNAME}</arg>
<arg>${PASSWORD}</arg>
<status status="PASS" start="2026-04-17T10:44:24.434623" elapsed="2.372205"/>
</kw>
<kw name="Wait For Page Loader To Disappear" owner="PageSelect">
<kw name="Wait Until Element Is Not Visible" owner="SeleniumLibrary">
<arg>xpath=//div[contains(@class,'loader-wrapper')]</arg>
<arg>${TIMEOUT_LONG}</arg>
<doc>Waits until the element ``locator`` is not visible.</doc>
<status status="PASS" start="2026-04-17T10:44:26.808079" elapsed="8.106263"/>
</kw>
<status status="PASS" start="2026-04-17T10:44:26.807328" elapsed="8.107183"/>
</kw>
<kw name="Goto Service" owner="Service">
<kw name="Location Should Be" owner="SeleniumLibrary">
<msg time="2026-04-17T10:44:34.921614" level="INFO">Current location is 'https://test.bijib.in/#/layout/dashboard'.</msg>
<arg>${DASHBOARD_URL}</arg>
<doc>Verifies that the current URL is exactly ``url``.</doc>
<status status="PASS" start="2026-04-17T10:44:34.915710" elapsed="0.006124"/>
</kw>
<kw name="Log To Console" owner="BuiltIn">
<arg>Navigated to Dashboard</arg>
<doc>Logs the given message to the console.</doc>
<status status="PASS" start="2026-04-17T10:44:34.922169" elapsed="0.000756"/>
</kw>
<kw name="Click Element With Path" owner="Buttons">
<kw name="Set Variable" owner="BuiltIn">
<msg time="2026-04-17T10:44:34.925137" level="INFO">${ELEMENT_PATH} = xpath=(//li[@title="BeeWay"]/div[normalize-space()="BeeWay"])[1]</msg>
<var>${ELEMENT_PATH}</var>
<arg>xpath=(${PATH})[${INDEX}]</arg>
<doc>Returns the given values which can then be assigned to a variables.</doc>
<status status="PASS" start="2026-04-17T10:44:34.924553" elapsed="0.000639"/>
</kw>
<kw name="Wait Until Element Is Visible" owner="SeleniumLibrary">
<arg>${ELEMENT_PATH}</arg>
<arg>${TIMEOUT}</arg>
<doc>Waits until the element ``locator`` is visible.</doc>
<status status="PASS" start="2026-04-17T10:44:34.925496" elapsed="0.031891"/>
</kw>
<kw name="Click Element" owner="SeleniumLibrary">
<msg time="2026-04-17T10:44:34.958573" level="INFO">Clicking element 'xpath=(//li[@title="BeeWay"]/div[normalize-space()="BeeWay"])[1]'.</msg>
<arg>${ELEMENT_PATH}</arg>
<doc>Click the element identified by ``locator``.</doc>
<status status="PASS" start="2026-04-17T10:44:34.957888" elapsed="0.073913"/>
</kw>
<kw name="Log To Console" owner="BuiltIn">
<arg>Clicked element with path ${PATH}</arg>
<doc>Logs the given message to the console.</doc>
<status status="PASS" start="2026-04-17T10:44:35.032318" elapsed="0.001111"/>
</kw>
<arg>//li[@title="${SERVICE_NAME}"]/div[normalize-space()="${SERVICE_NAME}"]</arg>
<status status="PASS" start="2026-04-17T10:44:34.923436" elapsed="0.110267"/>
</kw>
<if>
<branch type="IF" condition="${HOSPITAL_NAME} != &quot;&quot;">
<kw name="Set Variable" owner="BuiltIn">
<var>${SUBMENU_PATH}</var>
<arg>//div[contains(@class,"submenu dsktp-vw-dsply")]/span[normalize-space()="${SERVICE_NAME}"]</arg>
<doc>Returns the given values which can then be assigned to a variables.</doc>
<status status="NOT RUN" start="2026-04-17T10:44:35.034680" elapsed="0.000094"/>
</kw>
<kw name="Set Variable" owner="BuiltIn">
<var>${HOSPITAL_PATH}</var>
<arg>${SUBMENU_PATH}/following-sibling::ul//li[normalize-space()="${HOSPITAL_NAME}"]</arg>
<doc>Returns the given values which can then be assigned to a variables.</doc>
<status status="NOT RUN" start="2026-04-17T10:44:35.035151" elapsed="0.000067"/>
</kw>
<kw name="Click Element With Path" owner="Buttons">
<arg>${HOSPITAL_PATH}</arg>
<status status="NOT RUN" start="2026-04-17T10:44:35.035589" elapsed="0.000064"/>
</kw>
<status status="NOT RUN" start="2026-04-17T10:44:35.033988" elapsed="0.001761"/>
</branch>
<status status="PASS" start="2026-04-17T10:44:35.033922" elapsed="0.001957"/>
</if>
<kw name="Wait Until Location Is" owner="SeleniumLibrary">
<arg>${BEEWAY_URL}</arg>
<arg>${TIMEOUT_LONG}</arg>
<doc>Waits until the current URL is ``expected``.</doc>
<status status="PASS" start="2026-04-17T10:44:35.036257" elapsed="3.208906"/>
</kw>
<kw name="Log To Console" owner="BuiltIn">
<arg>Navigated to ${SERVICE_NAME} Service</arg>
<doc>Logs the given message to the console.</doc>
<status status="PASS" start="2026-04-17T10:44:38.245689" elapsed="0.001230"/>
</kw>
<arg>${SERVICE_NAME}</arg>
<status status="PASS" start="2026-04-17T10:44:34.915069" elapsed="3.332152"/>
</kw>
<kw name="Wait For Page Loader To Disappear" owner="PageSelect">
<kw name="Wait Until Element Is Not Visible" owner="SeleniumLibrary">
<msg time="2026-04-17T10:44:38.993970" level="INFO">Suppressing StaleElementReferenceException from Selenium.</msg>
<arg>xpath=//div[contains(@class,'loader-wrapper')]</arg>
<arg>${TIMEOUT_LONG}</arg>
<doc>Waits until the element ``locator`` is not visible.</doc>
<status status="PASS" start="2026-04-17T10:44:38.248702" elapsed="1.180571"/>
</kw>
<status status="PASS" start="2026-04-17T10:44:38.247793" elapsed="1.181790"/>
</kw>
<kw name="Select Hospital" owner="BeewayDashboardPage">
<kw name="Click Element" owner="SeleniumLibrary">
<msg time="2026-04-17T10:44:39.431837" level="INFO">Clicking element 'xpath=//li[contains(@class,'cus-select-dropdown')]'.</msg>
<arg>xpath=//li[contains(@class,'cus-select-dropdown')]</arg>
<doc>Click the element identified by ``locator``.</doc>
<status status="PASS" start="2026-04-17T10:44:39.431365" elapsed="0.106344"/>
</kw>
<kw name="Run Keyword And Return Status" owner="BuiltIn">
<kw name="Wait Until Element Is Visible" owner="SeleniumLibrary">
<arg>xpath=//ul[contains(@class,'dropdown-list') and contains(@class,'shown')]</arg>
<arg>${TIMEOUT_LONG}</arg>
<doc>Waits until the element ``locator`` is visible.</doc>
<status status="PASS" start="2026-04-17T10:44:39.538754" elapsed="0.332522"/>
</kw>
<msg time="2026-04-17T10:44:39.871555" level="INFO">${DROPDOWN_VISIBLE} = True</msg>
<var>${DROPDOWN_VISIBLE}</var>
<arg>Wait Until Element Is Visible</arg>
<arg>xpath=//ul[contains(@class,'dropdown-list') and contains(@class,'shown')]</arg>
<arg>${TIMEOUT_LONG}</arg>
<doc>Runs the specified keyword and returns the status as a Boolean value.</doc>
<status status="PASS" start="2026-04-17T10:44:39.538060" elapsed="0.333567"/>
</kw>
<if>
<branch type="IF" condition="${DROPDOWN_VISIBLE}">
<kw name="Wait Until Element Is Visible" owner="SeleniumLibrary">
<arg>xpath=//ul[contains(@class,'dropdown-list') and contains(@class,'shown')]//li[contains(normalize-space(), '${HOSPITAL_NAME}')]</arg>
<arg>${TIMEOUT_LONG}</arg>
<doc>Waits until the element ``locator`` is visible.</doc>
<status status="PASS" start="2026-04-17T10:44:39.872218" elapsed="0.028412"/>
</kw>
<kw name="Click Element" owner="SeleniumLibrary">
<msg time="2026-04-17T10:44:39.901344" level="INFO">Clicking element 'xpath=//ul[contains(@class,'dropdown-list') and contains(@class,'shown')]//li[contains(normalize-space(), 'Prince of Wales Private Hospital')]'.</msg>
<arg>xpath=//ul[contains(@class,'dropdown-list') and contains(@class,'shown')]//li[contains(normalize-space(), '${HOSPITAL_NAME}')]</arg>
<doc>Click the element identified by ``locator``.</doc>
<status status="PASS" start="2026-04-17T10:44:39.900962" elapsed="0.087834"/>
</kw>
<kw name="Log To Console" owner="BuiltIn">
<arg>✅ Hospital selected: ${HOSPITAL_NAME}</arg>
<doc>Logs the given message to the console.</doc>
<status status="PASS" start="2026-04-17T10:44:39.989163" elapsed="0.001919"/>
</kw>
<status status="PASS" start="2026-04-17T10:44:39.871846" elapsed="0.119436"/>
</branch>
<branch type="ELSE">
<kw name="Get Text" owner="SeleniumLibrary">
<var>${DEFAULT_HOSPITAL}</var>
<arg>xpath=//li[contains(@class,'cus-select-dropdown')]//div[contains(@class,'b-p-2')]//div[1]</arg>
<doc>Returns the text value of the element identified by ``locator``.</doc>
<status status="NOT RUN" start="2026-04-17T10:44:39.991976" elapsed="0.000115"/>
</kw>
<kw name="Should Be Equal" owner="BuiltIn">
<arg>${DEFAULT_HOSPITAL}</arg>
<arg>${HOSPITAL_NAME}</arg>
<doc>Fails if the given objects are unequal.</doc>
<status status="NOT RUN" start="2026-04-17T10:44:39.992526" elapsed="0.000093"/>
</kw>
<kw name="Log To Console" owner="BuiltIn">
<arg>✅ Default hospital verified: ${DEFAULT_HOSPITAL}</arg>
<doc>Logs the given message to the console.</doc>
<status status="NOT RUN" start="2026-04-17T10:44:39.993042" elapsed="0.000098"/>
</kw>
<status status="NOT RUN" start="2026-04-17T10:44:39.991432" elapsed="0.001850"/>
</branch>
<status status="PASS" start="2026-04-17T10:44:39.871799" elapsed="0.121608"/>
</if>
<arg>${HOSPITAL_NAME}</arg>
<status status="PASS" start="2026-04-17T10:44:39.430334" elapsed="0.563256"/>
</kw>
<kw name="Sleep" owner="BuiltIn">
<msg time="2026-04-17T10:44:41.995747" level="INFO">Slept 2 seconds.</msg>
<arg>2s</arg>
<doc>Pauses the test executed for the given time.</doc>
<status status="PASS" start="2026-04-17T10:44:39.993997" elapsed="2.002024"/>
</kw>
<kw name="Sub Service selection" owner="BeewayDashboardPage">
<kw name="Wait Until Element Is Visible" owner="SeleniumLibrary">
<arg>xpath=//li[normalize-space()="${SUBSERVICE_NAME}"][1]</arg>
<arg>${TIMEOUT_LONG}</arg>
<doc>Waits until the element ``locator`` is visible.</doc>
<status status="PASS" start="2026-04-17T10:44:41.998040" elapsed="0.083192"/>
</kw>
<kw name="Click Element" owner="SeleniumLibrary">
<msg time="2026-04-17T10:44:42.082553" level="INFO">Clicking element 'xpath=//li[normalize-space()="Ans Roster"][1]'.</msg>
<arg>xpath=//li[normalize-space()="${SUBSERVICE_NAME}"][1]</arg>
<doc>Click the element identified by ``locator``.</doc>
<status status="PASS" start="2026-04-17T10:44:42.081723" elapsed="0.568864"/>
</kw>
<kw name="Log To Console" owner="BuiltIn">
<arg>✅ Sub-service selected: ${SUBSERVICE_NAME}</arg>
<doc>Logs the given message to the console.</doc>
<status status="PASS" start="2026-04-17T10:44:42.650919" elapsed="0.003353"/>
</kw>
<arg>${SUBSERVICE_NAME}</arg>
<status status="PASS" start="2026-04-17T10:44:41.996886" elapsed="0.657742"/>
</kw>
<kw name="Sleep" owner="BuiltIn">
<msg time="2026-04-17T10:44:44.656134" level="INFO">Slept 2 seconds.</msg>
<arg>2s</arg>
<doc>Pauses the test executed for the given time.</doc>
<status status="PASS" start="2026-04-17T10:44:42.655091" elapsed="2.001305"/>
</kw>
<kw name="Select Date from Hospital Schedule" owner="BeewayDashboardPage">
<kw name="Select Year and Month" owner="PageSelect">
<kw name="Sleep" owner="BuiltIn">
<msg time="2026-04-17T10:44:46.661006" level="INFO">Slept 2 seconds.</msg>
<arg>2s</arg>
<doc>Pauses the test executed for the given time.</doc>
<status status="PASS" start="2026-04-17T10:44:44.660114" elapsed="2.001152"/>
</kw>
<kw name="Click Element With Path" owner="Buttons">
<kw name="Set Variable" owner="BuiltIn">
<msg time="2026-04-17T10:44:46.663875" level="INFO">${ELEMENT_PATH} = xpath=(//i[contains(@class,"fa-solid fa-calendar-days")])[1]</msg>
<var>${ELEMENT_PATH}</var>
<arg>xpath=(${PATH})[${INDEX}]</arg>
<doc>Returns the given values which can then be assigned to a variables.</doc>
<status status="PASS" start="2026-04-17T10:44:46.662881" elapsed="0.001102"/>
</kw>
<kw name="Wait Until Element Is Visible" owner="SeleniumLibrary">
<arg>${ELEMENT_PATH}</arg>
<arg>${TIMEOUT}</arg>
<doc>Waits until the element ``locator`` is visible.</doc>
<status status="PASS" start="2026-04-17T10:44:46.664430" elapsed="0.032662"/>
</kw>
<kw name="Click Element" owner="SeleniumLibrary">
<msg time="2026-04-17T10:44:46.697792" level="INFO">Clicking element 'xpath=(//i[contains(@class,"fa-solid fa-calendar-days")])[1]'.</msg>
<arg>${ELEMENT_PATH}</arg>
<doc>Click the element identified by ``locator``.</doc>
<status status="PASS" start="2026-04-17T10:44:46.697427" elapsed="0.080296"/>
</kw>
<kw name="Log To Console" owner="BuiltIn">
<arg>Clicked element with path ${PATH}</arg>
<doc>Logs the given message to the console.</doc>
<status status="PASS" start="2026-04-17T10:44:46.778368" elapsed="0.001187"/>
</kw>
<arg>//i[contains(@class,"fa-solid fa-calendar-days")]</arg>
<status status="PASS" start="2026-04-17T10:44:46.661893" elapsed="0.117936"/>
</kw>
<kw name="Set Variable" owner="BuiltIn">
<msg time="2026-04-17T10:44:46.780804" level="INFO">${SMALL_CALENDAR_PATH} = //div[contains(@class,"small-calender")]</msg>
<var>${SMALL_CALENDAR_PATH}</var>
<arg>//div[contains(@class,"small-calender")]</arg>
<doc>Returns the given values which can then be assigned to a variables.</doc>
<status status="PASS" start="2026-04-17T10:44:46.780253" elapsed="0.000617"/>
</kw>
<kw name="Click Element With Path" owner="Buttons">
<kw name="Set Variable" owner="BuiltIn">
<msg time="2026-04-17T10:44:46.783792" level="INFO">${ELEMENT_PATH} = xpath=(//div[contains(@class,"small-calender")]/div/div/ul/li[normalize-space(text())="MAY"])[1]</msg>
<var>${ELEMENT_PATH}</var>
<arg>xpath=(${PATH})[${INDEX}]</arg>
<doc>Returns the given values which can then be assigned to a variables.</doc>
<status status="PASS" start="2026-04-17T10:44:46.782461" elapsed="0.001457"/>
</kw>
<kw name="Wait Until Element Is Visible" owner="SeleniumLibrary">
<arg>${ELEMENT_PATH}</arg>
<arg>${TIMEOUT}</arg>
<doc>Waits until the element ``locator`` is visible.</doc>
<status status="PASS" start="2026-04-17T10:44:46.784545" elapsed="0.043983"/>
</kw>
<kw name="Click Element" owner="SeleniumLibrary">
<msg time="2026-04-17T10:44:46.829772" level="INFO">Clicking element 'xpath=(//div[contains(@class,"small-calender")]/div/div/ul/li[normalize-space(text())="MAY"])[1]'.</msg>
<arg>${ELEMENT_PATH}</arg>
<doc>Click the element identified by ``locator``.</doc>
<status status="PASS" start="2026-04-17T10:44:46.829113" elapsed="0.095289"/>
</kw>
<kw name="Log To Console" owner="BuiltIn">
<arg>Clicked element with path ${PATH}</arg>
<doc>Logs the given message to the console.</doc>
<status status="PASS" start="2026-04-17T10:44:46.924980" elapsed="0.004535"/>
</kw>
<arg>${SMALL_CALENDAR_PATH}/div/div/ul/li[normalize-space(text())="${MONTH}"]</arg>
<status status="PASS" start="2026-04-17T10:44:46.781246" elapsed="0.148627"/>
</kw>
<kw name="Click Element With Path" owner="Buttons">
<kw name="Set Variable" owner="BuiltIn">
<msg time="2026-04-17T10:44:46.932507" level="INFO">${ELEMENT_PATH} = xpath=(//div[contains(@class,"small-calender")]/ul/li[normalize-space(text())="Year"])[1]</msg>
<var>${ELEMENT_PATH}</var>
<arg>xpath=(${PATH})[${INDEX}]</arg>
<doc>Returns the given values which can then be assigned to a variables.</doc>
<status status="PASS" start="2026-04-17T10:44:46.931535" elapsed="0.001252"/>
</kw>
<kw name="Wait Until Element Is Visible" owner="SeleniumLibrary">
<arg>${ELEMENT_PATH}</arg>
<arg>${TIMEOUT}</arg>
<doc>Waits until the element ``locator`` is visible.</doc>
<status status="PASS" start="2026-04-17T10:44:46.933449" elapsed="0.063841"/>
</kw>
<kw name="Click Element" owner="SeleniumLibrary">
<msg time="2026-04-17T10:44:46.997918" level="INFO">Clicking element 'xpath=(//div[contains(@class,"small-calender")]/ul/li[normalize-space(text())="Year"])[1]'.</msg>
<arg>${ELEMENT_PATH}</arg>
<doc>Click the element identified by ``locator``.</doc>
<status status="PASS" start="2026-04-17T10:44:46.997599" elapsed="0.094612"/>
</kw>
<kw name="Log To Console" owner="BuiltIn">
<arg>Clicked element with path ${PATH}</arg>
<doc>Logs the given message to the console.</doc>
<status status="PASS" start="2026-04-17T10:44:47.092537" elapsed="0.000899"/>
</kw>
<arg>${SMALL_CALENDAR_PATH}/ul/li[normalize-space(text())="Year"]</arg>
<status status="PASS" start="2026-04-17T10:44:46.930422" elapsed="0.163271"/>
</kw>
<kw name="Click Element With Path" owner="Buttons">
<kw name="Set Variable" owner="BuiltIn">
<msg time="2026-04-17T10:44:47.095496" level="INFO">${ELEMENT_PATH} = xpath=(//div[contains(@class,"small-calender")]/div/ul/li[normalize-space(text())="2026"])[1]</msg>
<var>${ELEMENT_PATH}</var>
<arg>xpath=(${PATH})[${INDEX}]</arg>
<doc>Returns the given values which can then be assigned to a variables.</doc>
<status status="PASS" start="2026-04-17T10:44:47.094898" elapsed="0.000656"/>
</kw>
<kw name="Wait Until Element Is Visible" owner="SeleniumLibrary">
<arg>${ELEMENT_PATH}</arg>
<arg>${TIMEOUT}</arg>
<doc>Waits until the element ``locator`` is visible.</doc>
<status status="PASS" start="2026-04-17T10:44:47.095827" elapsed="0.030566"/>
</kw>
<kw name="Click Element" owner="SeleniumLibrary">
<msg time="2026-04-17T10:44:47.127093" level="INFO">Clicking element 'xpath=(//div[contains(@class,"small-calender")]/div/ul/li[normalize-space(text())="2026"])[1]'.</msg>
<arg>${ELEMENT_PATH}</arg>
<doc>Click the element identified by ``locator``.</doc>
<status status="PASS" start="2026-04-17T10:44:47.126736" elapsed="0.085937"/>
</kw>
<kw name="Log To Console" owner="BuiltIn">
<arg>Clicked element with path ${PATH}</arg>
<doc>Logs the given message to the console.</doc>
<status status="PASS" start="2026-04-17T10:44:47.212998" elapsed="0.000761"/>
</kw>
<arg>${SMALL_CALENDAR_PATH}/div/ul/li[normalize-space(text())="${YEAR}"]</arg>
<status status="PASS" start="2026-04-17T10:44:47.094134" elapsed="0.119812"/>
</kw>
<kw name="Button Click" owner="Buttons">
<kw name="Set Variable" owner="BuiltIn">
<msg time="2026-04-17T10:44:47.215479" level="INFO">${BASE_PATH} = //button[normalize-space()="Done"]</msg>
<var>${BASE_PATH}</var>
<arg>//button[normalize-space()="${LABEL}"]</arg>
<doc>Returns the given values which can then be assigned to a variables.</doc>
<status status="PASS" start="2026-04-17T10:44:47.214968" elapsed="0.000579"/>
</kw>
<kw name="Set Variable" owner="BuiltIn">
<msg time="2026-04-17T10:44:47.216313" level="INFO">${BUTTON_PATH} = xpath=(//button[normalize-space()="Done"])[1]</msg>
<var>${BUTTON_PATH}</var>
<arg>xpath=(${BASE_PATH})[${INDEX}]</arg>
<doc>Returns the given values which can then be assigned to a variables.</doc>
<status status="PASS" start="2026-04-17T10:44:47.215795" elapsed="0.000568"/>
</kw>
<kw name="Wait Until Element Is Visible" owner="SeleniumLibrary">
<arg>${BUTTON_PATH}</arg>
<arg>${TIMEOUT}</arg>
<doc>Waits until the element ``locator`` is visible.</doc>
<status status="PASS" start="2026-04-17T10:44:47.216611" elapsed="0.021610"/>
</kw>
<kw name="Click Button" owner="SeleniumLibrary">
<msg time="2026-04-17T10:44:47.238976" level="INFO">Clicking button 'xpath=(//button[normalize-space()="Done"])[1]'.</msg>
<arg>${BUTTON_PATH}</arg>
<doc>Clicks the button identified by ``locator``.</doc>
<status status="PASS" start="2026-04-17T10:44:47.238584" elapsed="0.133028"/>
</kw>
<kw name="Log To Console" owner="BuiltIn">
<arg>Clicked button with label ${LABEL}</arg>
<doc>Logs the given message to the console.</doc>
<status status="PASS" start="2026-04-17T10:44:47.371963" elapsed="0.000940"/>
</kw>
<arg>Done</arg>
<status status="PASS" start="2026-04-17T10:44:47.214417" elapsed="0.158746"/>
</kw>
<kw name="Sleep" owner="BuiltIn">
<msg time="2026-04-17T10:44:49.374526" level="INFO">Slept 2 seconds.</msg>
<arg>2s</arg>
<doc>Pauses the test executed for the given time.</doc>
<status status="PASS" start="2026-04-17T10:44:47.373509" elapsed="2.001285"/>
</kw>
<arg>${YEAR}</arg>
<arg>${MONTH}</arg>
<status status="PASS" start="2026-04-17T10:44:44.659037" elapsed="4.716028"/>
</kw>
<if>
<branch type="IF" condition="'Chris' not in '${HOSPITAL_NAME}'">
<kw name="Maximize Calendar" owner="BeewayDashboardPage">
<kw name="Wait Until Element Is Visible" owner="SeleniumLibrary">
<arg>xpath=(//li[normalize-space()='Maximize'])[1]</arg>
<arg>${TIMEOUT_LONG}</arg>
<doc>Waits until the element ``locator`` is visible.</doc>
<status status="PASS" start="2026-04-17T10:44:49.377006" elapsed="0.039058"/>
</kw>
<kw name="Click Element" owner="SeleniumLibrary">
<msg time="2026-04-17T10:44:49.417104" level="INFO">Clicking element 'xpath=(//li[normalize-space()='Maximize'])[1]'.</msg>
<arg>xpath=(//li[normalize-space()='Maximize'])[1]</arg>
<doc>Click the element identified by ``locator``.</doc>
<status status="PASS" start="2026-04-17T10:44:49.416616" elapsed="0.136150"/>
</kw>
<kw name="Log To Console" owner="BuiltIn">
<arg>✅ Calendar maximized</arg>
<doc>Logs the given message to the console.</doc>
<status status="PASS" start="2026-04-17T10:44:49.553279" elapsed="0.001032"/>
</kw>
<kw name="Sleep" owner="BuiltIn">
<msg time="2026-04-17T10:44:54.555453" level="INFO">Slept 5 seconds.</msg>
<arg>5s</arg>
<doc>Pauses the test executed for the given time.</doc>
<status status="PASS" start="2026-04-17T10:44:49.554793" elapsed="5.000925"/>
</kw>
<status status="PASS" start="2026-04-17T10:44:49.376173" elapsed="5.179816"/>
</kw>
<status status="PASS" start="2026-04-17T10:44:49.375351" elapsed="5.180777"/>
</branch>
<status status="PASS" start="2026-04-17T10:44:49.375284" elapsed="5.180993"/>
</if>
<kw name="Scroll Element Into View" owner="SeleniumLibrary">
<arg>xpath=(//li[.//div[normalize-space()='${DATE}']])[1]</arg>
<doc>Scrolls the element identified by ``locator`` into view.</doc>
<status status="PASS" start="2026-04-17T10:44:54.556778" elapsed="0.298412"/>
</kw>
<arg>${YEAR}</arg>
<arg>${MONTH}</arg>
<arg>${DATE}</arg>
<arg>${HOSPITAL_NAME}</arg>
<status status="PASS" start="2026-04-17T10:44:44.657269" elapsed="10.198211"/>
</kw>
<kw name="Set Variable" owner="BuiltIn">
<msg time="2026-04-17T10:44:54.856977" level="INFO">${DATE_XPATH} = (//li[.//div[normalize-space()='09']])[1]</msg>
<var>${DATE_XPATH}</var>
<arg>(//li[.//div[normalize-space()='${DATE}']])[1]</arg>
<doc>Returns the given values which can then be assigned to a variables.</doc>
<status status="PASS" start="2026-04-17T10:44:54.855982" elapsed="0.001096"/>
</kw>
<kw name="Wait Until Element Is Visible" owner="SeleniumLibrary">
<arg>xpath=${DATE_XPATH}//li[normalize-space()='${ACTION}']</arg>
<arg>${TIMEOUT_LONG}</arg>
<doc>Waits until the element ``locator`` is visible.</doc>
<status status="PASS" start="2026-04-17T10:44:54.857539" elapsed="0.060753"/>
</kw>
<kw name="Click Element" owner="SeleniumLibrary">
<msg time="2026-04-17T10:44:54.918968" level="INFO">Clicking element 'xpath=(//li[.//div[normalize-space()='09']])[1]//li[normalize-space()='Add']'.</msg>
<arg>xpath=${DATE_XPATH}//li[normalize-space()='${ACTION}']</arg>
<doc>Click the element identified by ``locator``.</doc>
<status status="PASS" start="2026-04-17T10:44:54.918595" elapsed="0.104871"/>
</kw>
<kw name="Add Shift" owner="AddShiftPage">
<kw name="Select Role Department Ward" owner="BeewayDashboardPage">
<kw name="Run Keyword If" owner="BuiltIn">
<kw name="Log To Console" owner="BuiltIn">
<arg>🔹 Selecting UI field: Role: ${ROLE}</arg>
<doc>Logs the given message to the console.</doc>
<status status="PASS" start="2026-04-17T10:44:55.027450" elapsed="0.001610"/>
</kw>
<arg>'${ROLE}'!=''</arg>
<arg>Log To Console</arg>
<arg>🔹 Selecting UI field: Role: ${ROLE}</arg>
<doc>Runs the given keyword with the given arguments, if ``condition`` is true.</doc>
<status status="PASS" start="2026-04-17T10:44:55.026626" elapsed="0.002698"/>
</kw>
<kw name="Run Keyword If" owner="BuiltIn">
<kw name="Select Role" owner="BeewayDashboardPage">
<kw name="Dropdown With Label" owner="Dropdowns">
<kw name="Set Variable" owner="BuiltIn">
<msg time="2026-04-17T10:44:55.032716" level="INFO">${BASE_PATH} = //div[label[normalize-space(text())="Role:"]]</msg>
<var>${BASE_PATH}</var>
<arg>//div[label[normalize-space(text())="${LABEL}"]]</arg>
<doc>Returns the given values which can then be assigned to a variables.</doc>
<status status="PASS" start="2026-04-17T10:44:55.032015" elapsed="0.000769"/>
</kw>
<kw name="Set Variable" owner="BuiltIn">
<msg time="2026-04-17T10:44:55.034358" level="INFO">${DROPDOWN_PATH} = xpath=(//div[label[normalize-space(text())="Role:"]])/following::select[1]</msg>
<var>${DROPDOWN_PATH}</var>
<arg>xpath=(${BASE_PATH})/following::select[${INDEX}]</arg>
<doc>Returns the given values which can then be assigned to a variables.</doc>
<status status="PASS" start="2026-04-17T10:44:55.033111" elapsed="0.001439"/>
</kw>
<kw name="Wait Until Element Is Visible" owner="SeleniumLibrary">
<arg>${DROPDOWN_PATH}</arg>
<arg>${TIMEOUT}</arg>
<doc>Waits until the element ``locator`` is visible.</doc>
<status status="PASS" start="2026-04-17T10:44:55.035154" elapsed="0.471015"/>
</kw>
<kw name="Select From List By Label" owner="SeleniumLibrary">
<msg time="2026-04-17T10:44:55.506932" level="INFO">Selecting options from selection list 'xpath=(//div[label[normalize-space(text())="Role:"]])/following::select[1]' by label Obs Anaesthetist.</msg>
<arg>${DROPDOWN_PATH}</arg>
<arg>${VALUE}</arg>
<doc>Selects options from selection list ``locator`` by ``labels``.</doc>
<status status="PASS" start="2026-04-17T10:44:55.506512" elapsed="0.263060"/>
</kw>
<kw name="Log To Console" owner="BuiltIn">
<arg>Dropdown with label ${LABEL} selected value ${VALUE}</arg>
<doc>Logs the given message to the console.</doc>
<status status="PASS" start="2026-04-17T10:44:55.769893" elapsed="0.000843"/>
</kw>
<arg>Role:</arg>
<arg>${ROLE}</arg>
<status status="PASS" start="2026-04-17T10:44:55.031242" elapsed="0.739774"/>
</kw>
<kw name="Log To Console" owner="BuiltIn">
<arg>✅ Role selected</arg>
<doc>Logs the given message to the console.</doc>
<status status="PASS" start="2026-04-17T10:44:55.771494" elapsed="0.001269"/>
</kw>
<arg>${ROLE}</arg>
<status status="PASS" start="2026-04-17T10:44:55.030607" elapsed="0.742491"/>
</kw>
<arg>'${ROLE}'!=''</arg>
<arg>Select Role</arg>
<arg>${ROLE}</arg>
<doc>Runs the given keyword with the given arguments, if ``condition`` is true.</doc>
<status status="PASS" start="2026-04-17T10:44:55.029777" elapsed="0.743583"/>
</kw>
<kw name="Run Keyword If" owner="BuiltIn">
<arg>'${ROLE}'==''</arg>
<arg>Log To Console</arg>
<arg>⚠️ Role: not provided, skipping</arg>
<doc>Runs the given keyword with the given arguments, if ``condition`` is true.</doc>
<status status="PASS" start="2026-04-17T10:44:55.773899" elapsed="0.001024"/>
</kw>
<kw name="Run Keyword If" owner="BuiltIn">
<arg>'${DEPARTMENT}'!=''</arg>
<arg>Log To Console</arg>
<arg>🔹 Selecting UI field: Department: ${DEPARTMENT}</arg>
<doc>Runs the given keyword with the given arguments, if ``condition`` is true.</doc>
<status status="PASS" start="2026-04-17T10:44:55.775445" elapsed="0.001017"/>
</kw>
<kw name="Run Keyword If" owner="BuiltIn">
<arg>'${DEPARTMENT}'!=''</arg>
<arg>Select Department</arg>
<arg>${DEPARTMENT}</arg>
<doc>Runs the given keyword with the given arguments, if ``condition`` is true.</doc>
<status status="PASS" start="2026-04-17T10:44:55.777038" elapsed="0.001087"/>
</kw>
<kw name="Run Keyword If" owner="BuiltIn">
<kw name="Log To Console" owner="BuiltIn">
<arg>⚠️ Department: not provided, skipping</arg>
<doc>Logs the given message to the console.</doc>
<status status="PASS" start="2026-04-17T10:44:55.779797" elapsed="0.004913"/>
</kw>
<arg>'${DEPARTMENT}'==''</arg>
<arg>Log To Console</arg>
<arg>⚠️ Department: not provided, skipping</arg>
<doc>Runs the given keyword with the given arguments, if ``condition`` is true.</doc>
<status status="PASS" start="2026-04-17T10:44:55.778649" elapsed="0.006390"/>
</kw>
<kw name="Run Keyword If" owner="BuiltIn">
<arg>'${WARD}'!=''</arg>
<arg>Log To Console</arg>
<arg>🔹 Selecting UI field: Ward: ${WARD}</arg>
<doc>Runs the given keyword with the given arguments, if ``condition`` is true.</doc>
<status status="PASS" start="2026-04-17T10:44:55.785635" elapsed="0.001054"/>
</kw>
<kw name="Run Keyword If" owner="BuiltIn">
<arg>'${WARD}'!=''</arg>
<arg>Select Ward</arg>
<arg>${WARD}</arg>
<doc>Runs the given keyword with the given arguments, if ``condition`` is true.</doc>
<status status="PASS" start="2026-04-17T10:44:55.787217" elapsed="0.001134"/>
</kw>
<kw name="Run Keyword If" owner="BuiltIn">
<kw name="Log To Console" owner="BuiltIn">
<arg>⚠️ Ward: not provided, skipping</arg>
<doc>Logs the given message to the console.</doc>
<status status="PASS" start="2026-04-17T10:44:55.790297" elapsed="0.004003"/>
</kw>
<arg>'${WARD}'==''</arg>
<arg>Log To Console</arg>
<arg>⚠️ Ward: not provided, skipping</arg>
<doc>Runs the given keyword with the given arguments, if ``condition`` is true.</doc>
<status status="PASS" start="2026-04-17T10:44:55.788888" elapsed="0.006211"/>
</kw>
<kw name="Log To Console" owner="BuiltIn">
<arg>✅ Role / Department / Ward selection completed</arg>
<doc>Logs the given message to the console.</doc>
<status status="PASS" start="2026-04-17T10:44:55.796571" elapsed="0.002954"/>
</kw>
<arg>${ROLE}</arg>
<arg>${DEPARTMENT}</arg>
<arg>${WARD}</arg>
<status status="PASS" start="2026-04-17T10:44:55.025375" elapsed="0.774513"/>
</kw>
<kw name="Click Button" owner="SeleniumLibrary">
<msg time="2026-04-17T10:44:55.801266" level="INFO">Clicking button 'xpath=//button[normalize-space()='Select']'.</msg>
<arg>xpath=//button[normalize-space()='Select']</arg>
<doc>Clicks the button identified by ``locator``.</doc>
<status status="PASS" start="2026-04-17T10:44:55.800547" elapsed="0.458272"/>
</kw>
<kw name="select Doctor" owner="UserSelectionPage">
<kw name="Wait Until Element Is Visible" owner="SeleniumLibrary">
<arg>xpath=//div/span[normalize-space()='${DOCTOR_NAME}']</arg>
<arg>${TIMEOUT_LONG}</arg>
<doc>Waits until the element ``locator`` is visible.</doc>
<status status="PASS" start="2026-04-17T10:44:56.260518" elapsed="1.039012"/>
</kw>
<kw name="Click Element" owner="SeleniumLibrary">
<msg time="2026-04-17T10:44:57.300176" level="INFO">Clicking element 'xpath=//div/span[normalize-space()='Jessica ILM']'.</msg>
<arg>xpath=//div/span[normalize-space()='${DOCTOR_NAME}']</arg>
<doc>Click the element identified by ``locator``.</doc>
<status status="PASS" start="2026-04-17T10:44:57.299830" elapsed="0.121072"/>
</kw>
<kw name="Log To Console" owner="BuiltIn">
<arg>✅ Doctor selected</arg>
<doc>Logs the given message to the console.</doc>
<status status="PASS" start="2026-04-17T10:44:57.421549" elapsed="0.001241"/>
</kw>
<arg>${DOCTOR_NAME}</arg>
<status status="PASS" start="2026-04-17T10:44:56.259500" elapsed="1.163602"/>
</kw>
<kw name="Select Shift Dropdown" owner="BeewayDashboardPage">
<kw name="Set Variable" owner="BuiltIn">
<msg time="2026-04-17T10:44:57.426087" level="INFO">${INDEX} = 4</msg>
<var>${INDEX}</var>
<arg>4</arg>
<doc>Returns the given values which can then be assigned to a variables.</doc>
<status status="PASS" start="2026-04-17T10:44:57.425247" elapsed="0.000935"/>
</kw>
<if>
<branch type="IF" condition="'${DEPARTMENT}'!='' or '${WARD}'!=''">
<kw name="Set Variable" owner="BuiltIn">
<var>${INDEX}</var>
<arg>5</arg>
<doc>Returns the given values which can then be assigned to a variables.</doc>
<status status="NOT RUN" start="2026-04-17T10:44:57.427865" elapsed="0.000182"/>
</kw>
<status status="NOT RUN" start="2026-04-17T10:44:57.426447" elapsed="0.001855"/>
</branch>
<status status="PASS" start="2026-04-17T10:44:57.426368" elapsed="0.002220"/>
</if>
<if>
<branch type="IF" condition="'${DEPARTMENT}'!='' and '${WARD}'!=''">
<kw name="Set Variable" owner="BuiltIn">
<var>${INDEX}</var>
<arg>6</arg>
<doc>Returns the given values which can then be assigned to a variables.</doc>
<status status="NOT RUN" start="2026-04-17T10:44:57.429548" elapsed="0.000065"/>
</kw>
<status status="NOT RUN" start="2026-04-17T10:44:57.428980" elapsed="0.000731"/>
</branch>
<status status="PASS" start="2026-04-17T10:44:57.428855" elapsed="0.000929"/>
</if>
<kw name="Wait Until Element Is Visible" owner="SeleniumLibrary">
<arg>xpath=(//select)[${INDEX}]</arg>
<arg>${TIMEOUT}</arg>
<doc>Waits until the element ``locator`` is visible.</doc>
<status status="PASS" start="2026-04-17T10:44:57.430021" elapsed="0.204186"/>
</kw>
<kw name="Select From List By Label" owner="SeleniumLibrary">
<msg time="2026-04-17T10:44:57.635654" level="INFO">Selecting options from selection list 'xpath=(//select)[4]' by label N12 - 19:00 to 07:00.</msg>
<arg>xpath=(//select)[${INDEX}]</arg>
<arg>${SHIFT_NAME_TIME}</arg>
<doc>Selects options from selection list ``locator`` by ``labels``.</doc>
<status status="PASS" start="2026-04-17T10:44:57.634806" elapsed="0.261490"/>
</kw>
<kw name="Log To Console" owner="BuiltIn">
<arg>✅ Shift '${SHIFT_NAME_TIME}' selected from dropdown index ${INDEX}</arg>
<doc>Logs the given message to the console.</doc>
<status status="PASS" start="2026-04-17T10:44:57.896841" elapsed="0.001634"/>
</kw>
<if>
<branch type="IF" condition="'${SHIFT_NAME_TIME}' == 'Custom'">
<kw name="Log To Console" owner="BuiltIn">
<arg>⏱ Selecting custom shift time</arg>
<doc>Logs the given message to the console.</doc>
<status status="NOT RUN" start="2026-04-17T10:44:57.899955" elapsed="0.000107"/>
</kw>
<kw name="Select Custom Shift Time" owner="BeewayDashboardPage">
<arg>${STARTHOUR}</arg>
<arg>${STARTMIN}</arg>
<arg>${ENDHOUR}</arg>
<arg>${ENDMIN}</arg>
<status status="NOT RUN" start="2026-04-17T10:44:57.900753" elapsed="0.000127"/>
</kw>
<status status="NOT RUN" start="2026-04-17T10:44:57.899208" elapsed="0.001854"/>
</branch>
<status status="PASS" start="2026-04-17T10:44:57.899118" elapsed="0.002084"/>
</if>
<arg>${SHIFT_NAME_TIME}</arg>
<arg>${DEPARTMENT}</arg>
<arg>${WARD}</arg>
<arg>${STARTHOUR}</arg>
<arg>${STARTMIN}</arg>
<arg>${ENDHOUR}</arg>
<arg>${ENDMIN}</arg>
<status status="PASS" start="2026-04-17T10:44:57.423831" elapsed="0.477557"/>
</kw>
<kw name="Select Duty type Dropdown" owner="BeewayDashboardPage">
<kw name="Set Variable" owner="BuiltIn">
<msg time="2026-04-17T10:44:57.903338" level="INFO">${INDEX} = 4</msg>
<var>${INDEX}</var>
<arg>4</arg>
<doc>Returns the given values which can then be assigned to a variables.</doc>
<status status="PASS" start="2026-04-17T10:44:57.902808" elapsed="0.000607"/>
</kw>
<if>
<branch type="IF" condition="'${DEPARTMENT}'!='' or '${WARD}'!=''">
<kw name="Set Variable" owner="BuiltIn">
<var>${INDEX}</var>
<arg>5</arg>
<doc>Returns the given values which can then be assigned to a variables.</doc>
<status status="NOT RUN" start="2026-04-17T10:44:57.904041" elapsed="0.000057"/>
</kw>
<status status="NOT RUN" start="2026-04-17T10:44:57.903594" elapsed="0.000592"/>
</branch>
<status status="PASS" start="2026-04-17T10:44:57.903557" elapsed="0.000700"/>
</if>
<if>
<branch type="IF" condition="'${DEPARTMENT}'!='' and '${WARD}'!=''">
<kw name="Set Variable" owner="BuiltIn">
<var>${INDEX}</var>
<arg>6</arg>
<doc>Returns the given values which can then be assigned to a variables.</doc>
<status status="NOT RUN" start="2026-04-17T10:44:57.905437" elapsed="0.000162"/>
</kw>
<status status="NOT RUN" start="2026-04-17T10:44:57.904581" elapsed="0.001211"/>
</branch>
<status status="PASS" start="2026-04-17T10:44:57.904528" elapsed="0.001408"/>
</if>
<kw name="Wait Until Element Is Visible" owner="SeleniumLibrary">
<arg>xpath=(//select)[${INDEX}]</arg>
<arg>${TIMEOUT}</arg>
<doc>Waits until the element ``locator`` is visible.</doc>
<status status="PASS" start="2026-04-17T10:44:57.906427" elapsed="0.087245"/>
</kw>
<kw name="Select From List By Label" owner="SeleniumLibrary">
<msg time="2026-04-17T10:44:57.995327" level="INFO">Selecting options from selection list 'xpath=(//select)[4]' by label On Call.</msg>
<arg>xpath=(//select)[${INDEX}]</arg>
<arg>${DUTY_TYPE}</arg>
<doc>Selects options from selection list ``locator`` by ``labels``.</doc>
<status status="PASS" start="2026-04-17T10:44:57.994352" elapsed="0.213316"/>
</kw>
<kw name="Log To Console" owner="BuiltIn">
<arg>✅ Duty type '${DUTY_TYPE}' selected from dropdown index ${INDEX}</arg>
<doc>Logs the given message to the console.</doc>
<status status="PASS" start="2026-04-17T10:44:58.208198" elapsed="0.003479"/>
</kw>
<arg>${DUTY_TYPE}</arg>
<arg>${DEPARTMENT}</arg>
<arg>${WARD}</arg>
<status status="PASS" start="2026-04-17T10:44:57.902107" elapsed="0.309937"/>
</kw>
<kw name="Log To Console" owner="BuiltIn">
<arg>✅ Shift &amp; duty type selected</arg>
<doc>Logs the given message to the console.</doc>
<status status="PASS" start="2026-04-17T10:44:58.212551" elapsed="0.001153"/>
</kw>
<kw name="Check Payment Type" owner="BeewayDashboardPage">
<kw name="Get Toggle Text" owner="BeewayDashboardPage">
<kw name="Wait Until Element Is Visible" owner="SeleniumLibrary">
<arg>${locator}</arg>
<arg>10s</arg>
<doc>Waits until the element ``locator`` is visible.</doc>
<status status="PASS" start="2026-04-17T10:44:58.217464" elapsed="0.041935"/>
</kw>
<kw name="Set Variable" owner="BuiltIn">
<msg time="2026-04-17T10:44:58.261996" level="INFO">${checkbox} = //label[.//span[@data-on='P']]//input</msg>
<var>${checkbox}</var>
<arg>${locator}//input</arg>
<doc>Returns the given values which can then be assigned to a variables.</doc>
<status status="PASS" start="2026-04-17T10:44:58.260294" elapsed="0.001842"/>
</kw>
<kw name="Set Variable" owner="BuiltIn">
<msg time="2026-04-17T10:44:58.264395" level="INFO">${label} = //label[.//span[@data-on='P']]//span[contains(@class,'switch-label')]</msg>
<var>${label}</var>
<arg>${locator}//span[contains(@class,'switch-label')]</arg>
<doc>Returns the given values which can then be assigned to a variables.</doc>
<status status="PASS" start="2026-04-17T10:44:58.262661" elapsed="0.002107"/>
</kw>
<kw name="Run Keyword And Return Status" owner="BuiltIn">
<kw name="Checkbox Should Be Selected" owner="SeleniumLibrary">
<msg time="2026-04-17T10:44:58.266078" level="INFO">Verifying checkbox '//label[.//span[@data-on='P']]//input' is selected.</msg>
<arg>${checkbox}</arg>
<doc>Verifies checkbox ``locator`` is selected/checked.</doc>
<status status="PASS" start="2026-04-17T10:44:58.265765" elapsed="0.047967"/>
</kw>
<msg time="2026-04-17T10:44:58.313973" level="INFO">${is_checked} = True</msg>
<var>${is_checked}</var>
<arg>Checkbox Should Be Selected</arg>
<arg>${checkbox}</arg>
<doc>Runs the specified keyword and returns the status as a Boolean value.</doc>
<status status="PASS" start="2026-04-17T10:44:58.265178" elapsed="0.048863"/>
</kw>
<kw name="Get Element Attribute" owner="SeleniumLibrary">
<msg time="2026-04-17T10:44:58.338606" level="INFO">${on} = P</msg>
<var>${on}</var>
<arg>${label}</arg>
<arg>data-on</arg>
<doc>Returns the value of ``attribute`` from the element ``locator``.</doc>
<status status="PASS" start="2026-04-17T10:44:58.314344" elapsed="0.024344"/>
</kw>
<kw name="Get Element Attribute" owner="SeleniumLibrary">
<msg time="2026-04-17T10:44:58.362390" level="INFO">${off} = UP</msg>
<var>${off}</var>
<arg>${label}</arg>
<arg>data-off</arg>
<doc>Returns the value of ``attribute`` from the element ``locator``.</doc>
<status status="PASS" start="2026-04-17T10:44:58.339006" elapsed="0.023468"/>
</kw>
<kw name="Set Variable If" owner="BuiltIn">
<msg time="2026-04-17T10:44:58.363377" level="INFO">${state} = P</msg>
<var>${state}</var>
<arg>${is_checked}</arg>
<arg>${on}</arg>
<arg>${off}</arg>
<doc>Sets variable based on the given condition.</doc>
<status status="PASS" start="2026-04-17T10:44:58.362784" elapsed="0.000645"/>
</kw>
<return>
<value>${state}</value>
<status status="PASS" start="2026-04-17T10:44:58.363544" elapsed="0.000072"/>
</return>
<msg time="2026-04-17T10:44:58.363834" level="INFO">${status} = P</msg>
<var>${status}</var>
<arg>//label[.//span[@data-on='P']]</arg>
<status status="PASS" start="2026-04-17T10:44:58.215935" elapsed="0.147944"/>
</kw>
<kw name="Log To Console" owner="BuiltIn">
<arg>Payment Type: ${status}</arg>
<doc>Logs the given message to the console.</doc>
<status status="PASS" start="2026-04-17T10:44:58.364110" elapsed="0.000617"/>
</kw>
<return>
<value>${status}</value>
<status status="PASS" start="2026-04-17T10:44:58.364877" elapsed="0.000098"/>
</return>
<msg time="2026-04-17T10:44:58.365273" level="INFO">${payment_type} = P</msg>
<var>${payment_type}</var>
<status status="PASS" start="2026-04-17T10:44:58.214584" elapsed="0.150741"/>
</kw>
<kw name="Checkbox Should Be Selected" owner="SeleniumLibrary">
<msg time="2026-04-17T10:44:58.365836" level="INFO">Verifying checkbox 'xpath=//input[@id='clash_checkbox']' is selected.</msg>
<arg>xpath=//input[@id='clash_checkbox']</arg>
<doc>Verifies checkbox ``locator`` is selected/checked.</doc>
<status status="PASS" start="2026-04-17T10:44:58.365578" elapsed="0.052281"/>
</kw>
<kw name="Log To Console" owner="BuiltIn">
<arg>✅ Clash verified</arg>
<doc>Logs the given message to the console.</doc>
<status status="PASS" start="2026-04-17T10:44:58.418180" elapsed="0.000699"/>
</kw>
<kw name="Select Comments Dropdown" owner="BeewayDashboardPage">
<kw name="Set Variable" owner="BuiltIn">
<msg time="2026-04-17T10:44:58.420813" level="INFO">${INDEX} = 5</msg>
<var>${INDEX}</var>
<arg>5</arg>
<doc>Returns the given values which can then be assigned to a variables.</doc>
<status status="PASS" start="2026-04-17T10:44:58.420371" elapsed="0.000499"/>
</kw>
<if>
<branch type="IF" condition="'${DEPARTMENT}'!='' and '${WARD}'!=''">
<kw name="Evaluate" owner="BuiltIn">
<var>${INDEX}</var>
<arg>${INDEX}+2</arg>
<doc>Evaluates the given expression in Python and returns the result.</doc>
<status status="NOT RUN" start="2026-04-17T10:44:58.421441" elapsed="0.000052"/>
</kw>
<status status="NOT RUN" start="2026-04-17T10:44:58.421030" elapsed="0.000543"/>
</branch>
<branch type="ELSE IF" condition="'${DEPARTMENT}'!='' or '${WARD}'!=''">
<kw name="Evaluate" owner="BuiltIn">
<var>${INDEX}</var>
<arg>${INDEX}+1</arg>
<doc>Evaluates the given expression in Python and returns the result.</doc>
<status status="NOT RUN" start="2026-04-17T10:44:58.421981" elapsed="0.000050"/>
</kw>
<status status="NOT RUN" start="2026-04-17T10:44:58.421641" elapsed="0.000469"/>
</branch>
<status status="PASS" start="2026-04-17T10:44:58.420995" elapsed="0.001183"/>
</if>
<if>
<branch type="IF" condition="'${SHIFT_NAME_TIME}'=='Custom'">
<kw name="Evaluate" owner="BuiltIn">
<var>${INDEX}</var>
<arg>${INDEX}+4</arg>
<doc>Evaluates the given expression in Python and returns the result.</doc>
<status status="NOT RUN" start="2026-04-17T10:44:58.422598" elapsed="0.000045"/>
</kw>
<status status="NOT RUN" start="2026-04-17T10:44:58.422277" elapsed="0.000438"/>
</branch>
<status status="PASS" start="2026-04-17T10:44:58.422250" elapsed="0.000524"/>
</if>
<kw name="Wait Until Element Is Visible" owner="SeleniumLibrary">
<arg>xpath=(//select)[${INDEX}]</arg>
<arg>${TIMEOUT}</arg>
<doc>Waits until the element ``locator`` is visible.</doc>
<status status="PASS" start="2026-04-17T10:44:58.423408" elapsed="0.031595"/>
</kw>
<kw name="Select From List By Label" owner="SeleniumLibrary">
<msg time="2026-04-17T10:44:58.455773" level="INFO">Selecting options from selection list 'xpath=(//select)[5]' by label As per email from Dr {name} on {date}..</msg>
<arg>xpath=(//select)[${INDEX}]</arg>
<arg>${COMMENTS}</arg>
<doc>Selects options from selection list ``locator`` by ``labels``.</doc>
<status status="PASS" start="2026-04-17T10:44:58.455344" elapsed="0.129478"/>
</kw>
<kw name="Log To Console" owner="BuiltIn">
<arg>✅ Comments '${COMMENTS}' selected from dropdown index ${INDEX}</arg>
<doc>Logs the given message to the console.</doc>
<status status="PASS" start="2026-04-17T10:44:58.585319" elapsed="0.002223"/>
</kw>
<arg>${COMMENTS}</arg>
<arg>${DEPARTMENT}</arg>
<arg>${WARD}</arg>
<arg>${SHIFT_NAME_TIME}</arg>
<status status="PASS" start="2026-04-17T10:44:58.419523" elapsed="0.168329"/>
</kw>
<kw name="Button Click" owner="Buttons">
<kw name="Set Variable" owner="BuiltIn">
<msg time="2026-04-17T10:44:58.589318" level="INFO">${BASE_PATH} = //button[normalize-space()="Save"]</msg>
<var>${BASE_PATH}</var>
<arg>//button[normalize-space()="${LABEL}"]</arg>
<doc>Returns the given values which can then be assigned to a variables.</doc>
<status status="PASS" start="2026-04-17T10:44:58.588795" elapsed="0.000576"/>
</kw>
<kw name="Set Variable" owner="BuiltIn">
<msg time="2026-04-17T10:44:58.590201" level="INFO">${BUTTON_PATH} = xpath=(//button[normalize-space()="Save"])[1]</msg>
<var>${BUTTON_PATH}</var>
<arg>xpath=(${BASE_PATH})[${INDEX}]</arg>
<doc>Returns the given values which can then be assigned to a variables.</doc>
<status status="PASS" start="2026-04-17T10:44:58.589598" elapsed="0.000686"/>
</kw>
<kw name="Wait Until Element Is Visible" owner="SeleniumLibrary">
<arg>${BUTTON_PATH}</arg>
<arg>${TIMEOUT}</arg>
<doc>Waits until the element ``locator`` is visible.</doc>
<status status="PASS" start="2026-04-17T10:44:58.590917" elapsed="0.032115"/>
</kw>
<kw name="Click Button" owner="SeleniumLibrary">
<msg time="2026-04-17T10:44:58.624233" level="INFO">Clicking button 'xpath=(//button[normalize-space()="Save"])[1]'.</msg>
<arg>${BUTTON_PATH}</arg>
<doc>Clicks the button identified by ``locator``.</doc>
<status status="PASS" start="2026-04-17T10:44:58.623373" elapsed="0.172229"/>
</kw>
<kw name="Log To Console" owner="BuiltIn">
<arg>Clicked button with label ${LABEL}</arg>
<doc>Logs the given message to the console.</doc>
<status status="PASS" start="2026-04-17T10:44:58.796135" elapsed="0.001184"/>
</kw>
<arg>Save</arg>
<status status="PASS" start="2026-04-17T10:44:58.588235" elapsed="0.209406"/>
</kw>
<kw name="Log To Console" owner="BuiltIn">
<arg>✅ Shift saved successfully</arg>
<doc>Logs the given message to the console.</doc>
<status status="PASS" start="2026-04-17T10:44:58.798013" elapsed="0.000696"/>
</kw>
<return>
<value>${payment_type}</value>
<status status="PASS" start="2026-04-17T10:44:58.798899" elapsed="0.000128"/>
</return>
<msg time="2026-04-17T10:44:58.799335" level="INFO">${payment_type} = P</msg>
<var>${payment_type}</var>
<arg>${ROLE}</arg>
<arg>${DEPARTMENT}</arg>
<arg>${WARD}</arg>
<arg>${DOCTOR_NAME}</arg>
<arg>${SHIFT_NAME}</arg>
<arg>${DUTY_TYPE}</arg>
<arg>${COMMENTS}</arg>
<arg>${STARTHOUR}</arg>
<arg>${STARTMIN}</arg>
<arg>${ENDHOUR}</arg>
<arg>${ENDMIN}</arg>
<status status="PASS" start="2026-04-17T10:44:55.024015" elapsed="3.775379"/>
</kw>
<return>
<value>${payment_type}</value>
<status status="PASS" start="2026-04-17T10:44:58.799562" elapsed="0.000065"/>
</return>
<msg time="2026-04-17T10:44:58.799882" level="INFO">${payment_type} = P</msg>
<var>${payment_type}</var>
<arg>${USERNAME}</arg>
<arg>${PASSWORD}</arg>
<arg>${SERVICE_NAME}</arg>
<arg>${HOSPITAL_NAME}</arg>
<arg>${SUBSERVICE_NAME}</arg>
<arg>${YEAR}</arg>
<arg>${MONTH}</arg>
<arg>${DATE}</arg>
<arg>${ACTION}</arg>
<arg>${ROLE}</arg>
<arg>${DEPARTMENT}</arg>
<arg>${WARD}</arg>
<arg>${DOCTOR_NAME}</arg>
<arg>${SHIFT_NAME_TIME}</arg>
<arg>${DUTY_TYPE}</arg>
<arg>${COMMENTS}</arg>
<arg>${STARTHOUR}</arg>
<arg>${STARTMIN}</arg>
<arg>${ENDHOUR}</arg>
<arg>${ENDMIN}</arg>
<tag>Regression</tag>
<tag>Smoke</tag>
<doc>Login to Bijib and add shift in Beeway</doc>
<status status="PASS" start="2026-04-17T10:44:24.431765" elapsed="34.368168"/>
</kw>
<kw name="Sleep" owner="BuiltIn">
<msg time="2026-04-17T10:45:00.801359" level="INFO">Slept 2 seconds.</msg>
<arg>2s</arg>
<doc>Pauses the test executed for the given time.</doc>
<status status="PASS" start="2026-04-17T10:44:58.800311" elapsed="2.001320"/>
</kw>
<kw name="Get Shift Exist Status Admin Login" owner="AddShiftPage">
<if>
<branch type="IF" condition="'${WARD}' == '' or '${WARD}' == '${EMPTY}'">
<kw name="Get Shift exist Status without Ward" owner="AddShiftPage">
<kw name="Set Variable" owner="BuiltIn">
<msg time="2026-04-17T10:45:00.807643" level="INFO">${DATE_TEXT_XPATH} = //div[contains(@class,'date-text') and normalize-space(.)='09']</msg>
<var>${DATE_TEXT_XPATH}</var>
<arg>//div[contains(@class,'date-text') and normalize-space(.)='${DATE}']</arg>
<doc>Returns the given values which can then be assigned to a variables.</doc>
<status status="PASS" start="2026-04-17T10:45:00.806732" elapsed="0.001011"/>
</kw>
<kw name="Wait Until Element Is Visible" owner="SeleniumLibrary">
<arg>xpath=${DATE_TEXT_XPATH}</arg>
<arg>${TIMEOUT_LONG}</arg>
<doc>Waits until the element ``locator`` is visible.</doc>
<status status="PASS" start="2026-04-17T10:45:00.808189" elapsed="0.042569"/>
</kw>
<kw name="Set Variable" owner="BuiltIn">
<msg time="2026-04-17T10:45:00.851812" level="INFO">${DATE_ARROW_XPATH} = ["//div[contains(@class,'date-text') and normalize-space(.)='09']", "//i[contains(@class,'fa-chevron-down')]"]</msg>
<var>${DATE_ARROW_XPATH}</var>
<arg>//div[contains(@class,'date-text') and normalize-space(.)='${DATE}']</arg>
<arg>//i[contains(@class,'fa-chevron-down')]</arg>
<doc>Returns the given values which can then be assigned to a variables.</doc>
<status status="PASS" start="2026-04-17T10:45:00.851127" elapsed="0.000750"/>
</kw>
<kw name="Run Keyword And Return Status" owner="BuiltIn">
<kw name="Element Should Be Visible" owner="SeleniumLibrary">
<msg time="2026-04-17T10:45:01.065090" level="INFO" html="true">&lt;/td&gt;&lt;/tr&gt;&lt;tr&gt;&lt;td colspan="3"&gt;&lt;a href="Screenshots/selenium-screenshot-1.png"&gt;&lt;img src="Screenshots/selenium-screenshot-1.png" width="800px"&gt;&lt;/a&gt;</msg>
<msg time="2026-04-17T10:45:01.065397" level="FAIL">InvalidSelectorException: Message: invalid selector: Unable to locate an element with the xpath expression ["//div[contains(@class,'date-text') and normalize-space(.)='09']", "//i[contains(@class,'fa-chevron-down')]"] because of the following error:
SyntaxError: Failed to execute 'evaluate' on 'Document': The string '["//div[contains(@class,'date-text') and normalize-space(.)='09']", "//i[contains(@class,'fa-chevron-down')]"]' is not a valid XPath expression.
  (Session info: chrome=136.0.7103.114); For documentation on this error, please visit: https://www.selenium.dev/documentation/webdriver/troubleshooting/errors#invalidselectorexception
Stacktrace:
	GetHandleVerifier [0x00007FF6DFC0CF45+75717]
	GetHandleVerifier [0x00007FF6DFC0CFA0+75808]
	(No symbol) [0x00007FF6DF9D8F9A]
	(No symbol) [0x00007FF6DF9E0998]
	(No symbol) [0x00007FF6DF9E3A0C]
	(No symbol) [0x00007FF6DF9E3ADF]
	(No symbol) [0x00007FF6DFA2ED77]
	(No symbol) [0x00007FF6DFA2F77C]
	(No symbol) [0x00007FF6DFA825A7]
	(No symbol) [0x00007FF6DFA573BF]
	(No symbol) [0x00007FF6DFA7F39C]
	(No symbol) [0x00007FF6DFA57153]
	(No symbol) [0x00007FF6DFA20421]
	(No symbol) [0x00007FF6DFA211B3]
	GetHandleVerifier [0x00007FF6DFF0D71D+3223453]
	GetHandleVerifier [0x00007FF6DFF07CC2+3200322]
	GetHandleVerifier [0x00007FF6DFF25AF3+3322739]
	GetHandleVerifier [0x00007FF6DFC26A1A+180890]
	GetHandleVerifier [0x00007FF6DFC2E11F+211359]
	GetHandleVerifier [0x00007FF6DFC15294+109332]
	GetHandleVerifier [0x00007FF6DFC15442+109762]
	GetHandleVerifier [0x00007FF6DFBFBA59+4825]
	BaseThreadInitThunk [0x00007FF8FD977374+20]
	RtlUserThreadStart [0x00007FF8FEE9CC91+33]
</msg>
<arg>xpath=${DATE_ARROW_XPATH}</arg>
<doc>Verifies that the element identified by ``locator`` is visible.</doc>
<status status="FAIL" start="2026-04-17T10:45:00.852757" elapsed="0.238070">InvalidSelectorException: Message: invalid selector: Unable to locate an element with the xpath expression ["//div[contains(@class,'date-text') and normalize-space(.)='09']", "//i[contains(@class,'fa-chevron-down')]"] because of the following error:
SyntaxError: Failed to execute 'evaluate' on 'Document': The string '["//div[contains(@class,'date-text') and normalize-space(.)='09']", "//i[contains(@class,'fa-chevron-down')]"]' is not a valid XPath expression.
  (Session info: chrome=136.0.7103.114); For documentation on this error, please visit: https://www.selenium.dev/documentation/webdriver/troubleshooting/errors#invalidselectorexception
Stacktrace:
	GetHandleVerifier [0x00007FF6DFC0CF45+75717]
	GetHandleVerifier [0x00007FF6DFC0CFA0+75808]
	(No symbol) [0x00007FF6DF9D8F9A]
	(No symbol) [0x00007FF6DF9E0998]
	(No symbol) [0x00007FF6DF9E3A0C]
	(No symbol) [0x00007FF6DF9E3ADF]
	(No symbol) [0x00007FF6DFA2ED77]
	(No symbol) [0x00007FF6DFA2F77C]
	(No symbol) [0x00007FF6DFA825A7]
	(No symbol) [0x00007FF6DFA573BF]
	(No symbol) [0x00007FF6DFA7F39C]
	(No symbol) [0x00007FF6DFA57153]
	(No symbol) [0x00007FF6DFA20421]
	(No symbol) [0x00007FF6DFA211B3]
	GetHandleVerifier [0x00007FF6DFF0D71D+3223453]
	GetHandleVerifier [0x00007FF6DFF07CC2+3200322]
	GetHandleVerifier [0x00007FF6DFF25AF3+3322739]
	GetHandleVerifier [0x00007FF6DFC26A1A+180890]
	GetHandleVerifier [0x00007FF6DFC2E11F+211359]
	GetHandleVerifier [0x00007FF6DFC15294+109332]
	GetHandleVerifier [0x00007FF6DFC15442+109762]
	GetHandleVerifier [0x00007FF6DFBFBA59+4825]
	BaseThreadInitThunk [0x00007FF8FD977374+20]
	RtlUserThreadStart [0x00007FF8FEE9CC91+33]
</status>
</kw>
<msg time="2026-04-17T10:45:01.091080" level="INFO">${is_visible} = False</msg>
<var>${is_visible}</var>
<arg>Element Should Be Visible</arg>
<arg>xpath=${DATE_ARROW_XPATH}</arg>
<doc>Runs the specified keyword and returns the status as a Boolean value.</doc>
<status status="PASS" start="2026-04-17T10:45:00.852182" elapsed="0.238950"/>
</kw>
<kw name="Run Keyword If" owner="BuiltIn">
<arg>${is_visible}</arg>
<arg>Click Element</arg>
<arg>xpath=${DATE_ARROW_XPATH}</arg>
<doc>Runs the given keyword with the given arguments, if ``condition`` is true.</doc>
<status status="PASS" start="2026-04-17T10:45:01.091402" elapsed="0.000453"/>
</kw>
<kw name="Set Variable" owner="BuiltIn">
<msg time="2026-04-17T10:45:01.092608" level="INFO">${SHIFT_LIST} = //li[descendant::div[contains(@class,'date-text') and normalize-space(.)='09']]//div[contains(@class,'user-section-list')]//div[contains(@class,'user-section')][descendant::h4[normalize-space(.)='Jess...</msg>
<var>${SHIFT_LIST}</var>
<arg>//li[descendant::div[contains(@class,'date-text') and normalize-space(.)='${DATE}']]//div[contains(@class,'user-section-list')]//div[contains(@class,'user-section')][descendant::h4[normalize-space(.)='${DOCTOR_NAME}'] and descendant::div[contains(@class,'shift-name')]//span[contains(normalize-space(.),'${SHIFT_NAME}')]]</arg>
<doc>Returns the given values which can then be assigned to a variables.</doc>
<status status="PASS" start="2026-04-17T10:45:01.092098" elapsed="0.000559"/>
</kw>
<kw name="Log To Console" owner="BuiltIn">
<arg>Shift XPath: ${SHIFT_LIST}</arg>
<doc>Logs the given message to the console.</doc>
<status status="PASS" start="2026-04-17T10:45:01.092862" elapsed="0.000726"/>
</kw>
<kw name="Wait Until Element Is Visible" owner="SeleniumLibrary">
<arg>xpath=${SHIFT_LIST}</arg>
<arg>${TIMEOUT_LONG}</arg>
<doc>Waits until the element ``locator`` is visible.</doc>
<status status="PASS" start="2026-04-17T10:45:01.093933" elapsed="2.615004"/>
</kw>
<kw name="Run Keyword And Return Status" owner="BuiltIn">
<kw name="Page Should Contain Element" owner="SeleniumLibrary">
<msg time="2026-04-17T10:45:03.720417" level="INFO">Current page contains element 'xpath=//li[descendant::div[contains(@class,'date-text') and normalize-space(.)='09']]//div[contains(@class,'user-section-list')]//div[contains(@class,'user-section')][descendant::h4[normalize-space(.)='Jessica ILM'] and descendant::div[contains(@class,'shift-name')]//span[contains(normalize-space(.),'N12')]]'.</msg>
<arg>xpath=${SHIFT_LIST}</arg>
<doc>Verifies that element ``locator`` is found on the current page.</doc>
<status status="PASS" start="2026-04-17T10:45:03.710511" elapsed="0.010055"/>
</kw>
<msg time="2026-04-17T10:45:03.720778" level="INFO">${exists} = True</msg>
<var>${exists}</var>
<arg>Page Should Contain Element</arg>
<arg>xpath=${SHIFT_LIST}</arg>
<doc>Runs the specified keyword and returns the status as a Boolean value.</doc>
<status status="PASS" start="2026-04-17T10:45:03.709497" elapsed="0.011334"/>
</kw>
<return>
<value>${exists}</value>
<status status="PASS" start="2026-04-17T10:45:03.720952" elapsed="0.000076"/>
</return>
<msg time="2026-04-17T10:45:03.721267" level="INFO">${exists} = True</msg>
<var>${exists}</var>
<arg>${DATE}</arg>
<arg>${DOCTOR_NAME}</arg>
<arg>${SHIFT_NAME}</arg>
<status status="PASS" start="2026-04-17T10:45:00.805620" elapsed="2.915694"/>
</kw>
<status status="PASS" start="2026-04-17T10:45:00.803676" elapsed="2.917739"/>
</branch>
<branch type="ELSE">
<kw name="Get Shift exist Status with Ward" owner="AddShiftPage">
<var>${exists}</var>
<arg>${DATE}</arg>
<arg>${DOCTOR_NAME}</arg>
<arg>${TIME}</arg>
<arg>${WARD}</arg>
<status status="NOT RUN" start="2026-04-17T10:45:03.721856" elapsed="0.000055"/>
</kw>
<status status="NOT RUN" start="2026-04-17T10:45:03.721492" elapsed="0.000509"/>
</branch>
<status status="PASS" start="2026-04-17T10:45:00.803614" elapsed="2.918446"/>
</if>
<return>
<value>${exists}</value>
<status status="PASS" start="2026-04-17T10:45:03.722124" elapsed="0.000057"/>
</return>
<msg time="2026-04-17T10:45:03.722393" level="INFO">${SHIFT_EXISTS} = True</msg>
<var>${SHIFT_EXISTS}</var>
<arg>${DATE}</arg>
<arg>${DOCTOR_NAME}</arg>
<arg>${SHIFT_NAME}</arg>
<arg>${TIME}</arg>
<arg>${WARD}</arg>
<status status="PASS" start="2026-04-17T10:45:00.802450" elapsed="2.919989"/>
</kw>
<kw name="Should Be True" owner="BuiltIn">
<arg>${SHIFT_EXISTS}</arg>
<doc>Fails if the given condition is not true.</doc>
<status status="PASS" start="2026-04-17T10:45:03.722683" elapsed="0.000449"/>
</kw>
<kw name="Capture Screenshot Step" owner="ModpayAdminInvoicePage">
<kw name="Get Time" owner="BuiltIn">
<msg time="2026-04-17T10:45:03.724309" level="INFO">${time} = 1776402903</msg>
<var>${time}</var>
<arg>epoch</arg>
<doc>Returns the given time in the requested format.</doc>
<status status="PASS" start="2026-04-17T10:45:03.723882" elapsed="0.000474"/>
</kw>
<kw name="Set Variable" owner="BuiltIn">
<msg time="2026-04-17T10:45:03.725261" level="INFO">${file} = ShiftJessica ILM_1776402903.png</msg>
<var>${file}</var>
<arg>${step_name}_${time}.png</arg>
<doc>Returns the given values which can then be assigned to a variables.</doc>
<status status="PASS" start="2026-04-17T10:45:03.724566" elapsed="0.000794"/>
</kw>
<kw name="Capture Page Screenshot" owner="SeleniumLibrary">
<msg time="2026-04-17T10:45:03.857266" level="INFO" html="true">&lt;/td&gt;&lt;/tr&gt;&lt;tr&gt;&lt;td colspan="3"&gt;&lt;a href="Screenshots/ShiftJessica%20ILM_1776402903.png"&gt;&lt;img src="Screenshots/ShiftJessica%20ILM_1776402903.png" width="800px"&gt;&lt;/a&gt;</msg>
<arg>${file}</arg>
<doc>Takes a screenshot of the current page and embeds it into a log file.</doc>
<status status="PASS" start="2026-04-17T10:45:03.725850" elapsed="0.131560"/>
</kw>
<kw name="Log To Console" owner="BuiltIn">
<arg>✅ Captured screenshot: ${file}</arg>
<doc>Logs the given message to the console.</doc>
<status status="PASS" start="2026-04-17T10:45:03.857684" elapsed="0.000674"/>
</kw>
<arg>Shift${DOCTOR_NAME}</arg>
<status status="PASS" start="2026-04-17T10:45:03.723399" elapsed="0.135151"/>
</kw>
<kw name="Sleep" owner="BuiltIn">
<msg time="2026-04-17T10:45:05.860257" level="INFO">Slept 2 seconds.</msg>
<arg>2s</arg>
<doc>Pauses the test executed for the given time.</doc>
<status status="PASS" start="2026-04-17T10:45:03.859114" elapsed="2.001389"/>
</kw>
<if>
<branch type="IF" condition="'${payment_type}' == 'P'">
<kw name="Navigate To Modpay" owner="AddShiftPage">
<kw name="Wait Until Element Is Visible" owner="SeleniumLibrary">
<arg>xpath=//li[normalize-space()='ModPay']</arg>
<arg>${TIMEOUT}</arg>
<doc>Waits until the element ``locator`` is visible.</doc>
<status status="PASS" start="2026-04-17T10:45:05.862430" elapsed="0.034722"/>
</kw>
<kw name="Click Element" owner="SeleniumLibrary">
<msg time="2026-04-17T10:45:05.897892" level="INFO">Clicking element 'xpath=//li[normalize-space()='ModPay']'.</msg>
<arg>xpath=//li[normalize-space()='ModPay']</arg>
<doc>Click the element identified by ``locator``.</doc>
<status status="PASS" start="2026-04-17T10:45:05.897544" elapsed="0.184038"/>
</kw>
<kw name="Wait For Page Loader To Disappear" owner="PageSelect">
<kw name="Wait Until Element Is Not Visible" owner="SeleniumLibrary">
<arg>xpath=//div[contains(@class,'loader-wrapper')]</arg>
<arg>${TIMEOUT_LONG}</arg>
<doc>Waits until the element ``locator`` is not visible.</doc>
<status status="PASS" start="2026-04-17T10:45:06.082895" elapsed="0.962703"/>
</kw>
<status status="PASS" start="2026-04-17T10:45:06.082122" elapsed="0.963672"/>
</kw>
<kw name="Wait Until Location Is" owner="SeleniumLibrary">
<arg>${MODPAY_INVOICE_URL}</arg>
<arg>${TIMEOUT_LONG}</arg>
<doc>Waits until the current URL is ``expected``.</doc>
<status status="PASS" start="2026-04-17T10:45:07.046141" elapsed="1.033903"/>
</kw>
<kw name="Wait Until Page Does Not Contain Element" owner="SeleniumLibrary">
<arg>//app-bijib-loader</arg>
<arg>${TIMEOUT_LONG}</arg>
<doc>Waits until the element ``locator`` disappears from the current page.</doc>
<status status="PASS" start="2026-04-17T10:45:08.080662" elapsed="0.123632"/>
</kw>
<kw name="Log To Console" owner="BuiltIn">
<arg>✅ Navigated to Modpay</arg>
<doc>Logs the given message to the console.</doc>
<status status="PASS" start="2026-04-17T10:45:08.204814" elapsed="0.002994"/>
</kw>
<status status="PASS" start="2026-04-17T10:45:05.861630" elapsed="2.346470"/>
</kw>
<kw name="Get Month From Date" owner="DateKeywords">
<if>
<branch type="IF" condition="'${format}' == 'short'">
<kw name="Convert Date" owner="DateTime">
<var>${month}</var>
<arg>${date}</arg>
<arg>result_format=%b</arg>
<doc>Converts between supported `date formats`.</doc>
<status status="NOT RUN" start="2026-04-17T10:45:08.211009" elapsed="0.000148"/>
</kw>
<status status="NOT RUN" start="2026-04-17T10:45:08.210295" elapsed="0.001174"/>
</branch>
<branch type="ELSE IF" condition="'${format}' == 'full'">
<kw name="Convert Date" owner="DateTime">
<msg time="2026-04-17T10:45:08.213255" level="INFO">${month} = May</msg>
<var>${month}</var>
<arg>${date}</arg>
<arg>result_format=%B</arg>
<doc>Converts between supported `date formats`.</doc>
<status status="PASS" start="2026-04-17T10:45:08.212383" elapsed="0.000992"/>
</kw>
<status status="PASS" start="2026-04-17T10:45:08.211650" elapsed="0.001905"/>
</branch>
<branch type="ELSE IF" condition="'${format}' == 'number'">
<kw name="Convert Date" owner="DateTime">
<var>${month}</var>
<arg>${date}</arg>
<arg>result_format=%m</arg>
<doc>Converts between supported `date formats`.</doc>
<status status="NOT RUN" start="2026-04-17T10:45:08.214157" elapsed="0.000111"/>
</kw>
<status status="NOT RUN" start="2026-04-17T10:45:08.213685" elapsed="0.000748"/>
</branch>
<branch type="ELSE">
<kw name="Fail" owner="BuiltIn">
<arg>Invalid format: ${format}</arg>
<doc>Fails the test with the given message and optionally alters its tags.</doc>
<status status="NOT RUN" start="2026-04-17T10:45:08.214944" elapsed="0.000095"/>
</kw>
<status status="NOT RUN" start="2026-04-17T10:45:08.214557" elapsed="0.000633"/>
</branch>
<status status="PASS" start="2026-04-17T10:45:08.210219" elapsed="0.005080"/>
</if>
<if>
<branch type="IF" condition="${uppercase}">
<kw name="Convert To Upper Case" owner="String">
<var>${month}</var>
<arg>${month}</arg>
<doc>Converts string to upper case.</doc>
<status status="NOT RUN" start="2026-04-17T10:45:08.216039" elapsed="0.000077"/>
</kw>
<status status="NOT RUN" start="2026-04-17T10:45:08.215484" elapsed="0.000766"/>
</branch>
<status status="PASS" start="2026-04-17T10:45:08.215438" elapsed="0.000918"/>
</if>
<return>
<value>${month}</value>
<status status="PASS" start="2026-04-17T10:45:08.216451" elapsed="0.000097"/>
</return>
<msg time="2026-04-17T10:45:08.216938" level="INFO">${MODPAY_MONTH} = May</msg>
<var>${MODPAY_MONTH}</var>
<arg>${SHIFT_DATE_CONSTANT}</arg>
<arg>full</arg>
<status status="PASS" start="2026-04-17T10:45:08.209131" elapsed="0.007890"/>
</kw>
<kw name="Check User Shift in Modpay" owner="ModpayAdminInvoicePage">
<kw name="Select SubService in Modpay" owner="ModpayAdminInvoicePage">
<kw name="Wait For Modpay Loader To Disappear" owner="ModpayAdminInvoicePage">
<kw name="Run Keyword And Return Status" owner="BuiltIn">
<kw name="Wait Until Element Is Visible" owner="SeleniumLibrary">
<arg>${locator}</arg>
<arg>${TIMEOUT}</arg>
<doc>Waits until the element ``locator`` is visible.</doc>
<status status="PASS" start="2026-04-17T10:45:08.223351" elapsed="0.541366"/>
</kw>
<msg time="2026-04-17T10:45:08.764958" level="INFO">${is_visible} = True</msg>
<var>${is_visible}</var>
<arg>Wait Until Element Is Visible</arg>
<arg>${locator}</arg>
<arg>${TIMEOUT}</arg>
<doc>Runs the specified keyword and returns the status as a Boolean value.</doc>
<status status="PASS" start="2026-04-17T10:45:08.222384" elapsed="0.542635"/>
</kw>
<if>
<branch type="IF" condition="${is_visible}">
<kw name="Wait Until Element Is Not Visible" owner="SeleniumLibrary">
<arg>${locator}</arg>
<arg>${TIMEOUT}</arg>
<doc>Waits until the element ``locator`` is not visible.</doc>
<status status="PASS" start="2026-04-17T10:45:08.765542" elapsed="5.214723"/>
</kw>
<status status="PASS" start="2026-04-17T10:45:08.765195" elapsed="5.215368"/>
</branch>
<status status="PASS" start="2026-04-17T10:45:08.765155" elapsed="5.215563"/>
</if>
<arg>//app-bijib-loader</arg>
<status status="PASS" start="2026-04-17T10:45:08.221512" elapsed="5.759410"/>
</kw>
<kw name="Set Variable" owner="BuiltIn">
<msg time="2026-04-17T10:45:13.982480" level="INFO">${dropdown} = //div[contains(@class,'form-group')][.//label[contains(.,'Sub Service')]]//li[contains(@class,'dropdown')]</msg>
<var>${dropdown}</var>
<arg>//div[contains(@class,'form-group')][.//label[contains(.,'Sub Service')]]//li[contains(@class,'dropdown')]</arg>
<doc>Returns the given values which can then be assigned to a variables.</doc>
<status status="PASS" start="2026-04-17T10:45:13.981436" elapsed="0.001168"/>
</kw>
<kw name="Wait Until Element Is Visible" owner="SeleniumLibrary">
<arg>${dropdown}</arg>
<arg>${TIMEOUT}</arg>
<doc>Waits until the element ``locator`` is visible.</doc>
<status status="PASS" start="2026-04-17T10:45:13.983231" elapsed="0.062788"/>
</kw>
<kw name="Click Element" owner="SeleniumLibrary">
<msg time="2026-04-17T10:45:14.046659" level="INFO">Clicking element '//div[contains(@class,'form-group')][.//label[contains(.,'Sub Service')]]//li[contains(@class,'dropdown')]'.</msg>
<arg>${dropdown}</arg>
<doc>Click the element identified by ``locator``.</doc>
<status status="PASS" start="2026-04-17T10:45:14.046342" elapsed="0.076072"/>
</kw>
<kw name="Set Variable" owner="BuiltIn">
<msg time="2026-04-17T10:45:14.123316" level="INFO">${option_xpath} = //li[contains(@class,'list-item') and contains(normalize-space(),'ALL')]</msg>
<var>${option_xpath}</var>
<arg>//li[contains(@class,'list-item') and contains(normalize-space(),'${SUBSERVICE_NAME_IN_MODPAY}')]</arg>
<doc>Returns the given values which can then be assigned to a variables.</doc>
<status status="PASS" start="2026-04-17T10:45:14.122738" elapsed="0.000637"/>
</kw>
<kw name="Wait Until Element Is Visible" owner="SeleniumLibrary">
<arg>${option_xpath}</arg>
<arg>${TIMEOUT}</arg>
<doc>Waits until the element ``locator`` is visible.</doc>
<status status="PASS" start="2026-04-17T10:45:14.123637" elapsed="0.029719"/>
</kw>
<kw name="Click Element" owner="SeleniumLibrary">
<msg time="2026-04-17T10:45:14.154036" level="INFO">Clicking element '//li[contains(@class,'list-item') and contains(normalize-space(),'ALL')]'.</msg>
<arg>${option_xpath}</arg>
<doc>Click the element identified by ``locator``.</doc>
<status status="PASS" start="2026-04-17T10:45:14.153694" elapsed="0.091061"/>
</kw>
<kw name="Wait For Modpay Loader To Disappear" owner="ModpayAdminInvoicePage">
<kw name="Run Keyword And Return Status" owner="BuiltIn">
<kw name="Wait Until Element Is Visible" owner="SeleniumLibrary">
<arg>${locator}</arg>
<arg>${TIMEOUT}</arg>
<doc>Waits until the element ``locator`` is visible.</doc>
<status status="PASS" start="2026-04-17T10:45:14.248223" elapsed="0.447325"/>
</kw>
<msg time="2026-04-17T10:45:14.695798" level="INFO">${is_visible} = True</msg>
<var>${is_visible}</var>
<arg>Wait Until Element Is Visible</arg>
<arg>${locator}</arg>
<arg>${TIMEOUT}</arg>
<doc>Runs the specified keyword and returns the status as a Boolean value.</doc>
<status status="PASS" start="2026-04-17T10:45:14.247088" elapsed="0.448774"/>
</kw>
<if>
<branch type="IF" condition="${is_visible}">
<kw name="Wait Until Element Is Not Visible" owner="SeleniumLibrary">
<arg>${locator}</arg>
<arg>${TIMEOUT}</arg>
<doc>Waits until the element ``locator`` is not visible.</doc>
<status status="PASS" start="2026-04-17T10:45:14.696405" elapsed="5.448369"/>
</kw>
<status status="PASS" start="2026-04-17T10:45:14.696062" elapsed="5.448927"/>
</branch>
<status status="PASS" start="2026-04-17T10:45:14.696019" elapsed="5.449090"/>
</if>
<arg>//app-bijib-loader</arg>
<status status="PASS" start="2026-04-17T10:45:14.245536" elapsed="5.899732"/>
</kw>
<kw name="Log To Console" owner="BuiltIn">
[...]
<doc>Logs the given message to the console.</doc>
<status status="NOT RUN" start="2026-04-17T10:52:34.989018" elapsed="0.000104"/>
</kw>
<status status="NOT RUN" start="2026-04-17T10:52:34.987330" elapsed="0.001984"/>
</branch>
<status status="PASS" start="2026-04-17T10:52:34.660975" elapsed="0.328487"/>
</if>
<arg>${HOSPITAL_NAME}</arg>
<status status="PASS" start="2026-04-17T10:52:34.278252" elapsed="0.711544"/>
</kw>
<kw name="Sleep" owner="BuiltIn">
<msg time="2026-04-17T10:52:36.991672" level="INFO">Slept 2 seconds.</msg>
<arg>2s</arg>
<doc>Pauses the test executed for the given time.</doc>
<status status="PASS" start="2026-04-17T10:52:34.990288" elapsed="2.001651"/>
</kw>
<kw name="Sub Service selection" owner="BeewayDashboardPage">
<kw name="Wait Until Element Is Visible" owner="SeleniumLibrary">
<arg>xpath=//li[normalize-space()="${SUBSERVICE_NAME}"][1]</arg>
<arg>${TIMEOUT_LONG}</arg>
<doc>Waits until the element ``locator`` is visible.</doc>
<status status="PASS" start="2026-04-17T10:52:36.993001" elapsed="0.028839"/>
</kw>
<kw name="Click Element" owner="SeleniumLibrary">
<msg time="2026-04-17T10:52:37.022554" level="INFO">Clicking element 'xpath=//li[normalize-space()="Med Roster"][1]'.</msg>
<arg>xpath=//li[normalize-space()="${SUBSERVICE_NAME}"][1]</arg>
<doc>Click the element identified by ``locator``.</doc>
<status status="PASS" start="2026-04-17T10:52:37.022175" elapsed="0.654146"/>
</kw>
<kw name="Log To Console" owner="BuiltIn">
<arg>✅ Sub-service selected: ${SUBSERVICE_NAME}</arg>
<doc>Logs the given message to the console.</doc>
<status status="PASS" start="2026-04-17T10:52:37.676794" elapsed="0.000998"/>
</kw>
<arg>${SUBSERVICE_NAME}</arg>
<status status="PASS" start="2026-04-17T10:52:36.992417" elapsed="0.685616"/>
</kw>
<kw name="Select Date from My Schedule" owner="BeewayDashboardPage">
<kw name="Select Year and Month" owner="PageSelect">
<kw name="Sleep" owner="BuiltIn">
<msg time="2026-04-17T10:52:39.680770" level="INFO">Slept 2 seconds.</msg>
<arg>2s</arg>
<doc>Pauses the test executed for the given time.</doc>
<status status="PASS" start="2026-04-17T10:52:37.679725" elapsed="2.001325"/>
</kw>
<kw name="Click Element With Path" owner="Buttons">
<kw name="Set Variable" owner="BuiltIn">
<msg time="2026-04-17T10:52:39.683708" level="INFO">${ELEMENT_PATH} = xpath=(//i[contains(@class,"fa-solid fa-calendar-days")])[1]</msg>
<var>${ELEMENT_PATH}</var>
<arg>xpath=(${PATH})[${INDEX}]</arg>
<doc>Returns the given values which can then be assigned to a variables.</doc>
<status status="PASS" start="2026-04-17T10:52:39.682692" elapsed="0.001120"/>
</kw>
<kw name="Wait Until Element Is Visible" owner="SeleniumLibrary">
<arg>${ELEMENT_PATH}</arg>
<arg>${TIMEOUT}</arg>
<doc>Waits until the element ``locator`` is visible.</doc>
<status status="PASS" start="2026-04-17T10:52:39.684262" elapsed="0.039289"/>
</kw>
<kw name="Click Element" owner="SeleniumLibrary">
<msg time="2026-04-17T10:52:39.724708" level="INFO">Clicking element 'xpath=(//i[contains(@class,"fa-solid fa-calendar-days")])[1]'.</msg>
<arg>${ELEMENT_PATH}</arg>
<doc>Click the element identified by ``locator``.</doc>
<status status="PASS" start="2026-04-17T10:52:39.724092" elapsed="0.094631"/>
</kw>
<kw name="Log To Console" owner="BuiltIn">
<arg>Clicked element with path ${PATH}</arg>
<doc>Logs the given message to the console.</doc>
<status status="PASS" start="2026-04-17T10:52:39.819311" elapsed="0.001444"/>
</kw>
<arg>//i[contains(@class,"fa-solid fa-calendar-days")]</arg>
<status status="PASS" start="2026-04-17T10:52:39.681699" elapsed="0.139391"/>
</kw>
<kw name="Set Variable" owner="BuiltIn">
<msg time="2026-04-17T10:52:39.822095" level="INFO">${SMALL_CALENDAR_PATH} = //div[contains(@class,"small-calender")]</msg>
<var>${SMALL_CALENDAR_PATH}</var>
<arg>//div[contains(@class,"small-calender")]</arg>
<doc>Returns the given values which can then be assigned to a variables.</doc>
<status status="PASS" start="2026-04-17T10:52:39.821457" elapsed="0.000726"/>
</kw>
<kw name="Click Element With Path" owner="Buttons">
<kw name="Set Variable" owner="BuiltIn">
<msg time="2026-04-17T10:52:39.825783" level="INFO">${ELEMENT_PATH} = xpath=(//div[contains(@class,"small-calender")]/div/div/ul/li[normalize-space(text())="JUL"])[1]</msg>
<var>${ELEMENT_PATH}</var>
<arg>xpath=(${PATH})[${INDEX}]</arg>
<doc>Returns the given values which can then be assigned to a variables.</doc>
<status status="PASS" start="2026-04-17T10:52:39.824527" elapsed="0.001365"/>
</kw>
<kw name="Wait Until Element Is Visible" owner="SeleniumLibrary">
<arg>${ELEMENT_PATH}</arg>
<arg>${TIMEOUT}</arg>
<doc>Waits until the element ``locator`` is visible.</doc>
<status status="PASS" start="2026-04-17T10:52:39.826374" elapsed="0.029411"/>
</kw>
<kw name="Click Element" owner="SeleniumLibrary">
<msg time="2026-04-17T10:52:39.856458" level="INFO">Clicking element 'xpath=(//div[contains(@class,"small-calender")]/div/div/ul/li[normalize-space(text())="JUL"])[1]'.</msg>
<arg>${ELEMENT_PATH}</arg>
<doc>Click the element identified by ``locator``.</doc>
<status status="PASS" start="2026-04-17T10:52:39.856118" elapsed="0.077595"/>
</kw>
<kw name="Log To Console" owner="BuiltIn">
<arg>Clicked element with path ${PATH}</arg>
<doc>Logs the given message to the console.</doc>
<status status="PASS" start="2026-04-17T10:52:39.934035" elapsed="0.000762"/>
</kw>
<arg>${SMALL_CALENDAR_PATH}/div/div/ul/li[normalize-space(text())="${MONTH}"]</arg>
<status status="PASS" start="2026-04-17T10:52:39.822634" elapsed="0.112351"/>
</kw>
<kw name="Click Element With Path" owner="Buttons">
<kw name="Set Variable" owner="BuiltIn">
<msg time="2026-04-17T10:52:39.936613" level="INFO">${ELEMENT_PATH} = xpath=(//div[contains(@class,"small-calender")]/ul/li[normalize-space(text())="Year"])[1]</msg>
<var>${ELEMENT_PATH}</var>
<arg>xpath=(${PATH})[${INDEX}]</arg>
<doc>Returns the given values which can then be assigned to a variables.</doc>
<status status="PASS" start="2026-04-17T10:52:39.936078" elapsed="0.000593"/>
</kw>
<kw name="Wait Until Element Is Visible" owner="SeleniumLibrary">
<arg>${ELEMENT_PATH}</arg>
<arg>${TIMEOUT}</arg>
<doc>Waits until the element ``locator`` is visible.</doc>
<status status="PASS" start="2026-04-17T10:52:39.936930" elapsed="0.029709"/>
</kw>
<kw name="Click Element" owner="SeleniumLibrary">
<msg time="2026-04-17T10:52:39.967355" level="INFO">Clicking element 'xpath=(//div[contains(@class,"small-calender")]/ul/li[normalize-space(text())="Year"])[1]'.</msg>
<arg>${ELEMENT_PATH}</arg>
<doc>Click the element identified by ``locator``.</doc>
<status status="PASS" start="2026-04-17T10:52:39.966999" elapsed="0.100749"/>
</kw>
<kw name="Log To Console" owner="BuiltIn">
<arg>Clicked element with path ${PATH}</arg>
<doc>Logs the given message to the console.</doc>
<status status="PASS" start="2026-04-17T10:52:40.068220" elapsed="0.001081"/>
</kw>
<arg>${SMALL_CALENDAR_PATH}/ul/li[normalize-space(text())="Year"]</arg>
<status status="PASS" start="2026-04-17T10:52:39.935394" elapsed="0.134225"/>
</kw>
<kw name="Click Element With Path" owner="Buttons">
<kw name="Set Variable" owner="BuiltIn">
<msg time="2026-04-17T10:52:40.072485" level="INFO">${ELEMENT_PATH} = xpath=(//div[contains(@class,"small-calender")]/div/ul/li[normalize-space(text())="2026"])[1]</msg>
<var>${ELEMENT_PATH}</var>
<arg>xpath=(${PATH})[${INDEX}]</arg>
<doc>Returns the given values which can then be assigned to a variables.</doc>
<status status="PASS" start="2026-04-17T10:52:40.071681" elapsed="0.000869"/>
</kw>
<kw name="Wait Until Element Is Visible" owner="SeleniumLibrary">
<arg>${ELEMENT_PATH}</arg>
<arg>${TIMEOUT}</arg>
<doc>Waits until the element ``locator`` is visible.</doc>
<status status="PASS" start="2026-04-17T10:52:40.072840" elapsed="0.028293"/>
</kw>
<kw name="Click Element" owner="SeleniumLibrary">
<msg time="2026-04-17T10:52:40.101800" level="INFO">Clicking element 'xpath=(//div[contains(@class,"small-calender")]/div/ul/li[normalize-space(text())="2026"])[1]'.</msg>
<arg>${ELEMENT_PATH}</arg>
<doc>Click the element identified by ``locator``.</doc>
<status status="PASS" start="2026-04-17T10:52:40.101461" elapsed="0.075735"/>
</kw>
<kw name="Log To Console" owner="BuiltIn">
<arg>Clicked element with path ${PATH}</arg>
<doc>Logs the given message to the console.</doc>
<status status="PASS" start="2026-04-17T10:52:40.177573" elapsed="0.000806"/>
</kw>
<arg>${SMALL_CALENDAR_PATH}/div/ul/li[normalize-space(text())="${YEAR}"]</arg>
<status status="PASS" start="2026-04-17T10:52:40.070273" elapsed="0.108341"/>
</kw>
<kw name="Button Click" owner="Buttons">
<kw name="Set Variable" owner="BuiltIn">
<msg time="2026-04-17T10:52:40.180080" level="INFO">${BASE_PATH} = //button[normalize-space()="Done"]</msg>
<var>${BASE_PATH}</var>
<arg>//button[normalize-space()="${LABEL}"]</arg>
<doc>Returns the given values which can then be assigned to a variables.</doc>
<status status="PASS" start="2026-04-17T10:52:40.179571" elapsed="0.000563"/>
</kw>
<kw name="Set Variable" owner="BuiltIn">
<msg time="2026-04-17T10:52:40.180885" level="INFO">${BUTTON_PATH} = xpath=(//button[normalize-space()="Done"])[1]</msg>
<var>${BUTTON_PATH}</var>
<arg>xpath=(${BASE_PATH})[${INDEX}]</arg>
<doc>Returns the given values which can then be assigned to a variables.</doc>
<status status="PASS" start="2026-04-17T10:52:40.180382" elapsed="0.000554"/>
</kw>
<kw name="Wait Until Element Is Visible" owner="SeleniumLibrary">
<arg>${BUTTON_PATH}</arg>
<arg>${TIMEOUT}</arg>
<doc>Waits until the element ``locator`` is visible.</doc>
<status status="PASS" start="2026-04-17T10:52:40.181184" elapsed="0.017685"/>
</kw>
<kw name="Click Button" owner="SeleniumLibrary">
<msg time="2026-04-17T10:52:40.199685" level="INFO">Clicking button 'xpath=(//button[normalize-space()="Done"])[1]'.</msg>
<arg>${BUTTON_PATH}</arg>
<doc>Clicks the button identified by ``locator``.</doc>
<status status="PASS" start="2026-04-17T10:52:40.199319" elapsed="0.119915"/>
</kw>
<kw name="Log To Console" owner="BuiltIn">
<arg>Clicked button with label ${LABEL}</arg>
<doc>Logs the given message to the console.</doc>
<status status="PASS" start="2026-04-17T10:52:40.319534" elapsed="0.000714"/>
</kw>
<arg>Done</arg>
<status status="PASS" start="2026-04-17T10:52:40.179035" elapsed="0.141442"/>
</kw>
<kw name="Sleep" owner="BuiltIn">
<msg time="2026-04-17T10:52:42.321997" level="INFO">Slept 2 seconds.</msg>
<arg>2s</arg>
<doc>Pauses the test executed for the given time.</doc>
<status status="PASS" start="2026-04-17T10:52:40.320792" elapsed="2.001467"/>
</kw>
<arg>${YEAR}</arg>
<arg>${MONTH}</arg>
<status status="PASS" start="2026-04-17T10:52:37.679232" elapsed="4.643306"/>
</kw>
<if>
<branch type="IF" condition="'Chris' not in '${HOSPITAL_NAME}'">
<kw name="Maximize Calendar" owner="BeewayDashboardPage">
<kw name="Wait Until Element Is Visible" owner="SeleniumLibrary">
<arg>xpath=(//li[normalize-space()='Maximize'])[1]</arg>
<arg>${TIMEOUT_LONG}</arg>
<doc>Waits until the element ``locator`` is visible.</doc>
<status status="PASS" start="2026-04-17T10:52:42.324597" elapsed="0.037570"/>
</kw>
<kw name="Click Element" owner="SeleniumLibrary">
<msg time="2026-04-17T10:52:42.363147" level="INFO">Clicking element 'xpath=(//li[normalize-space()='Maximize'])[1]'.</msg>
<arg>xpath=(//li[normalize-space()='Maximize'])[1]</arg>
<doc>Click the element identified by ``locator``.</doc>
<status status="PASS" start="2026-04-17T10:52:42.362694" elapsed="0.108871"/>
</kw>
<kw name="Log To Console" owner="BuiltIn">
<arg>✅ Calendar maximized</arg>
<doc>Logs the given message to the console.</doc>
<status status="PASS" start="2026-04-17T10:52:42.471861" elapsed="0.000753"/>
</kw>
<kw name="Sleep" owner="BuiltIn">
<msg time="2026-04-17T10:52:47.473893" level="INFO">Slept 5 seconds.</msg>
<arg>5s</arg>
<doc>Pauses the test executed for the given time.</doc>
<status status="PASS" start="2026-04-17T10:52:42.473090" elapsed="5.001065"/>
</kw>
<status status="PASS" start="2026-04-17T10:52:42.323692" elapsed="5.151030"/>
</kw>
<status status="PASS" start="2026-04-17T10:52:42.322837" elapsed="5.152036"/>
</branch>
<status status="PASS" start="2026-04-17T10:52:42.322766" elapsed="5.152260"/>
</if>
<kw name="Scroll Element Into View" owner="SeleniumLibrary">
<arg>xpath=(//li[.//div[contains(@class,'date') and normalize-space()='${DATE}']])[1]</arg>
<doc>Scrolls the element identified by ``locator`` into view.</doc>
<status status="PASS" start="2026-04-17T10:52:47.475443" elapsed="0.296407"/>
</kw>
<arg>${YEAR}</arg>
<arg>${MONTH}</arg>
<arg>${DATE}</arg>
<arg>${HOSPITAL_NAME}</arg>
<status status="PASS" start="2026-04-17T10:52:37.678487" elapsed="10.093648"/>
</kw>
<kw name="User Shift exist Status" owner="BeewayDashboardPage">
<kw name="Set Variable" owner="BuiltIn">
<msg time="2026-04-17T10:52:47.774995" level="INFO">${USER_SHIFT_LIST} = //li[.//div[contains(@class,'date') and normalize-space()='22']]//h4[normalize-space()='Aditi AHKNO']/ancestor::div[contains(@class,'user-section')][1][.//span[contains(@class,'shift-tme') and normali...</msg>
<var>${USER_SHIFT_LIST}</var>
<arg>//li[.//div[contains(@class,'date') and normalize-space()='${DATE}']]//h4[normalize-space()='${DOCTOR_NAME}']/ancestor::div[contains(@class,'user-section')][1][.//span[contains(@class,'shift-tme') and normalize-space()='${TIME}']]</arg>
<doc>Returns the given values which can then be assigned to a variables.</doc>
<status status="PASS" start="2026-04-17T10:52:47.773940" elapsed="0.001155"/>
</kw>
<kw name="Log To Console" owner="BuiltIn">
<arg>Shift XPath: ${USER_SHIFT_LIST}</arg>
<doc>Logs the given message to the console.</doc>
<status status="PASS" start="2026-04-17T10:52:47.775510" elapsed="0.001269"/>
</kw>
<kw name="Wait Until Element Is Visible" owner="SeleniumLibrary">
<arg>xpath=${USER_SHIFT_LIST}</arg>
<arg>${TIMEOUT_LONG}</arg>
<doc>Waits until the element ``locator`` is visible.</doc>
<status status="PASS" start="2026-04-17T10:52:47.777448" elapsed="0.038027"/>
</kw>
<kw name="Scroll Element Into View" owner="SeleniumLibrary">
<arg>xpath=${USER_SHIFT_LIST}</arg>
<doc>Scrolls the element identified by ``locator`` into view.</doc>
<status status="PASS" start="2026-04-17T10:52:47.815819" elapsed="0.281910"/>
</kw>
<kw name="Run Keyword And Return Status" owner="BuiltIn">
<kw name="Page Should Contain Element" owner="SeleniumLibrary">
<msg time="2026-04-17T10:52:48.115173" level="INFO">Current page contains element 'xpath=//li[.//div[contains(@class,'date') and normalize-space()='22']]//h4[normalize-space()='Aditi AHKNO']/ancestor::div[contains(@class,'user-section')][1][.//span[contains(@class,'shift-tme') and normalize-space()='07:00-19:00']]'.</msg>
<arg>xpath=${USER_SHIFT_LIST}</arg>
<doc>Verifies that element ``locator`` is found on the current page.</doc>
<status status="PASS" start="2026-04-17T10:52:48.099372" elapsed="0.016028"/>
</kw>
<msg time="2026-04-17T10:52:48.115733" level="INFO">${exists} = True</msg>
<var>${exists}</var>
<arg>Page Should Contain Element</arg>
<arg>xpath=${USER_SHIFT_LIST}</arg>
<doc>Runs the specified keyword and returns the status as a Boolean value.</doc>
<status status="PASS" start="2026-04-17T10:52:48.098319" elapsed="0.017505"/>
</kw>
<return>
<value>${exists}</value>
<status status="PASS" start="2026-04-17T10:52:48.116022" elapsed="0.000135"/>
</return>
<msg time="2026-04-17T10:52:48.116577" level="INFO">${USER_SHIFT_EXISTS} = True</msg>
<var>${USER_SHIFT_EXISTS}</var>
<arg>${DATE}</arg>
<arg>${DOCTOR_NAME}</arg>
<arg>${TIME}</arg>
<status status="PASS" start="2026-04-17T10:52:47.772786" elapsed="0.343880"/>
</kw>
<kw name="Should Be True" owner="BuiltIn">
<arg>${USER_SHIFT_EXISTS}</arg>
<arg>Shift not found for ${DOCTOR_NAME} on ${DATE} with timing ${TIME}</arg>
<doc>Fails if the given condition is not true.</doc>
<status status="PASS" start="2026-04-17T10:52:48.117112" elapsed="0.001075"/>
</kw>
<kw name="Capture Screenshot Step" owner="ModpayAdminInvoicePage">
<kw name="Get Time" owner="BuiltIn">
<msg time="2026-04-17T10:52:48.120404" level="INFO">${time} = 1776403368</msg>
<var>${time}</var>
<arg>epoch</arg>
<doc>Returns the given time in the requested format.</doc>
<status status="PASS" start="2026-04-17T10:52:48.119623" elapsed="0.000878"/>
</kw>
<kw name="Set Variable" owner="BuiltIn">
<msg time="2026-04-17T10:52:48.121740" level="INFO">${file} = UserShiftAditi AHKNO_1776403368.png</msg>
<var>${file}</var>
<arg>${step_name}_${time}.png</arg>
<doc>Returns the given values which can then be assigned to a variables.</doc>
<status status="PASS" start="2026-04-17T10:52:48.120902" elapsed="0.000929"/>
</kw>
<kw name="Capture Page Screenshot" owner="SeleniumLibrary">
<msg time="2026-04-17T10:52:48.266231" level="INFO" html="true">&lt;/td&gt;&lt;/tr&gt;&lt;tr&gt;&lt;td colspan="3"&gt;&lt;a href="Screenshots/UserShiftAditi%20AHKNO_1776403368.png"&gt;&lt;img src="Screenshots/UserShiftAditi%20AHKNO_1776403368.png" width="800px"&gt;&lt;/a&gt;</msg>
<arg>${file}</arg>
<doc>Takes a screenshot of the current page and embeds it into a log file.</doc>
<status status="PASS" start="2026-04-17T10:52:48.122263" elapsed="0.144113"/>
</kw>
<kw name="Log To Console" owner="BuiltIn">
<arg>✅ Captured screenshot: ${file}</arg>
<doc>Logs the given message to the console.</doc>
<status status="PASS" start="2026-04-17T10:52:48.266657" elapsed="0.000682"/>
</kw>
<arg>UserShift${DOCTOR_NAME}</arg>
<status status="PASS" start="2026-04-17T10:52:48.118713" elapsed="0.148820"/>
</kw>
<kw name="Log To Console" owner="BuiltIn">
<arg>✅ Shift for Dr.${DOCTOR_NAME} at ${TIME} on ${DATE} found in Doctor Login</arg>
<doc>Logs the given message to the console.</doc>
<status status="PASS" start="2026-04-17T10:52:48.267829" elapsed="0.000681"/>
</kw>
<arg>${DOCTORLOGIN}</arg>
<arg>${PASSWORD}</arg>
<arg>${SERVICE_NAME}</arg>
<arg>${HOSPITAL_NAME}</arg>
<arg>${SUBSERVICE_NAME}</arg>
<arg>${YEAR}</arg>
<arg>${MONTH}</arg>
<arg>${DATE}</arg>
<arg>${DOCTOR_NAME}</arg>
<arg>${TIME}</arg>
<arg>${SHIFT-TIME}</arg>
<arg>${DUTY_TYPE_SYMBOL}</arg>
<arg>${payment_type}</arg>
<status status="PASS" start="2026-04-17T10:52:24.395684" elapsed="23.873053"/>
</kw>
<arg>USERNAME=rgarikapati</arg>
<arg>PASSWORD=E7q_35&amp;ZR]5D*iRZ</arg>
<arg>SERVICE_NAME=BeeWay</arg>
<arg>HOSPITAL_NAME=Prince of Wales Private Hospital</arg>
<arg>SUBSERVICE_NAME=Med Roster</arg>
<arg>SHIFT_DATE_CONSTANT=2026-07-22</arg>
<arg>ACTION=Add</arg>
<arg>ROLE=CMO</arg>
<arg>DEPARTMENT=</arg>
<arg>WARD=CCU</arg>
<arg>DOCTOR_NAME=Aditi AHKNO</arg>
<arg>SHIFT_NAME=A12</arg>
<arg>SHIFT_NAME_TIME=A12 - 07:00 to 19:00</arg>
<arg>DUTY_TYPE=On Site</arg>
<arg>COMMENTS=As per email from Dr {name} on {date}.</arg>
<arg>TIME=07:00-19:00</arg>
<arg>DOCTORLOGIN=akhona</arg>
<arg>STARTHOUR=</arg>
<arg>STARTMIN=</arg>
<arg>ENDHOUR=</arg>
<arg>ENDMIN=</arg>
<arg>SUBSERVICE_NAME_IN_MODPAY=Med Roster</arg>
<arg>MODPAY_DOCTOR_NAME=Aditi ahKno</arg>
<arg>USERTYPE_IN_MODPAY=All Users</arg>
<arg>PAYCYCLE_IN_MODPAY=20/07/2026-27/07/2026</arg>
<arg>DAY_DATE=Wed - 22/07/2026</arg>
<arg>SHIFT-TIME=07:00 - 19:00</arg>
<arg>DUTY_TYPE_SYMBOL=plus</arg>
<status status="PASS" start="2026-04-17T10:51:13.586296" elapsed="94.682627"/>
</kw>
<kw name="Close Application Browser" owner="BrowserKeywords" type="TEARDOWN">
<kw name="Close All Browsers" owner="SeleniumLibrary">
<doc>Closes all open browsers and resets the browser cache.</doc>
<status status="PASS" start="2026-04-17T10:52:48.270527" elapsed="2.331261"/>
</kw>
<status status="PASS" start="2026-04-17T10:52:48.269913" elapsed="2.332162"/>
</kw>
<status status="PASS" start="2026-04-17T10:51:08.814931" elapsed="101.787603"/>
</test>
<status status="PASS" start="2026-04-17T10:44:19.185970" elapsed="511.418596"/>
</suite>
<statistics>
<total>
<stat pass="5" fail="0" skip="0">All Tests</stat>
</total>
<tag>
</tag>
<suite>
<stat name="AddShiftTest" id="s1" pass="5" fail="0" skip="0">AddShiftTest</stat>
</suite>
</statistics>
<errors>
</errors>
</robot>
